[0.416s] DEBUG:colcon:Command line arguments: ['/usr/bin/colcon', 'build']
[0.417s] DEBUG:colcon:Parsed command line arguments: Namespace(log_base=None, log_level=None, verb_name='build', build_base='build', install_base='install', merge_install=False, symlink_install=False, test_result_base=None, continue_on_error=False, executor='parallel', parallel_workers=4, event_handlers=None, ignore_user_meta=False, metas=['./colcon.meta'], base_paths=['.'], packages_ignore=None, packages_ignore_regex=None, paths=None, packages_up_to=None, packages_up_to_regex=None, packages_above=None, packages_above_and_dependencies=None, packages_above_depth=None, packages_select_by_dep=None, packages_skip_by_dep=None, packages_skip_up_to=None, packages_select_build_failed=False, packages_skip_build_finished=False, packages_select_test_failures=False, packages_skip_test_passed=False, packages_select=None, packages_skip=None, packages_select_regex=None, packages_skip_regex=None, packages_start=None, packages_end=None, cmake_args=None, cmake_target=None, cmake_target_skip_unavailable=False, cmake_clean_cache=False, cmake_clean_first=False, cmake_force_configure=False, ament_cmake_args=None, catkin_cmake_args=None, catkin_skip_building_tests=False, verb_parser=<colcon_defaults.argument_parser.defaults.DefaultArgumentsDecorator object at 0xffffaa4f3380>, verb_extension=<colcon_core.verb.build.BuildVerb object at 0xffffaa40fb90>, main=<bound method BuildVerb.main of <colcon_core.verb.build.BuildVerb object at 0xffffaa40fb90>>)
[0.584s] Level 1:colcon.colcon_core.package_discovery:discover_packages(colcon_meta) check parameters
[0.585s] Level 1:colcon.colcon_core.package_discovery:discover_packages(recursive) check parameters
[0.585s] Level 1:colcon.colcon_core.package_discovery:discover_packages(ignore) check parameters
[0.585s] Level 1:colcon.colcon_core.package_discovery:discover_packages(path) check parameters
[0.585s] Level 1:colcon.colcon_core.package_discovery:discover_packages(colcon_meta) discover
[0.585s] Level 1:colcon.colcon_core.package_discovery:discover_packages(recursive) discover
[0.585s] INFO:colcon.colcon_core.package_discovery:Crawling recursively for packages in '/home/bmes-endoscope-25/temp_ws'
[0.586s] Level 1:colcon.colcon_core.package_identification:_identify(.) by extensions ['ignore', 'ignore_ament_install']
[0.586s] Level 1:colcon.colcon_core.package_identification:_identify(.) by extension 'ignore'
[0.586s] Level 1:colcon.colcon_core.package_identification:_identify(.) by extension 'ignore_ament_install'
[0.587s] Level 1:colcon.colcon_core.package_identification:_identify(.) by extensions ['colcon_pkg']
[0.587s] Level 1:colcon.colcon_core.package_identification:_identify(.) by extension 'colcon_pkg'
[0.587s] Level 1:colcon.colcon_core.package_identification:_identify(.) by extensions ['colcon_meta']
[0.587s] Level 1:colcon.colcon_core.package_identification:_identify(.) by extension 'colcon_meta'
[0.587s] Level 1:colcon.colcon_core.package_identification:_identify(.) by extensions ['ros']
[0.587s] Level 1:colcon.colcon_core.package_identification:_identify(.) by extension 'ros'
[0.689s] Level 1:colcon.colcon_core.package_identification:_identify(.) by extensions ['cmake', 'python']
[0.690s] Level 1:colcon.colcon_core.package_identification:_identify(.) by extension 'cmake'
[0.690s] Level 1:colcon.colcon_core.package_identification:_identify(.) by extension 'python'
[0.690s] Level 1:colcon.colcon_core.package_identification:_identify(.) by extensions ['python_setup_py']
[0.690s] Level 1:colcon.colcon_core.package_identification:_identify(.) by extension 'python_setup_py'
[0.691s] Level 1:colcon.colcon_core.package_identification:_identify(build) by extensions ['ignore', 'ignore_ament_install']
[0.691s] Level 1:colcon.colcon_core.package_identification:_identify(build) by extension 'ignore'
[0.691s] Level 1:colcon.colcon_core.package_identification:_identify(build) ignored
[0.692s] Level 1:colcon.colcon_core.package_identification:_identify(install) by extensions ['ignore', 'ignore_ament_install']
[0.692s] Level 1:colcon.colcon_core.package_identification:_identify(install) by extension 'ignore'
[0.692s] Level 1:colcon.colcon_core.package_identification:_identify(install) ignored
[0.693s] Level 1:colcon.colcon_core.package_identification:_identify(log) by extensions ['ignore', 'ignore_ament_install']
[0.693s] Level 1:colcon.colcon_core.package_identification:_identify(log) by extension 'ignore'
[0.693s] Level 1:colcon.colcon_core.package_identification:_identify(log) ignored
[0.693s] Level 1:colcon.colcon_core.package_identification:_identify(src) by extensions ['ignore', 'ignore_ament_install']
[0.694s] Level 1:colcon.colcon_core.package_identification:_identify(src) by extension 'ignore'
[0.694s] Level 1:colcon.colcon_core.package_identification:_identify(src) by extension 'ignore_ament_install'
[0.694s] Level 1:colcon.colcon_core.package_identification:_identify(src) by extensions ['colcon_pkg']
[0.694s] Level 1:colcon.colcon_core.package_identification:_identify(src) by extension 'colcon_pkg'
[0.694s] Level 1:colcon.colcon_core.package_identification:_identify(src) by extensions ['colcon_meta']
[0.695s] Level 1:colcon.colcon_core.package_identification:_identify(src) by extension 'colcon_meta'
[0.695s] Level 1:colcon.colcon_core.package_identification:_identify(src) by extensions ['ros']
[0.695s] Level 1:colcon.colcon_core.package_identification:_identify(src) by extension 'ros'
[0.695s] Level 1:colcon.colcon_core.package_identification:_identify(src) by extensions ['cmake', 'python']
[0.695s] Level 1:colcon.colcon_core.package_identification:_identify(src) by extension 'cmake'
[0.695s] Level 1:colcon.colcon_core.package_identification:_identify(src) by extension 'python'
[0.696s] Level 1:colcon.colcon_core.package_identification:_identify(src) by extensions ['python_setup_py']
[0.696s] Level 1:colcon.colcon_core.package_identification:_identify(src) by extension 'python_setup_py'
[0.696s] Level 1:colcon.colcon_core.package_identification:_identify(src/mprls_imu_node) by extensions ['ignore', 'ignore_ament_install']
[0.696s] Level 1:colcon.colcon_core.package_identification:_identify(src/mprls_imu_node) by extension 'ignore'
[0.696s] Level 1:colcon.colcon_core.package_identification:_identify(src/mprls_imu_node) by extension 'ignore_ament_install'
[0.697s] Level 1:colcon.colcon_core.package_identification:_identify(src/mprls_imu_node) by extensions ['colcon_pkg']
[0.697s] Level 1:colcon.colcon_core.package_identification:_identify(src/mprls_imu_node) by extension 'colcon_pkg'
[0.697s] Level 1:colcon.colcon_core.package_identification:_identify(src/mprls_imu_node) by extensions ['colcon_meta']
[0.697s] Level 1:colcon.colcon_core.package_identification:_identify(src/mprls_imu_node) by extension 'colcon_meta'
[0.697s] Level 1:colcon.colcon_core.package_identification:_identify(src/mprls_imu_node) by extensions ['ros']
[0.697s] Level 1:colcon.colcon_core.package_identification:_identify(src/mprls_imu_node) by extension 'ros'
[0.706s] DEBUG:colcon.colcon_core.package_identification:Package 'src/mprls_imu_node' with type 'ros.ament_cmake' and name 'mprls_imu_node'
[0.706s] Level 1:colcon.colcon_core.package_discovery:discover_packages(recursive) using defaults
[0.706s] Level 1:colcon.colcon_core.package_discovery:discover_packages(ignore) discover
[0.706s] Level 1:colcon.colcon_core.package_discovery:discover_packages(ignore) using defaults
[0.707s] Level 1:colcon.colcon_core.package_discovery:discover_packages(path) discover
[0.707s] Level 1:colcon.colcon_core.package_discovery:discover_packages(path) using defaults
[0.779s] Level 5:colcon.colcon_core.verb:set package 'mprls_imu_node' build argument 'cmake_args' from command line to 'None'
[0.779s] Level 5:colcon.colcon_core.verb:set package 'mprls_imu_node' build argument 'cmake_target' from command line to 'None'
[0.779s] Level 5:colcon.colcon_core.verb:set package 'mprls_imu_node' build argument 'cmake_target_skip_unavailable' from command line to 'False'
[0.780s] Level 5:colcon.colcon_core.verb:set package 'mprls_imu_node' build argument 'cmake_clean_cache' from command line to 'False'
[0.780s] Level 5:colcon.colcon_core.verb:set package 'mprls_imu_node' build argument 'cmake_clean_first' from command line to 'False'
[0.780s] Level 5:colcon.colcon_core.verb:set package 'mprls_imu_node' build argument 'cmake_force_configure' from command line to 'False'
[0.780s] Level 5:colcon.colcon_core.verb:set package 'mprls_imu_node' build argument 'ament_cmake_args' from command line to 'None'
[0.780s] Level 5:colcon.colcon_core.verb:set package 'mprls_imu_node' build argument 'catkin_cmake_args' from command line to 'None'
[0.780s] Level 5:colcon.colcon_core.verb:set package 'mprls_imu_node' build argument 'catkin_skip_building_tests' from command line to 'False'
[0.780s] DEBUG:colcon.colcon_core.verb:Building package 'mprls_imu_node' with the following arguments: {'ament_cmake_args': None, 'build_base': '/home/bmes-endoscope-25/temp_ws/build/mprls_imu_node', 'catkin_cmake_args': None, 'catkin_skip_building_tests': False, 'cmake_args': None, 'cmake_clean_cache': False, 'cmake_clean_first': False, 'cmake_force_configure': False, 'cmake_target': None, 'cmake_target_skip_unavailable': False, 'install_base': '/home/bmes-endoscope-25/temp_ws/install/mprls_imu_node', 'merge_install': False, 'path': '/home/bmes-endoscope-25/temp_ws/src/mprls_imu_node', 'symlink_install': False, 'test_result_base': None}
[0.781s] INFO:colcon.colcon_core.executor:Executing jobs using 'parallel' executor
[0.784s] DEBUG:colcon.colcon_parallel_executor.executor.parallel:run_until_complete
[0.785s] INFO:colcon.colcon_ros.task.ament_cmake.build:Building ROS package in '/home/bmes-endoscope-25/temp_ws/src/mprls_imu_node' with build type 'ament_cmake'
[0.786s] INFO:colcon.colcon_cmake.task.cmake.build:Building CMake package in '/home/bmes-endoscope-25/temp_ws/src/mprls_imu_node'
[0.800s] INFO:colcon.colcon_core.plugin_system:Skipping extension 'colcon_core.shell.bat': Not used on non-Windows systems
[0.801s] DEBUG:colcon.colcon_core.shell:Skip shell extension 'dsv' for command environment
[0.857s] DEBUG:colcon.colcon_core.event_handler.log_command:Invoking command in '/home/bmes-endoscope-25/temp_ws/build/mprls_imu_node': CMAKE_PREFIX_PATH=${CMAKE_PREFIX_PATH}:/opt/ros/jazzy DEBUGINFOD_URLS=https://debuginfod.ubuntu.com /usr/bin/cmake --build /home/bmes-endoscope-25/temp_ws/build/mprls_imu_node -- -j4 -l4
[27.250s] DEBUG:colcon.colcon_core.event_handler.log_command:Invoked command in '/home/bmes-endoscope-25/temp_ws/build/mprls_imu_node' returned '0': CMAKE_PREFIX_PATH=${CMAKE_PREFIX_PATH}:/opt/ros/jazzy DEBUGINFOD_URLS=https://debuginfod.ubuntu.com /usr/bin/cmake --build /home/bmes-endoscope-25/temp_ws/build/mprls_imu_node -- -j4 -l4
[27.302s] DEBUG:colcon.colcon_core.event_handler.log_command:Invoking command in '/home/bmes-endoscope-25/temp_ws/build/mprls_imu_node': CMAKE_PREFIX_PATH=${CMAKE_PREFIX_PATH}:/opt/ros/jazzy DEBUGINFOD_URLS=https://debuginfod.ubuntu.com /usr/bin/cmake --install /home/bmes-endoscope-25/temp_ws/build/mprls_imu_node
[27.647s] Level 1:colcon.colcon_core.environment:create_environment_scripts_only(mprls_imu_node)
[27.648s] DEBUG:colcon.colcon_core.event_handler.log_command:Invoked command in '/home/bmes-endoscope-25/temp_ws/build/mprls_imu_node' returned '0': CMAKE_PREFIX_PATH=${CMAKE_PREFIX_PATH}:/opt/ros/jazzy DEBUGINFOD_URLS=https://debuginfod.ubuntu.com /usr/bin/cmake --install /home/bmes-endoscope-25/temp_ws/build/mprls_imu_node
[27.659s] Level 1:colcon.colcon_core.environment:checking '/home/bmes-endoscope-25/temp_ws/install/mprls_imu_node' for CMake module files
[27.664s] Level 1:colcon.colcon_core.environment:checking '/home/bmes-endoscope-25/temp_ws/install/mprls_imu_node' for CMake config files
[27.667s] Level 1:colcon.colcon_core.shell:create_environment_hook('mprls_imu_node', 'cmake_prefix_path')
[27.668s] INFO:colcon.colcon_core.shell:Creating environment descriptor '/home/bmes-endoscope-25/temp_ws/install/mprls_imu_node/share/mprls_imu_node/hook/cmake_prefix_path.dsv'
[27.670s] INFO:colcon.colcon_core.shell:Creating environment hook '/home/bmes-endoscope-25/temp_ws/install/mprls_imu_node/share/mprls_imu_node/hook/cmake_prefix_path.sh'
[27.673s] Level 1:colcon.colcon_core.environment:checking '/home/bmes-endoscope-25/temp_ws/install/mprls_imu_node/lib'
[27.674s] Level 1:colcon.colcon_core.shell:create_environment_hook('mprls_imu_node', 'ld_library_path_lib')
[27.674s] INFO:colcon.colcon_core.shell:Creating environment descriptor '/home/bmes-endoscope-25/temp_ws/install/mprls_imu_node/share/mprls_imu_node/hook/ld_library_path_lib.dsv'
[27.676s] INFO:colcon.colcon_core.shell:Creating environment hook '/home/bmes-endoscope-25/temp_ws/install/mprls_imu_node/share/mprls_imu_node/hook/ld_library_path_lib.sh'
[27.678s] Level 1:colcon.colcon_core.environment:checking '/home/bmes-endoscope-25/temp_ws/install/mprls_imu_node/bin'
[27.678s] Level 1:colcon.colcon_core.environment:checking '/home/bmes-endoscope-25/temp_ws/install/mprls_imu_node/lib/pkgconfig/mprls_imu_node.pc'
[27.686s] Level 1:colcon.colcon_core.environment:checking '/home/bmes-endoscope-25/temp_ws/install/mprls_imu_node/lib/python3.12/site-packages'
[27.687s] Level 1:colcon.colcon_core.shell:create_environment_hook('mprls_imu_node', 'pythonpath')
[27.688s] INFO:colcon.colcon_core.shell:Creating environment descriptor '/home/bmes-endoscope-25/temp_ws/install/mprls_imu_node/share/mprls_imu_node/hook/pythonpath.dsv'
[27.689s] INFO:colcon.colcon_core.shell:Creating environment hook '/home/bmes-endoscope-25/temp_ws/install/mprls_imu_node/share/mprls_imu_node/hook/pythonpath.sh'
[27.692s] Level 1:colcon.colcon_core.environment:checking '/home/bmes-endoscope-25/temp_ws/install/mprls_imu_node/bin'
[27.693s] INFO:colcon.colcon_core.shell:Creating package descriptor '/home/bmes-endoscope-25/temp_ws/install/mprls_imu_node/share/mprls_imu_node/package.dsv'
[27.696s] INFO:colcon.colcon_core.shell:Creating package script '/home/bmes-endoscope-25/temp_ws/install/mprls_imu_node/share/mprls_imu_node/package.sh'
[27.699s] INFO:colcon.colcon_core.shell:Creating package script '/home/bmes-endoscope-25/temp_ws/install/mprls_imu_node/share/mprls_imu_node/package.bash'
[27.701s] INFO:colcon.colcon_core.shell:Creating package script '/home/bmes-endoscope-25/temp_ws/install/mprls_imu_node/share/mprls_imu_node/package.zsh'
[27.704s] Level 1:colcon.colcon_core.environment:create_file_with_runtime_dependencies(/home/bmes-endoscope-25/temp_ws/install/mprls_imu_node/share/colcon-core/packages/mprls_imu_node)
[27.708s] Level 1:colcon.colcon_core.environment:create_environment_scripts_only(mprls_imu_node)
[27.708s] Level 1:colcon.colcon_core.environment:checking '/home/bmes-endoscope-25/temp_ws/install/mprls_imu_node' for CMake module files
[27.715s] Level 1:colcon.colcon_core.environment:checking '/home/bmes-endoscope-25/temp_ws/install/mprls_imu_node' for CMake config files
[27.720s] Level 1:colcon.colcon_core.shell:create_environment_hook('mprls_imu_node', 'cmake_prefix_path')
[27.721s] INFO:colcon.colcon_core.shell:Creating environment descriptor '/home/bmes-endoscope-25/temp_ws/install/mprls_imu_node/share/mprls_imu_node/hook/cmake_prefix_path.dsv'
[27.722s] INFO:colcon.colcon_core.shell:Creating environment hook '/home/bmes-endoscope-25/temp_ws/install/mprls_imu_node/share/mprls_imu_node/hook/cmake_prefix_path.sh'
[27.725s] Level 1:colcon.colcon_core.environment:checking '/home/bmes-endoscope-25/temp_ws/install/mprls_imu_node/lib'
[27.725s] Level 1:colcon.colcon_core.shell:create_environment_hook('mprls_imu_node', 'ld_library_path_lib')
[27.726s] INFO:colcon.colcon_core.shell:Creating environment descriptor '/home/bmes-endoscope-25/temp_ws/install/mprls_imu_node/share/mprls_imu_node/hook/ld_library_path_lib.dsv'
[27.728s] INFO:colcon.colcon_core.shell:Creating environment hook '/home/bmes-endoscope-25/temp_ws/install/mprls_imu_node/share/mprls_imu_node/hook/ld_library_path_lib.sh'
[27.732s] Level 1:colcon.colcon_core.environment:checking '/home/bmes-endoscope-25/temp_ws/install/mprls_imu_node/bin'
[27.732s] Level 1:colcon.colcon_core.environment:checking '/home/bmes-endoscope-25/temp_ws/install/mprls_imu_node/lib/pkgconfig/mprls_imu_node.pc'
[27.733s] Level 1:colcon.colcon_core.environment:checking '/home/bmes-endoscope-25/temp_ws/install/mprls_imu_node/lib/python3.12/site-packages'
[27.734s] Level 1:colcon.colcon_core.shell:create_environment_hook('mprls_imu_node', 'pythonpath')
[27.734s] INFO:colcon.colcon_core.shell:Creating environment descriptor '/home/bmes-endoscope-25/temp_ws/install/mprls_imu_node/share/mprls_imu_node/hook/pythonpath.dsv'
[27.736s] INFO:colcon.colcon_core.shell:Creating environment hook '/home/bmes-endoscope-25/temp_ws/install/mprls_imu_node/share/mprls_imu_node/hook/pythonpath.sh'
[27.739s] Level 1:colcon.colcon_core.environment:checking '/home/bmes-endoscope-25/temp_ws/install/mprls_imu_node/bin'
[27.740s] INFO:colcon.colcon_core.shell:Creating package descriptor '/home/bmes-endoscope-25/temp_ws/install/mprls_imu_node/share/mprls_imu_node/package.dsv'
[27.743s] INFO:colcon.colcon_core.shell:Creating package script '/home/bmes-endoscope-25/temp_ws/install/mprls_imu_node/share/mprls_imu_node/package.sh'
[27.745s] INFO:colcon.colcon_core.shell:Creating package script '/home/bmes-endoscope-25/temp_ws/install/mprls_imu_node/share/mprls_imu_node/package.bash'
[27.747s] INFO:colcon.colcon_core.shell:Creating package script '/home/bmes-endoscope-25/temp_ws/install/mprls_imu_node/share/mprls_imu_node/package.zsh'
[27.749s] Level 1:colcon.colcon_core.environment:create_file_with_runtime_dependencies(/home/bmes-endoscope-25/temp_ws/install/mprls_imu_node/share/colcon-core/packages/mprls_imu_node)
[27.750s] DEBUG:colcon.colcon_parallel_executor.executor.parallel:closing loop
[27.752s] DEBUG:colcon.colcon_parallel_executor.executor.parallel:loop closed
[27.752s] DEBUG:colcon.colcon_parallel_executor.executor.parallel:run_until_complete finished with '0'
[27.753s] DEBUG:colcon.colcon_core.event_reactor:joining thread
[27.786s] INFO:colcon.colcon_core.plugin_system:Skipping extension 'colcon_notification.desktop_notification.terminal_notifier': Not used on non-Darwin systems
[27.787s] INFO:colcon.colcon_core.plugin_system:Skipping extension 'colcon_notification.desktop_notification.win32': Not used on non-Windows systems
[27.787s] INFO:colcon.colcon_notification.desktop_notification:Sending desktop notification using 'notify2'
[27.854s] DEBUG:colcon.colcon_core.event_reactor:joined thread
[27.855s] INFO:colcon.colcon_core.shell:Creating prefix script '/home/bmes-endoscope-25/temp_ws/install/local_setup.sh'
[27.858s] INFO:colcon.colcon_core.shell:Creating prefix util module '/home/bmes-endoscope-25/temp_ws/install/_local_setup_util_sh.py'
[27.864s] INFO:colcon.colcon_core.shell:Creating prefix chain script '/home/bmes-endoscope-25/temp_ws/install/setup.sh'
[27.870s] INFO:colcon.colcon_core.shell:Creating prefix script '/home/bmes-endoscope-25/temp_ws/install/local_setup.bash'
[27.875s] INFO:colcon.colcon_core.shell:Creating prefix chain script '/home/bmes-endoscope-25/temp_ws/install/setup.bash'
[27.879s] INFO:colcon.colcon_core.shell:Creating prefix script '/home/bmes-endoscope-25/temp_ws/install/local_setup.zsh'
[27.882s] INFO:colcon.colcon_core.shell:Creating prefix chain script '/home/bmes-endoscope-25/temp_ws/install/setup.zsh'
