[0.675s] DEBUG:colcon:Command line arguments: ['/usr/bin/colcon', 'build']
[0.675s] DEBUG:colcon:Parsed command line arguments: Namespace(log_base=None, log_level=None, verb_name='build', build_base='build', install_base='install', merge_install=False, symlink_install=False, test_result_base=None, continue_on_error=False, executor='parallel', parallel_workers=4, event_handlers=None, ignore_user_meta=False, metas=['./colcon.meta'], base_paths=['.'], packages_ignore=None, packages_ignore_regex=None, paths=None, packages_up_to=None, packages_up_to_regex=None, packages_above=None, packages_above_and_dependencies=None, packages_above_depth=None, packages_select_by_dep=None, packages_skip_by_dep=None, packages_skip_up_to=None, packages_select_build_failed=False, packages_skip_build_finished=False, packages_select_test_failures=False, packages_skip_test_passed=False, packages_select=None, packages_skip=None, packages_select_regex=None, packages_skip_regex=None, packages_start=None, packages_end=None, cmake_args=None, cmake_target=None, cmake_target_skip_unavailable=False, cmake_clean_cache=False, cmake_clean_first=False, cmake_force_configure=False, ament_cmake_args=None, catkin_cmake_args=None, catkin_skip_building_tests=False, verb_parser=<colcon_defaults.argument_parser.defaults.DefaultArgumentsDecorator object at 0xffffa8e6b650>, verb_extension=<colcon_core.verb.build.BuildVerb object at 0xffffa8d8b6b0>, main=<bound method BuildVerb.main of <colcon_core.verb.build.BuildVerb object at 0xffffa8d8b6b0>>)
[0.969s] Level 1:colcon.colcon_core.package_discovery:discover_packages(colcon_meta) check parameters
[0.969s] Level 1:colcon.colcon_core.package_discovery:discover_packages(recursive) check parameters
[0.969s] Level 1:colcon.colcon_core.package_discovery:discover_packages(ignore) check parameters
[0.970s] Level 1:colcon.colcon_core.package_discovery:discover_packages(path) check parameters
[0.970s] Level 1:colcon.colcon_core.package_discovery:discover_packages(colcon_meta) discover
[0.970s] Level 1:colcon.colcon_core.package_discovery:discover_packages(recursive) discover
[0.970s] INFO:colcon.colcon_core.package_discovery:Crawling recursively for packages in '/home/bmes-endoscope-25/temp_ws'
[0.971s] Level 1:colcon.colcon_core.package_identification:_identify(.) by extensions ['ignore', 'ignore_ament_install']
[0.971s] Level 1:colcon.colcon_core.package_identification:_identify(.) by extension 'ignore'
[0.971s] Level 1:colcon.colcon_core.package_identification:_identify(.) by extension 'ignore_ament_install'
[0.972s] Level 1:colcon.colcon_core.package_identification:_identify(.) by extensions ['colcon_pkg']
[0.972s] Level 1:colcon.colcon_core.package_identification:_identify(.) by extension 'colcon_pkg'
[0.972s] Level 1:colcon.colcon_core.package_identification:_identify(.) by extensions ['colcon_meta']
[0.972s] Level 1:colcon.colcon_core.package_identification:_identify(.) by extension 'colcon_meta'
[0.972s] Level 1:colcon.colcon_core.package_identification:_identify(.) by extensions ['ros']
[0.972s] Level 1:colcon.colcon_core.package_identification:_identify(.) by extension 'ros'
[1.118s] Level 1:colcon.colcon_core.package_identification:_identify(.) by extensions ['cmake', 'python']
[1.118s] Level 1:colcon.colcon_core.package_identification:_identify(.) by extension 'cmake'
[1.119s] Level 1:colcon.colcon_core.package_identification:_identify(.) by extension 'python'
[1.122s] Level 1:colcon.colcon_core.package_identification:_identify(.) by extensions ['python_setup_py']
[1.122s] Level 1:colcon.colcon_core.package_identification:_identify(.) by extension 'python_setup_py'
[1.122s] Level 1:colcon.colcon_core.package_identification:_identify(build) by extensions ['ignore', 'ignore_ament_install']
[1.123s] Level 1:colcon.colcon_core.package_identification:_identify(build) by extension 'ignore'
[1.123s] Level 1:colcon.colcon_core.package_identification:_identify(build) ignored
[1.123s] Level 1:colcon.colcon_core.package_identification:_identify(install) by extensions ['ignore', 'ignore_ament_install']
[1.124s] Level 1:colcon.colcon_core.package_identification:_identify(install) by extension 'ignore'
[1.124s] Level 1:colcon.colcon_core.package_identification:_identify(install) ignored
[1.125s] Level 1:colcon.colcon_core.package_identification:_identify(log) by extensions ['ignore', 'ignore_ament_install']
[1.125s] Level 1:colcon.colcon_core.package_identification:_identify(log) by extension 'ignore'
[1.125s] Level 1:colcon.colcon_core.package_identification:_identify(log) ignored
[1.125s] Level 1:colcon.colcon_core.package_identification:_identify(src) by extensions ['ignore', 'ignore_ament_install']
[1.126s] Level 1:colcon.colcon_core.package_identification:_identify(src) by extension 'ignore'
[1.126s] Level 1:colcon.colcon_core.package_identification:_identify(src) by extension 'ignore_ament_install'
[1.126s] Level 1:colcon.colcon_core.package_identification:_identify(src) by extensions ['colcon_pkg']
[1.126s] Level 1:colcon.colcon_core.package_identification:_identify(src) by extension 'colcon_pkg'
[1.126s] Level 1:colcon.colcon_core.package_identification:_identify(src) by extensions ['colcon_meta']
[1.126s] Level 1:colcon.colcon_core.package_identification:_identify(src) by extension 'colcon_meta'
[1.127s] Level 1:colcon.colcon_core.package_identification:_identify(src) by extensions ['ros']
[1.127s] Level 1:colcon.colcon_core.package_identification:_identify(src) by extension 'ros'
[1.127s] Level 1:colcon.colcon_core.package_identification:_identify(src) by extensions ['cmake', 'python']
[1.127s] Level 1:colcon.colcon_core.package_identification:_identify(src) by extension 'cmake'
[1.127s] Level 1:colcon.colcon_core.package_identification:_identify(src) by extension 'python'
[1.128s] Level 1:colcon.colcon_core.package_identification:_identify(src) by extensions ['python_setup_py']
[1.128s] Level 1:colcon.colcon_core.package_identification:_identify(src) by extension 'python_setup_py'
[1.128s] Level 1:colcon.colcon_core.package_identification:_identify(src/mprls_imu_node) by extensions ['ignore', 'ignore_ament_install']
[1.128s] Level 1:colcon.colcon_core.package_identification:_identify(src/mprls_imu_node) by extension 'ignore'
[1.129s] Level 1:colcon.colcon_core.package_identification:_identify(src/mprls_imu_node) by extension 'ignore_ament_install'
[1.129s] Level 1:colcon.colcon_core.package_identification:_identify(src/mprls_imu_node) by extensions ['colcon_pkg']
[1.129s] Level 1:colcon.colcon_core.package_identification:_identify(src/mprls_imu_node) by extension 'colcon_pkg'
[1.129s] Level 1:colcon.colcon_core.package_identification:_identify(src/mprls_imu_node) by extensions ['colcon_meta']
[1.129s] Level 1:colcon.colcon_core.package_identification:_identify(src/mprls_imu_node) by extension 'colcon_meta'
[1.130s] Level 1:colcon.colcon_core.package_identification:_identify(src/mprls_imu_node) by extensions ['ros']
[1.130s] Level 1:colcon.colcon_core.package_identification:_identify(src/mprls_imu_node) by extension 'ros'
[1.144s] DEBUG:colcon.colcon_core.package_identification:Package 'src/mprls_imu_node' with type 'ros.ament_cmake' and name 'mprls_imu_node'
[1.144s] Level 1:colcon.colcon_core.package_discovery:discover_packages(recursive) using defaults
[1.145s] Level 1:colcon.colcon_core.package_discovery:discover_packages(ignore) discover
[1.145s] Level 1:colcon.colcon_core.package_discovery:discover_packages(ignore) using defaults
[1.145s] Level 1:colcon.colcon_core.package_discovery:discover_packages(path) discover
[1.145s] Level 1:colcon.colcon_core.package_discovery:discover_packages(path) using defaults
[1.255s] Level 5:colcon.colcon_core.verb:set package 'mprls_imu_node' build argument 'cmake_args' from command line to 'None'
[1.255s] Level 5:colcon.colcon_core.verb:set package 'mprls_imu_node' build argument 'cmake_target' from command line to 'None'
[1.255s] Level 5:colcon.colcon_core.verb:set package 'mprls_imu_node' build argument 'cmake_target_skip_unavailable' from command line to 'False'
[1.255s] Level 5:colcon.colcon_core.verb:set package 'mprls_imu_node' build argument 'cmake_clean_cache' from command line to 'False'
[1.255s] Level 5:colcon.colcon_core.verb:set package 'mprls_imu_node' build argument 'cmake_clean_first' from command line to 'False'
[1.255s] Level 5:colcon.colcon_core.verb:set package 'mprls_imu_node' build argument 'cmake_force_configure' from command line to 'False'
[1.255s] Level 5:colcon.colcon_core.verb:set package 'mprls_imu_node' build argument 'ament_cmake_args' from command line to 'None'
[1.256s] Level 5:colcon.colcon_core.verb:set package 'mprls_imu_node' build argument 'catkin_cmake_args' from command line to 'None'
[1.256s] Level 5:colcon.colcon_core.verb:set package 'mprls_imu_node' build argument 'catkin_skip_building_tests' from command line to 'False'
[1.256s] DEBUG:colcon.colcon_core.verb:Building package 'mprls_imu_node' with the following arguments: {'ament_cmake_args': None, 'build_base': '/home/bmes-endoscope-25/temp_ws/build/mprls_imu_node', 'catkin_cmake_args': None, 'catkin_skip_building_tests': False, 'cmake_args': None, 'cmake_clean_cache': False, 'cmake_clean_first': False, 'cmake_force_configure': False, 'cmake_target': None, 'cmake_target_skip_unavailable': False, 'install_base': '/home/bmes-endoscope-25/temp_ws/install/mprls_imu_node', 'merge_install': False, 'path': '/home/bmes-endoscope-25/temp_ws/src/mprls_imu_node', 'symlink_install': False, 'test_result_base': None}
[1.256s] INFO:colcon.colcon_core.executor:Executing jobs using 'parallel' executor
[1.260s] DEBUG:colcon.colcon_parallel_executor.executor.parallel:run_until_complete
[1.261s] INFO:colcon.colcon_ros.task.ament_cmake.build:Building ROS package in '/home/bmes-endoscope-25/temp_ws/src/mprls_imu_node' with build type 'ament_cmake'
[1.262s] INFO:colcon.colcon_cmake.task.cmake.build:Building CMake package in '/home/bmes-endoscope-25/temp_ws/src/mprls_imu_node'
[1.300s] INFO:colcon.colcon_core.plugin_system:Skipping extension 'colcon_core.shell.bat': Not used on non-Windows systems
[1.301s] DEBUG:colcon.colcon_core.shell:Skip shell extension 'dsv' for command environment
[1.364s] DEBUG:colcon.colcon_core.event_handler.log_command:Invoking command in '/home/bmes-endoscope-25/temp_ws/build/mprls_imu_node': CMAKE_PREFIX_PATH=${CMAKE_PREFIX_PATH}:/opt/ros/jazzy DEBUGINFOD_URLS=https://debuginfod.ubuntu.com /usr/bin/cmake --build /home/bmes-endoscope-25/temp_ws/build/mprls_imu_node -- -j4 -l4
[14.775s] DEBUG:colcon.colcon_core.event_handler.log_command:Invoked command in '/home/bmes-endoscope-25/temp_ws/build/mprls_imu_node' returned '0': CMAKE_PREFIX_PATH=${CMAKE_PREFIX_PATH}:/opt/ros/jazzy DEBUGINFOD_URLS=https://debuginfod.ubuntu.com /usr/bin/cmake --build /home/bmes-endoscope-25/temp_ws/build/mprls_imu_node -- -j4 -l4
[14.834s] DEBUG:colcon.colcon_core.event_handler.log_command:Invoking command in '/home/bmes-endoscope-25/temp_ws/build/mprls_imu_node': CMAKE_PREFIX_PATH=${CMAKE_PREFIX_PATH}:/opt/ros/jazzy DEBUGINFOD_URLS=https://debuginfod.ubuntu.com /usr/bin/cmake --install /home/bmes-endoscope-25/temp_ws/build/mprls_imu_node
[15.268s] Level 1:colcon.colcon_core.environment:create_environment_scripts_only(mprls_imu_node)
[15.270s] DEBUG:colcon.colcon_core.event_handler.log_command:Invoked command in '/home/bmes-endoscope-25/temp_ws/build/mprls_imu_node' returned '0': CMAKE_PREFIX_PATH=${CMAKE_PREFIX_PATH}:/opt/ros/jazzy DEBUGINFOD_URLS=https://debuginfod.ubuntu.com /usr/bin/cmake --install /home/bmes-endoscope-25/temp_ws/build/mprls_imu_node
[15.296s] Level 1:colcon.colcon_core.environment:checking '/home/bmes-endoscope-25/temp_ws/install/mprls_imu_node' for CMake module files
[15.303s] Level 1:colcon.colcon_core.environment:checking '/home/bmes-endoscope-25/temp_ws/install/mprls_imu_node' for CMake config files
[15.309s] Level 1:colcon.colcon_core.shell:create_environment_hook('mprls_imu_node', 'cmake_prefix_path')
[15.310s] INFO:colcon.colcon_core.shell:Creating environment descriptor '/home/bmes-endoscope-25/temp_ws/install/mprls_imu_node/share/mprls_imu_node/hook/cmake_prefix_path.dsv'
[15.315s] INFO:colcon.colcon_core.shell:Creating environment hook '/home/bmes-endoscope-25/temp_ws/install/mprls_imu_node/share/mprls_imu_node/hook/cmake_prefix_path.sh'
[15.319s] Level 1:colcon.colcon_core.environment:checking '/home/bmes-endoscope-25/temp_ws/install/mprls_imu_node/lib'
[15.320s] Level 1:colcon.colcon_core.shell:create_environment_hook('mprls_imu_node', 'ld_library_path_lib')
[15.321s] INFO:colcon.colcon_core.shell:Creating environment descriptor '/home/bmes-endoscope-25/temp_ws/install/mprls_imu_node/share/mprls_imu_node/hook/ld_library_path_lib.dsv'
[15.322s] INFO:colcon.colcon_core.shell:Creating environment hook '/home/bmes-endoscope-25/temp_ws/install/mprls_imu_node/share/mprls_imu_node/hook/ld_library_path_lib.sh'
[15.324s] Level 1:colcon.colcon_core.environment:checking '/home/bmes-endoscope-25/temp_ws/install/mprls_imu_node/bin'
[15.325s] Level 1:colcon.colcon_core.environment:checking '/home/bmes-endoscope-25/temp_ws/install/mprls_imu_node/lib/pkgconfig/mprls_imu_node.pc'
[15.336s] Level 1:colcon.colcon_core.environment:checking '/home/bmes-endoscope-25/temp_ws/install/mprls_imu_node/lib/python3.12/site-packages'
[15.336s] Level 1:colcon.colcon_core.shell:create_environment_hook('mprls_imu_node', 'pythonpath')
[15.337s] INFO:colcon.colcon_core.shell:Creating environment descriptor '/home/bmes-endoscope-25/temp_ws/install/mprls_imu_node/share/mprls_imu_node/hook/pythonpath.dsv'
[15.339s] INFO:colcon.colcon_core.shell:Creating environment hook '/home/bmes-endoscope-25/temp_ws/install/mprls_imu_node/share/mprls_imu_node/hook/pythonpath.sh'
[15.342s] Level 1:colcon.colcon_core.environment:checking '/home/bmes-endoscope-25/temp_ws/install/mprls_imu_node/bin'
[15.343s] INFO:colcon.colcon_core.shell:Creating package descriptor '/home/bmes-endoscope-25/temp_ws/install/mprls_imu_node/share/mprls_imu_node/package.dsv'
[15.346s] INFO:colcon.colcon_core.shell:Creating package script '/home/bmes-endoscope-25/temp_ws/install/mprls_imu_node/share/mprls_imu_node/package.sh'
[15.350s] INFO:colcon.colcon_core.shell:Creating package script '/home/bmes-endoscope-25/temp_ws/install/mprls_imu_node/share/mprls_imu_node/package.bash'
[15.353s] INFO:colcon.colcon_core.shell:Creating package script '/home/bmes-endoscope-25/temp_ws/install/mprls_imu_node/share/mprls_imu_node/package.zsh'
[15.357s] Level 1:colcon.colcon_core.environment:create_file_with_runtime_dependencies(/home/bmes-endoscope-25/temp_ws/install/mprls_imu_node/share/colcon-core/packages/mprls_imu_node)
[15.360s] Level 1:colcon.colcon_core.environment:create_environment_scripts_only(mprls_imu_node)
[15.361s] Level 1:colcon.colcon_core.environment:checking '/home/bmes-endoscope-25/temp_ws/install/mprls_imu_node' for CMake module files
[15.365s] Level 1:colcon.colcon_core.environment:checking '/home/bmes-endoscope-25/temp_ws/install/mprls_imu_node' for CMake config files
[15.368s] Level 1:colcon.colcon_core.shell:create_environment_hook('mprls_imu_node', 'cmake_prefix_path')
[15.369s] INFO:colcon.colcon_core.shell:Creating environment descriptor '/home/bmes-endoscope-25/temp_ws/install/mprls_imu_node/share/mprls_imu_node/hook/cmake_prefix_path.dsv'
[15.371s] INFO:colcon.colcon_core.shell:Creating environment hook '/home/bmes-endoscope-25/temp_ws/install/mprls_imu_node/share/mprls_imu_node/hook/cmake_prefix_path.sh'
[15.374s] Level 1:colcon.colcon_core.environment:checking '/home/bmes-endoscope-25/temp_ws/install/mprls_imu_node/lib'
[15.374s] Level 1:colcon.colcon_core.shell:create_environment_hook('mprls_imu_node', 'ld_library_path_lib')
[15.375s] INFO:colcon.colcon_core.shell:Creating environment descriptor '/home/bmes-endoscope-25/temp_ws/install/mprls_imu_node/share/mprls_imu_node/hook/ld_library_path_lib.dsv'
[15.376s] INFO:colcon.colcon_core.shell:Creating environment hook '/home/bmes-endoscope-25/temp_ws/install/mprls_imu_node/share/mprls_imu_node/hook/ld_library_path_lib.sh'
[15.378s] Level 1:colcon.colcon_core.environment:checking '/home/bmes-endoscope-25/temp_ws/install/mprls_imu_node/bin'
[15.378s] Level 1:colcon.colcon_core.environment:checking '/home/bmes-endoscope-25/temp_ws/install/mprls_imu_node/lib/pkgconfig/mprls_imu_node.pc'
[15.379s] Level 1:colcon.colcon_core.environment:checking '/home/bmes-endoscope-25/temp_ws/install/mprls_imu_node/lib/python3.12/site-packages'
[15.380s] Level 1:colcon.colcon_core.shell:create_environment_hook('mprls_imu_node', 'pythonpath')
[15.380s] INFO:colcon.colcon_core.shell:Creating environment descriptor '/home/bmes-endoscope-25/temp_ws/install/mprls_imu_node/share/mprls_imu_node/hook/pythonpath.dsv'
[15.382s] INFO:colcon.colcon_core.shell:Creating environment hook '/home/bmes-endoscope-25/temp_ws/install/mprls_imu_node/share/mprls_imu_node/hook/pythonpath.sh'
[15.384s] Level 1:colcon.colcon_core.environment:checking '/home/bmes-endoscope-25/temp_ws/install/mprls_imu_node/bin'
[15.386s] INFO:colcon.colcon_core.shell:Creating package descriptor '/home/bmes-endoscope-25/temp_ws/install/mprls_imu_node/share/mprls_imu_node/package.dsv'
[15.389s] INFO:colcon.colcon_core.shell:Creating package script '/home/bmes-endoscope-25/temp_ws/install/mprls_imu_node/share/mprls_imu_node/package.sh'
[15.395s] INFO:colcon.colcon_core.shell:Creating package script '/home/bmes-endoscope-25/temp_ws/install/mprls_imu_node/share/mprls_imu_node/package.bash'
[15.398s] INFO:colcon.colcon_core.shell:Creating package script '/home/bmes-endoscope-25/temp_ws/install/mprls_imu_node/share/mprls_imu_node/package.zsh'
[15.402s] Level 1:colcon.colcon_core.environment:create_file_with_runtime_dependencies(/home/bmes-endoscope-25/temp_ws/install/mprls_imu_node/share/colcon-core/packages/mprls_imu_node)
[15.404s] DEBUG:colcon.colcon_parallel_executor.executor.parallel:closing loop
[15.407s] DEBUG:colcon.colcon_parallel_executor.executor.parallel:loop closed
[15.408s] DEBUG:colcon.colcon_parallel_executor.executor.parallel:run_until_complete finished with '0'
[15.408s] DEBUG:colcon.colcon_core.event_reactor:joining thread
[15.449s] INFO:colcon.colcon_core.plugin_system:Skipping extension 'colcon_notification.desktop_notification.terminal_notifier': Not used on non-Darwin systems
[15.449s] INFO:colcon.colcon_core.plugin_system:Skipping extension 'colcon_notification.desktop_notification.win32': Not used on non-Windows systems
[15.449s] INFO:colcon.colcon_notification.desktop_notification:Sending desktop notification using 'notify2'
[15.564s] DEBUG:colcon.colcon_core.event_reactor:joined thread
[15.565s] INFO:colcon.colcon_core.shell:Creating prefix script '/home/bmes-endoscope-25/temp_ws/install/local_setup.sh'
[15.570s] INFO:colcon.colcon_core.shell:Creating prefix util module '/home/bmes-endoscope-25/temp_ws/install/_local_setup_util_sh.py'
[15.578s] INFO:colcon.colcon_core.shell:Creating prefix chain script '/home/bmes-endoscope-25/temp_ws/install/setup.sh'
[15.586s] INFO:colcon.colcon_core.shell:Creating prefix script '/home/bmes-endoscope-25/temp_ws/install/local_setup.bash'
[15.590s] INFO:colcon.colcon_core.shell:Creating prefix chain script '/home/bmes-endoscope-25/temp_ws/install/setup.bash'
[15.595s] INFO:colcon.colcon_core.shell:Creating prefix script '/home/bmes-endoscope-25/temp_ws/install/local_setup.zsh'
[15.599s] INFO:colcon.colcon_core.shell:Creating prefix chain script '/home/bmes-endoscope-25/temp_ws/install/setup.zsh'
