[0.071s] Invoking command in '/home/bmes-endoscope-25/temp_ws/build/mprls_imu_node': CMAKE_PREFIX_PATH=${CMAKE_PREFIX_PATH}:/opt/ros/jazzy DEBUGINFOD_URLS=https://debuginfod.ubuntu.com /usr/bin/cmake --build /home/bmes-endoscope-25/temp_ws/build/mprls_imu_node -- -j4 -l4
[0.378s] [  2%] Built target mprls_imu_node__rosidl_generator_type_description
[0.399s] [  4%] [32mBuilding CXX object CMakeFiles/sensor_drivers.dir/src/TCA9548A.cpp.o[0m
[0.443s] [  4%] Built target ament_cmake_python_copy_mprls_imu_node
[0.513s] [  7%] Built target mprls_imu_node__cpp
[0.535s] [ 19%] Built target mprls_imu_node__rosidl_generator_c
[0.679s] [ 26%] Built target mprls_imu_node__rosidl_typesupport_cpp
[0.689s] [ 34%] Built target mprls_imu_node__rosidl_typesupport_fastrtps_c
[0.843s] [ 41%] Built target mprls_imu_node__rosidl_typesupport_fastrtps_cpp
[0.878s] [ 48%] Built target mprls_imu_node__rosidl_typesupport_introspection_c
[0.995s] [ 56%] Built target mprls_imu_node__rosidl_typesupport_c
[1.033s] [ 63%] Built target mprls_imu_node__rosidl_typesupport_introspection_cpp
[1.166s] [ 63%] Built target mprls_imu_node
[1.307s] [ 65%] Built target mprls_imu_node__py
[1.472s] [ 70%] Built target mprls_imu_node__rosidl_generator_py
[1.664s] [ 75%] Built target mprls_imu_node_s__rosidl_typesupport_fastrtps_c
[1.671s] [ 80%] Built target mprls_imu_node_s__rosidl_typesupport_introspection_c
[1.856s] [ 85%] Built target mprls_imu_node_s__rosidl_typesupport_c
[2.217s] running egg_info
[2.638s] writing mprls_imu_node.egg-info/PKG-INFO
[2.640s] writing dependency_links to mprls_imu_node.egg-info/dependency_links.txt
[2.649s] writing top-level names to mprls_imu_node.egg-info/top_level.txt
[3.131s] reading manifest file 'mprls_imu_node.egg-info/SOURCES.txt'
[3.134s] writing manifest file 'mprls_imu_node.egg-info/SOURCES.txt'
[3.158s] [ 87%] [32m[1mLinking CXX shared library libsensor_drivers.so[0m
[3.333s] [ 87%] Built target ament_cmake_python_build_mprls_imu_node_egg
[3.756s] [ 90%] Built target sensor_drivers
[3.894s] [ 92%] [32m[1mLinking CXX executable test_tca[0m
[3.909s] [ 95%] [32mBuilding CXX object CMakeFiles/test_mprls_node.dir/src/test_mprls_publisher.cpp.o[0m
[4.363s] [ 97%] Built target test_tca
[25.362s] [100%] [32m[1mLinking CXX executable test_mprls_node[0m
[26.397s] [100%] Built target test_mprls_node
[26.464s] Invoked command in '/home/bmes-endoscope-25/temp_ws/build/mprls_imu_node' returned '0': CMAKE_PREFIX_PATH=${CMAKE_PREFIX_PATH}:/opt/ros/jazzy DEBUGINFOD_URLS=https://debuginfod.ubuntu.com /usr/bin/cmake --build /home/bmes-endoscope-25/temp_ws/build/mprls_imu_node -- -j4 -l4
[26.516s] Invoking command in '/home/bmes-endoscope-25/temp_ws/build/mprls_imu_node': CMAKE_PREFIX_PATH=${CMAKE_PREFIX_PATH}:/opt/ros/jazzy DEBUGINFOD_URLS=https://debuginfod.ubuntu.com /usr/bin/cmake --install /home/bmes-endoscope-25/temp_ws/build/mprls_imu_node
[26.563s] -- Install configuration: ""
[26.564s] -- Up-to-date: /home/bmes-endoscope-25/temp_ws/install/mprls_imu_node/share/ament_index/resource_index/rosidl_interfaces/mprls_imu_node
[26.564s] -- Up-to-date: /home/bmes-endoscope-25/temp_ws/install/mprls_imu_node/share/mprls_imu_node/msg/MPRLSPressures.json
[26.564s] -- Up-to-date: /home/bmes-endoscope-25/temp_ws/install/mprls_imu_node/include/mprls_imu_node/mprls_imu_node
[26.565s] -- Up-to-date: /home/bmes-endoscope-25/temp_ws/install/mprls_imu_node/include/mprls_imu_node/mprls_imu_node/msg
[26.566s] -- Up-to-date: /home/bmes-endoscope-25/temp_ws/install/mprls_imu_node/include/mprls_imu_node/mprls_imu_node/msg/mprls_pressures.h
[26.566s] -- Up-to-date: /home/bmes-endoscope-25/temp_ws/install/mprls_imu_node/include/mprls_imu_node/mprls_imu_node/msg/detail
[26.566s] -- Up-to-date: /home/bmes-endoscope-25/temp_ws/install/mprls_imu_node/include/mprls_imu_node/mprls_imu_node/msg/detail/mprls_pressures__struct.h
[26.567s] -- Installing: /home/bmes-endoscope-25/temp_ws/install/mprls_imu_node/include/mprls_imu_node/mprls_imu_node/msg/detail/mprls_pressures__type_support.c
[26.567s] -- Up-to-date: /home/bmes-endoscope-25/temp_ws/install/mprls_imu_node/include/mprls_imu_node/mprls_imu_node/msg/detail/mprls_pressures__functions.c
[26.568s] -- Up-to-date: /home/bmes-endoscope-25/temp_ws/install/mprls_imu_node/include/mprls_imu_node/mprls_imu_node/msg/detail/mprls_pressures__functions.h
[26.568s] -- Up-to-date: /home/bmes-endoscope-25/temp_ws/install/mprls_imu_node/include/mprls_imu_node/mprls_imu_node/msg/detail/mprls_pressures__description.c
[26.568s] -- Up-to-date: /home/bmes-endoscope-25/temp_ws/install/mprls_imu_node/include/mprls_imu_node/mprls_imu_node/msg/detail/mprls_pressures__type_support.h
[26.569s] -- Up-to-date: /home/bmes-endoscope-25/temp_ws/install/mprls_imu_node/include/mprls_imu_node/mprls_imu_node/msg/rosidl_generator_c__visibility_control.h
[26.569s] -- Up-to-date: /home/bmes-endoscope-25/temp_ws/install/mprls_imu_node/share/mprls_imu_node/environment/library_path.sh
[26.570s] -- Up-to-date: /home/bmes-endoscope-25/temp_ws/install/mprls_imu_node/share/mprls_imu_node/environment/library_path.dsv
[26.570s] -- Up-to-date: /home/bmes-endoscope-25/temp_ws/install/mprls_imu_node/lib/libmprls_imu_node__rosidl_generator_c.so
[26.571s] -- Up-to-date: /home/bmes-endoscope-25/temp_ws/install/mprls_imu_node/include/mprls_imu_node/mprls_imu_node
[26.572s] -- Up-to-date: /home/bmes-endoscope-25/temp_ws/install/mprls_imu_node/include/mprls_imu_node/mprls_imu_node/msg
[26.572s] -- Up-to-date: /home/bmes-endoscope-25/temp_ws/install/mprls_imu_node/include/mprls_imu_node/mprls_imu_node/msg/rosidl_typesupport_fastrtps_c__visibility_control.h
[26.573s] -- Up-to-date: /home/bmes-endoscope-25/temp_ws/install/mprls_imu_node/include/mprls_imu_node/mprls_imu_node/msg/detail
[26.573s] -- Up-to-date: /home/bmes-endoscope-25/temp_ws/install/mprls_imu_node/include/mprls_imu_node/mprls_imu_node/msg/detail/mprls_pressures__rosidl_typesupport_fastrtps_c.h
[26.574s] -- Up-to-date: /home/bmes-endoscope-25/temp_ws/install/mprls_imu_node/lib/libmprls_imu_node__rosidl_typesupport_fastrtps_c.so
[26.575s] -- Up-to-date: /home/bmes-endoscope-25/temp_ws/install/mprls_imu_node/include/mprls_imu_node/mprls_imu_node
[26.575s] -- Up-to-date: /home/bmes-endoscope-25/temp_ws/install/mprls_imu_node/include/mprls_imu_node/mprls_imu_node/msg
[26.576s] -- Up-to-date: /home/bmes-endoscope-25/temp_ws/install/mprls_imu_node/include/mprls_imu_node/mprls_imu_node/msg/rosidl_generator_cpp__visibility_control.hpp
[26.576s] -- Up-to-date: /home/bmes-endoscope-25/temp_ws/install/mprls_imu_node/include/mprls_imu_node/mprls_imu_node/msg/detail
[26.577s] -- Up-to-date: /home/bmes-endoscope-25/temp_ws/install/mprls_imu_node/include/mprls_imu_node/mprls_imu_node/msg/detail/mprls_pressures__struct.hpp
[26.577s] -- Up-to-date: /home/bmes-endoscope-25/temp_ws/install/mprls_imu_node/include/mprls_imu_node/mprls_imu_node/msg/detail/mprls_pressures__type_support.hpp
[26.578s] -- Up-to-date: /home/bmes-endoscope-25/temp_ws/install/mprls_imu_node/include/mprls_imu_node/mprls_imu_node/msg/detail/mprls_pressures__builder.hpp
[26.578s] -- Up-to-date: /home/bmes-endoscope-25/temp_ws/install/mprls_imu_node/include/mprls_imu_node/mprls_imu_node/msg/detail/mprls_pressures__traits.hpp
[26.578s] -- Up-to-date: /home/bmes-endoscope-25/temp_ws/install/mprls_imu_node/include/mprls_imu_node/mprls_imu_node/msg/mprls_pressures.hpp
[26.579s] -- Up-to-date: /home/bmes-endoscope-25/temp_ws/install/mprls_imu_node/include/mprls_imu_node/mprls_imu_node
[26.579s] -- Up-to-date: /home/bmes-endoscope-25/temp_ws/install/mprls_imu_node/include/mprls_imu_node/mprls_imu_node/msg
[26.580s] -- Up-to-date: /home/bmes-endoscope-25/temp_ws/install/mprls_imu_node/include/mprls_imu_node/mprls_imu_node/msg/rosidl_typesupport_fastrtps_cpp__visibility_control.h
[26.580s] -- Up-to-date: /home/bmes-endoscope-25/temp_ws/install/mprls_imu_node/include/mprls_imu_node/mprls_imu_node/msg/detail
[26.580s] -- Up-to-date: /home/bmes-endoscope-25/temp_ws/install/mprls_imu_node/include/mprls_imu_node/mprls_imu_node/msg/detail/dds_fastrtps
[26.581s] -- Up-to-date: /home/bmes-endoscope-25/temp_ws/install/mprls_imu_node/include/mprls_imu_node/mprls_imu_node/msg/detail/mprls_pressures__rosidl_typesupport_fastrtps_cpp.hpp
[26.581s] -- Up-to-date: /home/bmes-endoscope-25/temp_ws/install/mprls_imu_node/lib/libmprls_imu_node__rosidl_typesupport_fastrtps_cpp.so
[26.582s] -- Up-to-date: /home/bmes-endoscope-25/temp_ws/install/mprls_imu_node/include/mprls_imu_node/mprls_imu_node
[26.582s] -- Up-to-date: /home/bmes-endoscope-25/temp_ws/install/mprls_imu_node/include/mprls_imu_node/mprls_imu_node/msg
[26.583s] -- Up-to-date: /home/bmes-endoscope-25/temp_ws/install/mprls_imu_node/include/mprls_imu_node/mprls_imu_node/msg/rosidl_typesupport_introspection_c__visibility_control.h
[26.583s] -- Up-to-date: /home/bmes-endoscope-25/temp_ws/install/mprls_imu_node/include/mprls_imu_node/mprls_imu_node/msg/detail
[26.584s] -- Installing: /home/bmes-endoscope-25/temp_ws/install/mprls_imu_node/include/mprls_imu_node/mprls_imu_node/msg/detail/mprls_pressures__type_support.c
[26.585s] -- Up-to-date: /home/bmes-endoscope-25/temp_ws/install/mprls_imu_node/include/mprls_imu_node/mprls_imu_node/msg/detail/mprls_pressures__rosidl_typesupport_introspection_c.h
[26.586s] -- Up-to-date: /home/bmes-endoscope-25/temp_ws/install/mprls_imu_node/lib/libmprls_imu_node__rosidl_typesupport_introspection_c.so
[26.587s] -- Up-to-date: /home/bmes-endoscope-25/temp_ws/install/mprls_imu_node/lib/libmprls_imu_node__rosidl_typesupport_c.so
[26.588s] -- Up-to-date: /home/bmes-endoscope-25/temp_ws/install/mprls_imu_node/include/mprls_imu_node/mprls_imu_node
[26.589s] -- Up-to-date: /home/bmes-endoscope-25/temp_ws/install/mprls_imu_node/include/mprls_imu_node/mprls_imu_node/msg
[26.589s] -- Up-to-date: /home/bmes-endoscope-25/temp_ws/install/mprls_imu_node/include/mprls_imu_node/mprls_imu_node/msg/detail
[26.590s] -- Up-to-date: /home/bmes-endoscope-25/temp_ws/install/mprls_imu_node/include/mprls_imu_node/mprls_imu_node/msg/detail/mprls_pressures__type_support.cpp
[26.590s] -- Up-to-date: /home/bmes-endoscope-25/temp_ws/install/mprls_imu_node/include/mprls_imu_node/mprls_imu_node/msg/detail/mprls_pressures__rosidl_typesupport_introspection_cpp.hpp
[26.591s] -- Up-to-date: /home/bmes-endoscope-25/temp_ws/install/mprls_imu_node/lib/libmprls_imu_node__rosidl_typesupport_introspection_cpp.so
[26.593s] -- Up-to-date: /home/bmes-endoscope-25/temp_ws/install/mprls_imu_node/lib/libmprls_imu_node__rosidl_typesupport_cpp.so
[26.594s] -- Up-to-date: /home/bmes-endoscope-25/temp_ws/install/mprls_imu_node/share/mprls_imu_node/environment/pythonpath.sh
[26.594s] -- Up-to-date: /home/bmes-endoscope-25/temp_ws/install/mprls_imu_node/share/mprls_imu_node/environment/pythonpath.dsv
[26.595s] -- Up-to-date: /home/bmes-endoscope-25/temp_ws/install/mprls_imu_node/lib/python3.12/site-packages/mprls_imu_node-0.0.0-py3.12.egg-info
[26.595s] -- Installing: /home/bmes-endoscope-25/temp_ws/install/mprls_imu_node/lib/python3.12/site-packages/mprls_imu_node-0.0.0-py3.12.egg-info/SOURCES.txt
[26.596s] -- Installing: /home/bmes-endoscope-25/temp_ws/install/mprls_imu_node/lib/python3.12/site-packages/mprls_imu_node-0.0.0-py3.12.egg-info/top_level.txt
[26.597s] -- Installing: /home/bmes-endoscope-25/temp_ws/install/mprls_imu_node/lib/python3.12/site-packages/mprls_imu_node-0.0.0-py3.12.egg-info/PKG-INFO
[26.598s] -- Installing: /home/bmes-endoscope-25/temp_ws/install/mprls_imu_node/lib/python3.12/site-packages/mprls_imu_node-0.0.0-py3.12.egg-info/dependency_links.txt
[26.600s] -- Up-to-date: /home/bmes-endoscope-25/temp_ws/install/mprls_imu_node/lib/python3.12/site-packages/mprls_imu_node
[26.600s] -- Up-to-date: /home/bmes-endoscope-25/temp_ws/install/mprls_imu_node/lib/python3.12/site-packages/mprls_imu_node/__init__.py
[26.601s] -- Up-to-date: /home/bmes-endoscope-25/temp_ws/install/mprls_imu_node/lib/python3.12/site-packages/mprls_imu_node/msg
[26.601s] -- Up-to-date: /home/bmes-endoscope-25/temp_ws/install/mprls_imu_node/lib/python3.12/site-packages/mprls_imu_node/msg/__init__.py
[26.601s] -- Up-to-date: /home/bmes-endoscope-25/temp_ws/install/mprls_imu_node/lib/python3.12/site-packages/mprls_imu_node/msg/_mprls_pressures.py
[26.602s] -- Up-to-date: /home/bmes-endoscope-25/temp_ws/install/mprls_imu_node/lib/python3.12/site-packages/mprls_imu_node/msg/_mprls_pressures_s.c
[26.602s] -- Up-to-date: /home/bmes-endoscope-25/temp_ws/install/mprls_imu_node/lib/python3.12/site-packages/mprls_imu_node/_mprls_imu_node_s.ep.rosidl_typesupport_introspection_c.c
[26.603s] -- Up-to-date: /home/bmes-endoscope-25/temp_ws/install/mprls_imu_node/lib/python3.12/site-packages/mprls_imu_node/mprls_imu_node_s__rosidl_typesupport_fastrtps_c.so
[26.603s] -- Up-to-date: /home/bmes-endoscope-25/temp_ws/install/mprls_imu_node/lib/python3.12/site-packages/mprls_imu_node/mprls_imu_node_s__rosidl_typesupport_introspection_c.so
[26.603s] -- Up-to-date: /home/bmes-endoscope-25/temp_ws/install/mprls_imu_node/lib/python3.12/site-packages/mprls_imu_node/_mprls_imu_node_s.ep.rosidl_typesupport_fastrtps_c.c
[26.604s] -- Up-to-date: /home/bmes-endoscope-25/temp_ws/install/mprls_imu_node/lib/python3.12/site-packages/mprls_imu_node/_mprls_imu_node_s.ep.rosidl_typesupport_c.c
[26.604s] -- Up-to-date: /home/bmes-endoscope-25/temp_ws/install/mprls_imu_node/lib/python3.12/site-packages/mprls_imu_node/mprls_imu_node_s__rosidl_typesupport_c.so
[26.770s] Listing '/home/bmes-endoscope-25/temp_ws/install/mprls_imu_node/lib/python3.12/site-packages/mprls_imu_node'...
[26.771s] Listing '/home/bmes-endoscope-25/temp_ws/install/mprls_imu_node/lib/python3.12/site-packages/mprls_imu_node/msg'...
[26.800s] -- Up-to-date: /home/bmes-endoscope-25/temp_ws/install/mprls_imu_node/lib/python3.12/site-packages/mprls_imu_node/mprls_imu_node_s__rosidl_typesupport_fastrtps_c.so
[26.802s] -- Up-to-date: /home/bmes-endoscope-25/temp_ws/install/mprls_imu_node/lib/python3.12/site-packages/mprls_imu_node/mprls_imu_node_s__rosidl_typesupport_introspection_c.so
[26.804s] -- Up-to-date: /home/bmes-endoscope-25/temp_ws/install/mprls_imu_node/lib/python3.12/site-packages/mprls_imu_node/mprls_imu_node_s__rosidl_typesupport_c.so
[26.806s] -- Up-to-date: /home/bmes-endoscope-25/temp_ws/install/mprls_imu_node/lib/libmprls_imu_node__rosidl_generator_py.so
[26.808s] -- Up-to-date: /home/bmes-endoscope-25/temp_ws/install/mprls_imu_node/share/mprls_imu_node/msg/MPRLSPressures.idl
[26.808s] -- Up-to-date: /home/bmes-endoscope-25/temp_ws/install/mprls_imu_node/share/mprls_imu_node/msg/MPRLSPressures.msg
[26.809s] -- Installing: /home/bmes-endoscope-25/temp_ws/install/mprls_imu_node/lib/mprls_imu_node/libsensor_drivers.so
[26.813s] -- Set non-toolchain portion of runtime path of "/home/bmes-endoscope-25/temp_ws/install/mprls_imu_node/lib/mprls_imu_node/libsensor_drivers.so" to ""
[26.814s] -- Installing: /home/bmes-endoscope-25/temp_ws/install/mprls_imu_node/lib/mprls_imu_node/test_tca
[26.816s] -- Installing: /home/bmes-endoscope-25/temp_ws/install/mprls_imu_node/lib/mprls_imu_node/test_mprls_node
[26.831s] -- Up-to-date: /home/bmes-endoscope-25/temp_ws/install/mprls_imu_node/include
[26.832s] -- Up-to-date: /home/bmes-endoscope-25/temp_ws/install/mprls_imu_node/include/mprls_imu_node
[26.833s] -- Up-to-date: /home/bmes-endoscope-25/temp_ws/install/mprls_imu_node/include/mprls_imu_node/Adafruit_MPRLS.hpp
[26.834s] -- Up-to-date: /home/bmes-endoscope-25/temp_ws/install/mprls_imu_node/include/mprls_imu_node/TCA9548A.hpp
[26.835s] -- Up-to-date: /home/bmes-endoscope-25/temp_ws/install/mprls_imu_node/share/mprls_imu_node/msg
[26.836s] -- Up-to-date: /home/bmes-endoscope-25/temp_ws/install/mprls_imu_node/share/mprls_imu_node/msg/MPRLSPressures.msg
[26.836s] -- Up-to-date: /home/bmes-endoscope-25/temp_ws/install/mprls_imu_node/share/ament_index/resource_index/package_run_dependencies/mprls_imu_node
[26.837s] -- Up-to-date: /home/bmes-endoscope-25/temp_ws/install/mprls_imu_node/share/ament_index/resource_index/parent_prefix_path/mprls_imu_node
[26.837s] -- Up-to-date: /home/bmes-endoscope-25/temp_ws/install/mprls_imu_node/share/mprls_imu_node/environment/ament_prefix_path.sh
[26.837s] -- Up-to-date: /home/bmes-endoscope-25/temp_ws/install/mprls_imu_node/share/mprls_imu_node/environment/ament_prefix_path.dsv
[26.838s] -- Up-to-date: /home/bmes-endoscope-25/temp_ws/install/mprls_imu_node/share/mprls_imu_node/environment/path.sh
[26.838s] -- Up-to-date: /home/bmes-endoscope-25/temp_ws/install/mprls_imu_node/share/mprls_imu_node/environment/path.dsv
[26.839s] -- Up-to-date: /home/bmes-endoscope-25/temp_ws/install/mprls_imu_node/share/mprls_imu_node/local_setup.bash
[26.839s] -- Up-to-date: /home/bmes-endoscope-25/temp_ws/install/mprls_imu_node/share/mprls_imu_node/local_setup.sh
[26.840s] -- Up-to-date: /home/bmes-endoscope-25/temp_ws/install/mprls_imu_node/share/mprls_imu_node/local_setup.zsh
[26.840s] -- Up-to-date: /home/bmes-endoscope-25/temp_ws/install/mprls_imu_node/share/mprls_imu_node/local_setup.dsv
[26.840s] -- Installing: /home/bmes-endoscope-25/temp_ws/install/mprls_imu_node/share/mprls_imu_node/package.dsv
[26.841s] -- Up-to-date: /home/bmes-endoscope-25/temp_ws/install/mprls_imu_node/share/ament_index/resource_index/packages/mprls_imu_node
[26.841s] -- Up-to-date: /home/bmes-endoscope-25/temp_ws/install/mprls_imu_node/share/mprls_imu_node/cmake/export_mprls_imu_node__rosidl_generator_cExport.cmake
[26.842s] -- Up-to-date: /home/bmes-endoscope-25/temp_ws/install/mprls_imu_node/share/mprls_imu_node/cmake/export_mprls_imu_node__rosidl_generator_cExport-noconfig.cmake
[26.842s] -- Up-to-date: /home/bmes-endoscope-25/temp_ws/install/mprls_imu_node/share/mprls_imu_node/cmake/export_mprls_imu_node__rosidl_typesupport_fastrtps_cExport.cmake
[26.842s] -- Up-to-date: /home/bmes-endoscope-25/temp_ws/install/mprls_imu_node/share/mprls_imu_node/cmake/export_mprls_imu_node__rosidl_typesupport_fastrtps_cExport-noconfig.cmake
[26.843s] -- Up-to-date: /home/bmes-endoscope-25/temp_ws/install/mprls_imu_node/share/mprls_imu_node/cmake/export_mprls_imu_node__rosidl_generator_cppExport.cmake
[26.843s] -- Up-to-date: /home/bmes-endoscope-25/temp_ws/install/mprls_imu_node/share/mprls_imu_node/cmake/export_mprls_imu_node__rosidl_typesupport_fastrtps_cppExport.cmake
[26.844s] -- Up-to-date: /home/bmes-endoscope-25/temp_ws/install/mprls_imu_node/share/mprls_imu_node/cmake/export_mprls_imu_node__rosidl_typesupport_fastrtps_cppExport-noconfig.cmake
[26.845s] -- Up-to-date: /home/bmes-endoscope-25/temp_ws/install/mprls_imu_node/share/mprls_imu_node/cmake/mprls_imu_node__rosidl_typesupport_introspection_cExport.cmake
[26.845s] -- Up-to-date: /home/bmes-endoscope-25/temp_ws/install/mprls_imu_node/share/mprls_imu_node/cmake/mprls_imu_node__rosidl_typesupport_introspection_cExport-noconfig.cmake
[26.846s] -- Up-to-date: /home/bmes-endoscope-25/temp_ws/install/mprls_imu_node/share/mprls_imu_node/cmake/mprls_imu_node__rosidl_typesupport_cExport.cmake
[26.846s] -- Up-to-date: /home/bmes-endoscope-25/temp_ws/install/mprls_imu_node/share/mprls_imu_node/cmake/mprls_imu_node__rosidl_typesupport_cExport-noconfig.cmake
[26.847s] -- Up-to-date: /home/bmes-endoscope-25/temp_ws/install/mprls_imu_node/share/mprls_imu_node/cmake/mprls_imu_node__rosidl_typesupport_introspection_cppExport.cmake
[26.848s] -- Up-to-date: /home/bmes-endoscope-25/temp_ws/install/mprls_imu_node/share/mprls_imu_node/cmake/mprls_imu_node__rosidl_typesupport_introspection_cppExport-noconfig.cmake
[26.848s] -- Up-to-date: /home/bmes-endoscope-25/temp_ws/install/mprls_imu_node/share/mprls_imu_node/cmake/mprls_imu_node__rosidl_typesupport_cppExport.cmake
[26.849s] -- Up-to-date: /home/bmes-endoscope-25/temp_ws/install/mprls_imu_node/share/mprls_imu_node/cmake/mprls_imu_node__rosidl_typesupport_cppExport-noconfig.cmake
[26.850s] -- Up-to-date: /home/bmes-endoscope-25/temp_ws/install/mprls_imu_node/share/mprls_imu_node/cmake/export_mprls_imu_node__rosidl_generator_pyExport.cmake
[26.850s] -- Up-to-date: /home/bmes-endoscope-25/temp_ws/install/mprls_imu_node/share/mprls_imu_node/cmake/export_mprls_imu_node__rosidl_generator_pyExport-noconfig.cmake
[26.850s] -- Up-to-date: /home/bmes-endoscope-25/temp_ws/install/mprls_imu_node/share/mprls_imu_node/cmake/rosidl_cmake-extras.cmake
[26.851s] -- Up-to-date: /home/bmes-endoscope-25/temp_ws/install/mprls_imu_node/share/mprls_imu_node/cmake/ament_cmake_export_include_directories-extras.cmake
[26.852s] -- Up-to-date: /home/bmes-endoscope-25/temp_ws/install/mprls_imu_node/share/mprls_imu_node/cmake/ament_cmake_export_libraries-extras.cmake
[26.852s] -- Up-to-date: /home/bmes-endoscope-25/temp_ws/install/mprls_imu_node/share/mprls_imu_node/cmake/ament_cmake_export_targets-extras.cmake
[26.853s] -- Up-to-date: /home/bmes-endoscope-25/temp_ws/install/mprls_imu_node/share/mprls_imu_node/cmake/rosidl_cmake_export_typesupport_targets-extras.cmake
[26.853s] -- Up-to-date: /home/bmes-endoscope-25/temp_ws/install/mprls_imu_node/share/mprls_imu_node/cmake/ament_cmake_export_dependencies-extras.cmake
[26.854s] -- Up-to-date: /home/bmes-endoscope-25/temp_ws/install/mprls_imu_node/share/mprls_imu_node/cmake/rosidl_cmake_export_typesupport_libraries-extras.cmake
[26.854s] -- Up-to-date: /home/bmes-endoscope-25/temp_ws/install/mprls_imu_node/share/mprls_imu_node/cmake/mprls_imu_nodeConfig.cmake
[26.854s] -- Up-to-date: /home/bmes-endoscope-25/temp_ws/install/mprls_imu_node/share/mprls_imu_node/cmake/mprls_imu_nodeConfig-version.cmake
[26.855s] -- Up-to-date: /home/bmes-endoscope-25/temp_ws/install/mprls_imu_node/share/mprls_imu_node/package.xml
[26.863s] Invoked command in '/home/bmes-endoscope-25/temp_ws/build/mprls_imu_node' returned '0': CMAKE_PREFIX_PATH=${CMAKE_PREFIX_PATH}:/opt/ros/jazzy DEBUGINFOD_URLS=https://debuginfod.ubuntu.com /usr/bin/cmake --install /home/bmes-endoscope-25/temp_ws/build/mprls_imu_node
