[0.422s] DEBUG:colcon:Command line arguments: ['/usr/bin/colcon', 'build', '--cmake-clean-cache']
[0.423s] DEBUG:colcon:Parsed command line arguments: Namespace(log_base=None, log_level=None, verb_name='build', build_base='build', install_base='install', merge_install=False, symlink_install=False, test_result_base=None, continue_on_error=False, executor='parallel', parallel_workers=4, event_handlers=None, ignore_user_meta=False, metas=['./colcon.meta'], base_paths=['.'], packages_ignore=None, packages_ignore_regex=None, paths=None, packages_up_to=None, packages_up_to_regex=None, packages_above=None, packages_above_and_dependencies=None, packages_above_depth=None, packages_select_by_dep=None, packages_skip_by_dep=None, packages_skip_up_to=None, packages_select_build_failed=False, packages_skip_build_finished=False, packages_select_test_failures=False, packages_skip_test_passed=False, packages_select=None, packages_skip=None, packages_select_regex=None, packages_skip_regex=None, packages_start=None, packages_end=None, cmake_args=None, cmake_target=None, cmake_target_skip_unavailable=False, cmake_clean_cache=True, cmake_clean_first=False, cmake_force_configure=False, ament_cmake_args=None, catkin_cmake_args=None, catkin_skip_building_tests=False, verb_parser=<colcon_defaults.argument_parser.defaults.DefaultArgumentsDecorator object at 0xffff8e4f33e0>, verb_extension=<colcon_core.verb.build.BuildVerb object at 0xffff8e40f710>, main=<bound method BuildVerb.main of <colcon_core.verb.build.BuildVerb object at 0xffff8e40f710>>)
[0.590s] Level 1:colcon.colcon_core.package_discovery:discover_packages(colcon_meta) check parameters
[0.590s] Level 1:colcon.colcon_core.package_discovery:discover_packages(recursive) check parameters
[0.590s] Level 1:colcon.colcon_core.package_discovery:discover_packages(ignore) check parameters
[0.590s] Level 1:colcon.colcon_core.package_discovery:discover_packages(path) check parameters
[0.590s] Level 1:colcon.colcon_core.package_discovery:discover_packages(colcon_meta) discover
[0.591s] Level 1:colcon.colcon_core.package_discovery:discover_packages(recursive) discover
[0.591s] INFO:colcon.colcon_core.package_discovery:Crawling recursively for packages in '/home/bmes-endoscope-25/temp_ws/endoscope-control'
[0.591s] Level 1:colcon.colcon_core.package_identification:_identify(.) by extensions ['ignore', 'ignore_ament_install']
[0.592s] Level 1:colcon.colcon_core.package_identification:_identify(.) by extension 'ignore'
[0.592s] Level 1:colcon.colcon_core.package_identification:_identify(.) by extension 'ignore_ament_install'
[0.592s] Level 1:colcon.colcon_core.package_identification:_identify(.) by extensions ['colcon_pkg']
[0.592s] Level 1:colcon.colcon_core.package_identification:_identify(.) by extension 'colcon_pkg'
[0.592s] Level 1:colcon.colcon_core.package_identification:_identify(.) by extensions ['colcon_meta']
[0.593s] Level 1:colcon.colcon_core.package_identification:_identify(.) by extension 'colcon_meta'
[0.593s] Level 1:colcon.colcon_core.package_identification:_identify(.) by extensions ['ros']
[0.593s] Level 1:colcon.colcon_core.package_identification:_identify(.) by extension 'ros'
[0.695s] Level 1:colcon.colcon_core.package_identification:_identify(.) by extensions ['cmake', 'python']
[0.695s] Level 1:colcon.colcon_core.package_identification:_identify(.) by extension 'cmake'
[0.695s] Level 1:colcon.colcon_core.package_identification:_identify(.) by extension 'python'
[0.696s] Level 1:colcon.colcon_core.package_identification:_identify(.) by extensions ['python_setup_py']
[0.696s] Level 1:colcon.colcon_core.package_identification:_identify(.) by extension 'python_setup_py'
[0.696s] Level 1:colcon.colcon_core.package_identification:_identify(build) by extensions ['ignore', 'ignore_ament_install']
[0.697s] Level 1:colcon.colcon_core.package_identification:_identify(build) by extension 'ignore'
[0.697s] Level 1:colcon.colcon_core.package_identification:_identify(build) ignored
[0.697s] Level 1:colcon.colcon_core.package_identification:_identify(install) by extensions ['ignore', 'ignore_ament_install']
[0.698s] Level 1:colcon.colcon_core.package_identification:_identify(install) by extension 'ignore'
[0.698s] Level 1:colcon.colcon_core.package_identification:_identify(install) ignored
[0.698s] Level 1:colcon.colcon_core.package_identification:_identify(log) by extensions ['ignore', 'ignore_ament_install']
[0.699s] Level 1:colcon.colcon_core.package_identification:_identify(log) by extension 'ignore'
[0.699s] Level 1:colcon.colcon_core.package_identification:_identify(log) ignored
[0.699s] Level 1:colcon.colcon_core.package_identification:_identify(src) by extensions ['ignore', 'ignore_ament_install']
[0.699s] Level 1:colcon.colcon_core.package_identification:_identify(src) by extension 'ignore'
[0.699s] Level 1:colcon.colcon_core.package_identification:_identify(src) by extension 'ignore_ament_install'
[0.700s] Level 1:colcon.colcon_core.package_identification:_identify(src) by extensions ['colcon_pkg']
[0.700s] Level 1:colcon.colcon_core.package_identification:_identify(src) by extension 'colcon_pkg'
[0.700s] Level 1:colcon.colcon_core.package_identification:_identify(src) by extensions ['colcon_meta']
[0.700s] Level 1:colcon.colcon_core.package_identification:_identify(src) by extension 'colcon_meta'
[0.700s] Level 1:colcon.colcon_core.package_identification:_identify(src) by extensions ['ros']
[0.700s] Level 1:colcon.colcon_core.package_identification:_identify(src) by extension 'ros'
[0.701s] Level 1:colcon.colcon_core.package_identification:_identify(src) by extensions ['cmake', 'python']
[0.701s] Level 1:colcon.colcon_core.package_identification:_identify(src) by extension 'cmake'
[0.701s] Level 1:colcon.colcon_core.package_identification:_identify(src) by extension 'python'
[0.701s] Level 1:colcon.colcon_core.package_identification:_identify(src) by extensions ['python_setup_py']
[0.701s] Level 1:colcon.colcon_core.package_identification:_identify(src) by extension 'python_setup_py'
[0.702s] Level 1:colcon.colcon_core.package_identification:_identify(src/mprls_imu_node) by extensions ['ignore', 'ignore_ament_install']
[0.702s] Level 1:colcon.colcon_core.package_identification:_identify(src/mprls_imu_node) by extension 'ignore'
[0.702s] Level 1:colcon.colcon_core.package_identification:_identify(src/mprls_imu_node) by extension 'ignore_ament_install'
[0.702s] Level 1:colcon.colcon_core.package_identification:_identify(src/mprls_imu_node) by extensions ['colcon_pkg']
[0.702s] Level 1:colcon.colcon_core.package_identification:_identify(src/mprls_imu_node) by extension 'colcon_pkg'
[0.703s] Level 1:colcon.colcon_core.package_identification:_identify(src/mprls_imu_node) by extensions ['colcon_meta']
[0.703s] Level 1:colcon.colcon_core.package_identification:_identify(src/mprls_imu_node) by extension 'colcon_meta'
[0.703s] Level 1:colcon.colcon_core.package_identification:_identify(src/mprls_imu_node) by extensions ['ros']
[0.703s] Level 1:colcon.colcon_core.package_identification:_identify(src/mprls_imu_node) by extension 'ros'
[0.711s] DEBUG:colcon.colcon_core.package_identification:Package 'src/mprls_imu_node' with type 'ros.ament_cmake' and name 'mprls_imu_node'
[0.712s] Level 1:colcon.colcon_core.package_discovery:discover_packages(recursive) using defaults
[0.712s] Level 1:colcon.colcon_core.package_discovery:discover_packages(ignore) discover
[0.712s] Level 1:colcon.colcon_core.package_discovery:discover_packages(ignore) using defaults
[0.712s] Level 1:colcon.colcon_core.package_discovery:discover_packages(path) discover
[0.712s] Level 1:colcon.colcon_core.package_discovery:discover_packages(path) using defaults
[0.784s] Level 5:colcon.colcon_core.verb:set package 'mprls_imu_node' build argument 'cmake_args' from command line to 'None'
[0.784s] Level 5:colcon.colcon_core.verb:set package 'mprls_imu_node' build argument 'cmake_target' from command line to 'None'
[0.784s] Level 5:colcon.colcon_core.verb:set package 'mprls_imu_node' build argument 'cmake_target_skip_unavailable' from command line to 'False'
[0.784s] Level 5:colcon.colcon_core.verb:set package 'mprls_imu_node' build argument 'cmake_clean_cache' from command line to 'True'
[0.784s] Level 5:colcon.colcon_core.verb:set package 'mprls_imu_node' build argument 'cmake_clean_first' from command line to 'False'
[0.785s] Level 5:colcon.colcon_core.verb:set package 'mprls_imu_node' build argument 'cmake_force_configure' from command line to 'False'
[0.785s] Level 5:colcon.colcon_core.verb:set package 'mprls_imu_node' build argument 'ament_cmake_args' from command line to 'None'
[0.785s] Level 5:colcon.colcon_core.verb:set package 'mprls_imu_node' build argument 'catkin_cmake_args' from command line to 'None'
[0.785s] Level 5:colcon.colcon_core.verb:set package 'mprls_imu_node' build argument 'catkin_skip_building_tests' from command line to 'False'
[0.785s] DEBUG:colcon.colcon_core.verb:Building package 'mprls_imu_node' with the following arguments: {'ament_cmake_args': None, 'build_base': '/home/bmes-endoscope-25/temp_ws/endoscope-control/build/mprls_imu_node', 'catkin_cmake_args': None, 'catkin_skip_building_tests': False, 'cmake_args': None, 'cmake_clean_cache': True, 'cmake_clean_first': False, 'cmake_force_configure': False, 'cmake_target': None, 'cmake_target_skip_unavailable': False, 'install_base': '/home/bmes-endoscope-25/temp_ws/endoscope-control/install/mprls_imu_node', 'merge_install': False, 'path': '/home/bmes-endoscope-25/temp_ws/endoscope-control/src/mprls_imu_node', 'symlink_install': False, 'test_result_base': None}
[0.785s] INFO:colcon.colcon_core.executor:Executing jobs using 'parallel' executor
[0.789s] DEBUG:colcon.colcon_parallel_executor.executor.parallel:run_until_complete
[0.790s] INFO:colcon.colcon_ros.task.ament_cmake.build:Building ROS package in '/home/bmes-endoscope-25/temp_ws/endoscope-control/src/mprls_imu_node' with build type 'ament_cmake'
[0.790s] INFO:colcon.colcon_cmake.task.cmake.build:Building CMake package in '/home/bmes-endoscope-25/temp_ws/endoscope-control/src/mprls_imu_node'
[0.807s] INFO:colcon.colcon_core.plugin_system:Skipping extension 'colcon_core.shell.bat': Not used on non-Windows systems
[0.808s] DEBUG:colcon.colcon_core.shell:Skip shell extension 'dsv' for command environment
[0.819s] WARNING:colcon.colcon_core.prefix_path.colcon:The path '/home/bmes-endoscope-25/temp_ws/install' in the environment variable COLCON_PREFIX_PATH doesn't exist
[0.820s] WARNING:colcon.colcon_ros.prefix_path.ament:The path '/home/bmes-endoscope-25/temp_ws/install/mprls_imu_node' in the environment variable AMENT_PREFIX_PATH doesn't exist
[0.821s] WARNING:colcon.colcon_ros.prefix_path.catkin:The path '/home/bmes-endoscope-25/temp_ws/install/mprls_imu_node' in the environment variable CMAKE_PREFIX_PATH doesn't exist
[0.876s] DEBUG:colcon.colcon_core.event_handler.log_command:Invoking command in '/home/bmes-endoscope-25/temp_ws/endoscope-control/build/mprls_imu_node': CMAKE_PREFIX_PATH=${CMAKE_PREFIX_PATH}:/opt/ros/jazzy DEBUGINFOD_URLS=https://debuginfod.ubuntu.com /usr/bin/cmake /home/bmes-endoscope-25/temp_ws/endoscope-control/src/mprls_imu_node -DCMAKE_INSTALL_PREFIX=/home/bmes-endoscope-25/temp_ws/endoscope-control/install/mprls_imu_node
[18.689s] DEBUG:colcon.colcon_core.event_handler.log_command:Invoked command in '/home/bmes-endoscope-25/temp_ws/endoscope-control/build/mprls_imu_node' returned '0': CMAKE_PREFIX_PATH=${CMAKE_PREFIX_PATH}:/opt/ros/jazzy DEBUGINFOD_URLS=https://debuginfod.ubuntu.com /usr/bin/cmake /home/bmes-endoscope-25/temp_ws/endoscope-control/src/mprls_imu_node -DCMAKE_INSTALL_PREFIX=/home/bmes-endoscope-25/temp_ws/endoscope-control/install/mprls_imu_node
[18.695s] DEBUG:colcon.colcon_core.event_handler.log_command:Invoking command in '/home/bmes-endoscope-25/temp_ws/endoscope-control/build/mprls_imu_node': CMAKE_PREFIX_PATH=${CMAKE_PREFIX_PATH}:/opt/ros/jazzy DEBUGINFOD_URLS=https://debuginfod.ubuntu.com /usr/bin/cmake --build /home/bmes-endoscope-25/temp_ws/endoscope-control/build/mprls_imu_node -- -j4 -l4
[54.411s] DEBUG:colcon.colcon_core.event_handler.log_command:Invoked command in '/home/bmes-endoscope-25/temp_ws/endoscope-control/build/mprls_imu_node' returned '0': CMAKE_PREFIX_PATH=${CMAKE_PREFIX_PATH}:/opt/ros/jazzy DEBUGINFOD_URLS=https://debuginfod.ubuntu.com /usr/bin/cmake --build /home/bmes-endoscope-25/temp_ws/endoscope-control/build/mprls_imu_node -- -j4 -l4
[54.468s] DEBUG:colcon.colcon_core.event_handler.log_command:Invoking command in '/home/bmes-endoscope-25/temp_ws/endoscope-control/build/mprls_imu_node': CMAKE_PREFIX_PATH=${CMAKE_PREFIX_PATH}:/opt/ros/jazzy DEBUGINFOD_URLS=https://debuginfod.ubuntu.com /usr/bin/cmake --install /home/bmes-endoscope-25/temp_ws/endoscope-control/build/mprls_imu_node
[54.888s] Level 1:colcon.colcon_core.environment:create_environment_scripts_only(mprls_imu_node)
[54.889s] DEBUG:colcon.colcon_core.event_handler.log_command:Invoked command in '/home/bmes-endoscope-25/temp_ws/endoscope-control/build/mprls_imu_node' returned '0': CMAKE_PREFIX_PATH=${CMAKE_PREFIX_PATH}:/opt/ros/jazzy DEBUGINFOD_URLS=https://debuginfod.ubuntu.com /usr/bin/cmake --install /home/bmes-endoscope-25/temp_ws/endoscope-control/build/mprls_imu_node
[54.898s] Level 1:colcon.colcon_core.environment:checking '/home/bmes-endoscope-25/temp_ws/endoscope-control/install/mprls_imu_node' for CMake module files
[54.903s] Level 1:colcon.colcon_core.environment:checking '/home/bmes-endoscope-25/temp_ws/endoscope-control/install/mprls_imu_node' for CMake config files
[54.907s] Level 1:colcon.colcon_core.shell:create_environment_hook('mprls_imu_node', 'cmake_prefix_path')
[54.907s] INFO:colcon.colcon_core.shell:Creating environment descriptor '/home/bmes-endoscope-25/temp_ws/endoscope-control/install/mprls_imu_node/share/mprls_imu_node/hook/cmake_prefix_path.dsv'
[54.910s] INFO:colcon.colcon_core.shell:Creating environment hook '/home/bmes-endoscope-25/temp_ws/endoscope-control/install/mprls_imu_node/share/mprls_imu_node/hook/cmake_prefix_path.sh'
[54.913s] Level 1:colcon.colcon_core.environment:checking '/home/bmes-endoscope-25/temp_ws/endoscope-control/install/mprls_imu_node/lib'
[54.914s] Level 1:colcon.colcon_core.shell:create_environment_hook('mprls_imu_node', 'ld_library_path_lib')
[54.915s] INFO:colcon.colcon_core.shell:Creating environment descriptor '/home/bmes-endoscope-25/temp_ws/endoscope-control/install/mprls_imu_node/share/mprls_imu_node/hook/ld_library_path_lib.dsv'
[54.916s] INFO:colcon.colcon_core.shell:Creating environment hook '/home/bmes-endoscope-25/temp_ws/endoscope-control/install/mprls_imu_node/share/mprls_imu_node/hook/ld_library_path_lib.sh'
[54.918s] Level 1:colcon.colcon_core.environment:checking '/home/bmes-endoscope-25/temp_ws/endoscope-control/install/mprls_imu_node/bin'
[54.919s] Level 1:colcon.colcon_core.environment:checking '/home/bmes-endoscope-25/temp_ws/endoscope-control/install/mprls_imu_node/lib/pkgconfig/mprls_imu_node.pc'
[54.927s] Level 1:colcon.colcon_core.environment:checking '/home/bmes-endoscope-25/temp_ws/endoscope-control/install/mprls_imu_node/lib/python3.12/site-packages'
[54.928s] Level 1:colcon.colcon_core.shell:create_environment_hook('mprls_imu_node', 'pythonpath')
[54.929s] INFO:colcon.colcon_core.shell:Creating environment descriptor '/home/bmes-endoscope-25/temp_ws/endoscope-control/install/mprls_imu_node/share/mprls_imu_node/hook/pythonpath.dsv'
[54.931s] INFO:colcon.colcon_core.shell:Creating environment hook '/home/bmes-endoscope-25/temp_ws/endoscope-control/install/mprls_imu_node/share/mprls_imu_node/hook/pythonpath.sh'
[54.939s] Level 1:colcon.colcon_core.environment:checking '/home/bmes-endoscope-25/temp_ws/endoscope-control/install/mprls_imu_node/bin'
[54.941s] INFO:colcon.colcon_core.shell:Creating package descriptor '/home/bmes-endoscope-25/temp_ws/endoscope-control/install/mprls_imu_node/share/mprls_imu_node/package.dsv'
[54.944s] INFO:colcon.colcon_core.shell:Creating package script '/home/bmes-endoscope-25/temp_ws/endoscope-control/install/mprls_imu_node/share/mprls_imu_node/package.sh'
[54.947s] INFO:colcon.colcon_core.shell:Creating package script '/home/bmes-endoscope-25/temp_ws/endoscope-control/install/mprls_imu_node/share/mprls_imu_node/package.bash'
[54.950s] INFO:colcon.colcon_core.shell:Creating package script '/home/bmes-endoscope-25/temp_ws/endoscope-control/install/mprls_imu_node/share/mprls_imu_node/package.zsh'
[54.952s] Level 1:colcon.colcon_core.environment:create_file_with_runtime_dependencies(/home/bmes-endoscope-25/temp_ws/endoscope-control/install/mprls_imu_node/share/colcon-core/packages/mprls_imu_node)
[54.955s] Level 1:colcon.colcon_core.environment:create_environment_scripts_only(mprls_imu_node)
[54.955s] Level 1:colcon.colcon_core.environment:checking '/home/bmes-endoscope-25/temp_ws/endoscope-control/install/mprls_imu_node' for CMake module files
[54.960s] Level 1:colcon.colcon_core.environment:checking '/home/bmes-endoscope-25/temp_ws/endoscope-control/install/mprls_imu_node' for CMake config files
[54.963s] Level 1:colcon.colcon_core.shell:create_environment_hook('mprls_imu_node', 'cmake_prefix_path')
[54.964s] INFO:colcon.colcon_core.shell:Creating environment descriptor '/home/bmes-endoscope-25/temp_ws/endoscope-control/install/mprls_imu_node/share/mprls_imu_node/hook/cmake_prefix_path.dsv'
[54.966s] INFO:colcon.colcon_core.shell:Creating environment hook '/home/bmes-endoscope-25/temp_ws/endoscope-control/install/mprls_imu_node/share/mprls_imu_node/hook/cmake_prefix_path.sh'
[54.968s] Level 1:colcon.colcon_core.environment:checking '/home/bmes-endoscope-25/temp_ws/endoscope-control/install/mprls_imu_node/lib'
[54.969s] Level 1:colcon.colcon_core.shell:create_environment_hook('mprls_imu_node', 'ld_library_path_lib')
[54.969s] INFO:colcon.colcon_core.shell:Creating environment descriptor '/home/bmes-endoscope-25/temp_ws/endoscope-control/install/mprls_imu_node/share/mprls_imu_node/hook/ld_library_path_lib.dsv'
[54.971s] INFO:colcon.colcon_core.shell:Creating environment hook '/home/bmes-endoscope-25/temp_ws/endoscope-control/install/mprls_imu_node/share/mprls_imu_node/hook/ld_library_path_lib.sh'
[54.973s] Level 1:colcon.colcon_core.environment:checking '/home/bmes-endoscope-25/temp_ws/endoscope-control/install/mprls_imu_node/bin'
[54.973s] Level 1:colcon.colcon_core.environment:checking '/home/bmes-endoscope-25/temp_ws/endoscope-control/install/mprls_imu_node/lib/pkgconfig/mprls_imu_node.pc'
[54.974s] Level 1:colcon.colcon_core.environment:checking '/home/bmes-endoscope-25/temp_ws/endoscope-control/install/mprls_imu_node/lib/python3.12/site-packages'
[54.975s] Level 1:colcon.colcon_core.shell:create_environment_hook('mprls_imu_node', 'pythonpath')
[54.975s] INFO:colcon.colcon_core.shell:Creating environment descriptor '/home/bmes-endoscope-25/temp_ws/endoscope-control/install/mprls_imu_node/share/mprls_imu_node/hook/pythonpath.dsv'
[54.977s] INFO:colcon.colcon_core.shell:Creating environment hook '/home/bmes-endoscope-25/temp_ws/endoscope-control/install/mprls_imu_node/share/mprls_imu_node/hook/pythonpath.sh'
[54.979s] Level 1:colcon.colcon_core.environment:checking '/home/bmes-endoscope-25/temp_ws/endoscope-control/install/mprls_imu_node/bin'
[54.980s] INFO:colcon.colcon_core.shell:Creating package descriptor '/home/bmes-endoscope-25/temp_ws/endoscope-control/install/mprls_imu_node/share/mprls_imu_node/package.dsv'
[54.983s] INFO:colcon.colcon_core.shell:Creating package script '/home/bmes-endoscope-25/temp_ws/endoscope-control/install/mprls_imu_node/share/mprls_imu_node/package.sh'
[54.985s] INFO:colcon.colcon_core.shell:Creating package script '/home/bmes-endoscope-25/temp_ws/endoscope-control/install/mprls_imu_node/share/mprls_imu_node/package.bash'
[54.987s] INFO:colcon.colcon_core.shell:Creating package script '/home/bmes-endoscope-25/temp_ws/endoscope-control/install/mprls_imu_node/share/mprls_imu_node/package.zsh'
[54.988s] Level 1:colcon.colcon_core.environment:create_file_with_runtime_dependencies(/home/bmes-endoscope-25/temp_ws/endoscope-control/install/mprls_imu_node/share/colcon-core/packages/mprls_imu_node)
[54.990s] DEBUG:colcon.colcon_parallel_executor.executor.parallel:closing loop
[54.991s] DEBUG:colcon.colcon_parallel_executor.executor.parallel:loop closed
[54.992s] DEBUG:colcon.colcon_parallel_executor.executor.parallel:run_until_complete finished with '0'
[54.992s] DEBUG:colcon.colcon_core.event_reactor:joining thread
[55.032s] INFO:colcon.colcon_core.plugin_system:Skipping extension 'colcon_notification.desktop_notification.terminal_notifier': Not used on non-Darwin systems
[55.033s] INFO:colcon.colcon_core.plugin_system:Skipping extension 'colcon_notification.desktop_notification.win32': Not used on non-Windows systems
[55.033s] INFO:colcon.colcon_notification.desktop_notification:Sending desktop notification using 'notify2'
[55.102s] DEBUG:colcon.colcon_core.event_reactor:joined thread
[55.103s] INFO:colcon.colcon_core.shell:Creating prefix script '/home/bmes-endoscope-25/temp_ws/endoscope-control/install/local_setup.sh'
[55.106s] INFO:colcon.colcon_core.shell:Creating prefix util module '/home/bmes-endoscope-25/temp_ws/endoscope-control/install/_local_setup_util_sh.py'
[55.112s] INFO:colcon.colcon_core.shell:Creating prefix chain script '/home/bmes-endoscope-25/temp_ws/endoscope-control/install/setup.sh'
[55.118s] INFO:colcon.colcon_core.shell:Creating prefix script '/home/bmes-endoscope-25/temp_ws/endoscope-control/install/local_setup.bash'
[55.122s] INFO:colcon.colcon_core.shell:Creating prefix chain script '/home/bmes-endoscope-25/temp_ws/endoscope-control/install/setup.bash'
[55.126s] INFO:colcon.colcon_core.shell:Creating prefix script '/home/bmes-endoscope-25/temp_ws/endoscope-control/install/local_setup.zsh'
[55.128s] INFO:colcon.colcon_core.shell:Creating prefix chain script '/home/bmes-endoscope-25/temp_ws/endoscope-control/install/setup.zsh'
