[0.422s] DEBUG:colcon:Command line arguments: ['/usr/bin/colcon', 'build']
[0.423s] DEBUG:colcon:Parsed command line arguments: Namespace(log_base=None, log_level=None, verb_name='build', build_base='build', install_base='install', merge_install=False, symlink_install=False, test_result_base=None, continue_on_error=False, executor='parallel', parallel_workers=4, event_handlers=None, ignore_user_meta=False, metas=['./colcon.meta'], base_paths=['.'], packages_ignore=None, packages_ignore_regex=None, paths=None, packages_up_to=None, packages_up_to_regex=None, packages_above=None, packages_above_and_dependencies=None, packages_above_depth=None, packages_select_by_dep=None, packages_skip_by_dep=None, packages_skip_up_to=None, packages_select_build_failed=False, packages_skip_build_finished=False, packages_select_test_failures=False, packages_skip_test_passed=False, packages_select=None, packages_skip=None, packages_select_regex=None, packages_skip_regex=None, packages_start=None, packages_end=None, cmake_args=None, cmake_target=None, cmake_target_skip_unavailable=False, cmake_clean_cache=False, cmake_clean_first=False, cmake_force_configure=False, ament_cmake_args=None, catkin_cmake_args=None, catkin_skip_building_tests=False, verb_parser=<colcon_defaults.argument_parser.defaults.DefaultArgumentsDecorator object at 0xffff8fcc7740>, verb_extension=<colcon_core.verb.build.BuildVerb object at 0xffff8fbe7560>, main=<bound method BuildVerb.main of <colcon_core.verb.build.BuildVerb object at 0xffff8fbe7560>>)
[0.591s] Level 1:colcon.colcon_core.package_discovery:discover_packages(colcon_meta) check parameters
[0.592s] Level 1:colcon.colcon_core.package_discovery:discover_packages(recursive) check parameters
[0.592s] Level 1:colcon.colcon_core.package_discovery:discover_packages(ignore) check parameters
[0.592s] Level 1:colcon.colcon_core.package_discovery:discover_packages(path) check parameters
[0.592s] Level 1:colcon.colcon_core.package_discovery:discover_packages(colcon_meta) discover
[0.592s] Level 1:colcon.colcon_core.package_discovery:discover_packages(recursive) discover
[0.592s] INFO:colcon.colcon_core.package_discovery:Crawling recursively for packages in '/home/bmes-endoscope-25/temp_ws'
[0.593s] Level 1:colcon.colcon_core.package_identification:_identify(.) by extensions ['ignore', 'ignore_ament_install']
[0.593s] Level 1:colcon.colcon_core.package_identification:_identify(.) by extension 'ignore'
[0.593s] Level 1:colcon.colcon_core.package_identification:_identify(.) by extension 'ignore_ament_install'
[0.594s] Level 1:colcon.colcon_core.package_identification:_identify(.) by extensions ['colcon_pkg']
[0.594s] Level 1:colcon.colcon_core.package_identification:_identify(.) by extension 'colcon_pkg'
[0.594s] Level 1:colcon.colcon_core.package_identification:_identify(.) by extensions ['colcon_meta']
[0.594s] Level 1:colcon.colcon_core.package_identification:_identify(.) by extension 'colcon_meta'
[0.594s] Level 1:colcon.colcon_core.package_identification:_identify(.) by extensions ['ros']
[0.594s] Level 1:colcon.colcon_core.package_identification:_identify(.) by extension 'ros'
[0.696s] Level 1:colcon.colcon_core.package_identification:_identify(.) by extensions ['cmake', 'python']
[0.697s] Level 1:colcon.colcon_core.package_identification:_identify(.) by extension 'cmake'
[0.697s] Level 1:colcon.colcon_core.package_identification:_identify(.) by extension 'python'
[0.697s] Level 1:colcon.colcon_core.package_identification:_identify(.) by extensions ['python_setup_py']
[0.697s] Level 1:colcon.colcon_core.package_identification:_identify(.) by extension 'python_setup_py'
[0.698s] Level 1:colcon.colcon_core.package_identification:_identify(build) by extensions ['ignore', 'ignore_ament_install']
[0.698s] Level 1:colcon.colcon_core.package_identification:_identify(build) by extension 'ignore'
[0.698s] Level 1:colcon.colcon_core.package_identification:_identify(build) ignored
[0.699s] Level 1:colcon.colcon_core.package_identification:_identify(install) by extensions ['ignore', 'ignore_ament_install']
[0.699s] Level 1:colcon.colcon_core.package_identification:_identify(install) by extension 'ignore'
[0.699s] Level 1:colcon.colcon_core.package_identification:_identify(install) ignored
[0.700s] Level 1:colcon.colcon_core.package_identification:_identify(log) by extensions ['ignore', 'ignore_ament_install']
[0.700s] Level 1:colcon.colcon_core.package_identification:_identify(log) by extension 'ignore'
[0.700s] Level 1:colcon.colcon_core.package_identification:_identify(log) ignored
[0.700s] Level 1:colcon.colcon_core.package_identification:_identify(src) by extensions ['ignore', 'ignore_ament_install']
[0.701s] Level 1:colcon.colcon_core.package_identification:_identify(src) by extension 'ignore'
[0.701s] Level 1:colcon.colcon_core.package_identification:_identify(src) by extension 'ignore_ament_install'
[0.701s] Level 1:colcon.colcon_core.package_identification:_identify(src) by extensions ['colcon_pkg']
[0.701s] Level 1:colcon.colcon_core.package_identification:_identify(src) by extension 'colcon_pkg'
[0.701s] Level 1:colcon.colcon_core.package_identification:_identify(src) by extensions ['colcon_meta']
[0.702s] Level 1:colcon.colcon_core.package_identification:_identify(src) by extension 'colcon_meta'
[0.702s] Level 1:colcon.colcon_core.package_identification:_identify(src) by extensions ['ros']
[0.702s] Level 1:colcon.colcon_core.package_identification:_identify(src) by extension 'ros'
[0.702s] Level 1:colcon.colcon_core.package_identification:_identify(src) by extensions ['cmake', 'python']
[0.702s] Level 1:colcon.colcon_core.package_identification:_identify(src) by extension 'cmake'
[0.702s] Level 1:colcon.colcon_core.package_identification:_identify(src) by extension 'python'
[0.703s] Level 1:colcon.colcon_core.package_identification:_identify(src) by extensions ['python_setup_py']
[0.703s] Level 1:colcon.colcon_core.package_identification:_identify(src) by extension 'python_setup_py'
[0.703s] Level 1:colcon.colcon_core.package_identification:_identify(src/mprls_imu_node) by extensions ['ignore', 'ignore_ament_install']
[0.703s] Level 1:colcon.colcon_core.package_identification:_identify(src/mprls_imu_node) by extension 'ignore'
[0.704s] Level 1:colcon.colcon_core.package_identification:_identify(src/mprls_imu_node) by extension 'ignore_ament_install'
[0.704s] Level 1:colcon.colcon_core.package_identification:_identify(src/mprls_imu_node) by extensions ['colcon_pkg']
[0.704s] Level 1:colcon.colcon_core.package_identification:_identify(src/mprls_imu_node) by extension 'colcon_pkg'
[0.704s] Level 1:colcon.colcon_core.package_identification:_identify(src/mprls_imu_node) by extensions ['colcon_meta']
[0.704s] Level 1:colcon.colcon_core.package_identification:_identify(src/mprls_imu_node) by extension 'colcon_meta'
[0.704s] Level 1:colcon.colcon_core.package_identification:_identify(src/mprls_imu_node) by extensions ['ros']
[0.705s] Level 1:colcon.colcon_core.package_identification:_identify(src/mprls_imu_node) by extension 'ros'
[0.713s] DEBUG:colcon.colcon_core.package_identification:Package 'src/mprls_imu_node' with type 'ros.ament_cmake' and name 'mprls_imu_node'
[0.713s] Level 1:colcon.colcon_core.package_discovery:discover_packages(recursive) using defaults
[0.714s] Level 1:colcon.colcon_core.package_discovery:discover_packages(ignore) discover
[0.714s] Level 1:colcon.colcon_core.package_discovery:discover_packages(ignore) using defaults
[0.714s] Level 1:colcon.colcon_core.package_discovery:discover_packages(path) discover
[0.714s] Level 1:colcon.colcon_core.package_discovery:discover_packages(path) using defaults
[0.786s] Level 5:colcon.colcon_core.verb:set package 'mprls_imu_node' build argument 'cmake_args' from command line to 'None'
[0.786s] Level 5:colcon.colcon_core.verb:set package 'mprls_imu_node' build argument 'cmake_target' from command line to 'None'
[0.786s] Level 5:colcon.colcon_core.verb:set package 'mprls_imu_node' build argument 'cmake_target_skip_unavailable' from command line to 'False'
[0.786s] Level 5:colcon.colcon_core.verb:set package 'mprls_imu_node' build argument 'cmake_clean_cache' from command line to 'False'
[0.786s] Level 5:colcon.colcon_core.verb:set package 'mprls_imu_node' build argument 'cmake_clean_first' from command line to 'False'
[0.786s] Level 5:colcon.colcon_core.verb:set package 'mprls_imu_node' build argument 'cmake_force_configure' from command line to 'False'
[0.786s] Level 5:colcon.colcon_core.verb:set package 'mprls_imu_node' build argument 'ament_cmake_args' from command line to 'None'
[0.787s] Level 5:colcon.colcon_core.verb:set package 'mprls_imu_node' build argument 'catkin_cmake_args' from command line to 'None'
[0.787s] Level 5:colcon.colcon_core.verb:set package 'mprls_imu_node' build argument 'catkin_skip_building_tests' from command line to 'False'
[0.787s] DEBUG:colcon.colcon_core.verb:Building package 'mprls_imu_node' with the following arguments: {'ament_cmake_args': None, 'build_base': '/home/bmes-endoscope-25/temp_ws/build/mprls_imu_node', 'catkin_cmake_args': None, 'catkin_skip_building_tests': False, 'cmake_args': None, 'cmake_clean_cache': False, 'cmake_clean_first': False, 'cmake_force_configure': False, 'cmake_target': None, 'cmake_target_skip_unavailable': False, 'install_base': '/home/bmes-endoscope-25/temp_ws/install/mprls_imu_node', 'merge_install': False, 'path': '/home/bmes-endoscope-25/temp_ws/src/mprls_imu_node', 'symlink_install': False, 'test_result_base': None}
[0.787s] INFO:colcon.colcon_core.executor:Executing jobs using 'parallel' executor
[0.791s] DEBUG:colcon.colcon_parallel_executor.executor.parallel:run_until_complete
[0.792s] INFO:colcon.colcon_ros.task.ament_cmake.build:Building ROS package in '/home/bmes-endoscope-25/temp_ws/src/mprls_imu_node' with build type 'ament_cmake'
[0.792s] INFO:colcon.colcon_cmake.task.cmake.build:Building CMake package in '/home/bmes-endoscope-25/temp_ws/src/mprls_imu_node'
[0.803s] INFO:colcon.colcon_core.plugin_system:Skipping extension 'colcon_core.shell.bat': Not used on non-Windows systems
[0.804s] DEBUG:colcon.colcon_core.shell:Skip shell extension 'dsv' for command environment
[0.876s] DEBUG:colcon.colcon_core.event_handler.log_command:Invoking command in '/home/bmes-endoscope-25/temp_ws/build/mprls_imu_node': CMAKE_PREFIX_PATH=${CMAKE_PREFIX_PATH}:/opt/ros/jazzy DEBUGINFOD_URLS=https://debuginfod.ubuntu.com /usr/bin/cmake --build /home/bmes-endoscope-25/temp_ws/build/mprls_imu_node -- -j4 -l4
[5.836s] DEBUG:colcon.colcon_core.event_handler.log_command:Invoked command in '/home/bmes-endoscope-25/temp_ws/build/mprls_imu_node' returned '0': CMAKE_PREFIX_PATH=${CMAKE_PREFIX_PATH}:/opt/ros/jazzy DEBUGINFOD_URLS=https://debuginfod.ubuntu.com /usr/bin/cmake --build /home/bmes-endoscope-25/temp_ws/build/mprls_imu_node -- -j4 -l4
[5.899s] DEBUG:colcon.colcon_core.event_handler.log_command:Invoking command in '/home/bmes-endoscope-25/temp_ws/build/mprls_imu_node': CMAKE_PREFIX_PATH=${CMAKE_PREFIX_PATH}:/opt/ros/jazzy DEBUGINFOD_URLS=https://debuginfod.ubuntu.com /usr/bin/cmake --install /home/bmes-endoscope-25/temp_ws/build/mprls_imu_node
[6.268s] Level 1:colcon.colcon_core.environment:create_environment_scripts_only(mprls_imu_node)
[6.271s] DEBUG:colcon.colcon_core.event_handler.log_command:Invoked command in '/home/bmes-endoscope-25/temp_ws/build/mprls_imu_node' returned '0': CMAKE_PREFIX_PATH=${CMAKE_PREFIX_PATH}:/opt/ros/jazzy DEBUGINFOD_URLS=https://debuginfod.ubuntu.com /usr/bin/cmake --install /home/bmes-endoscope-25/temp_ws/build/mprls_imu_node
[6.282s] Level 1:colcon.colcon_core.environment:checking '/home/bmes-endoscope-25/temp_ws/install/mprls_imu_node' for CMake module files
[6.287s] Level 1:colcon.colcon_core.environment:checking '/home/bmes-endoscope-25/temp_ws/install/mprls_imu_node' for CMake config files
[6.291s] Level 1:colcon.colcon_core.shell:create_environment_hook('mprls_imu_node', 'cmake_prefix_path')
[6.291s] INFO:colcon.colcon_core.shell:Creating environment descriptor '/home/bmes-endoscope-25/temp_ws/install/mprls_imu_node/share/mprls_imu_node/hook/cmake_prefix_path.dsv'
[6.293s] INFO:colcon.colcon_core.shell:Creating environment hook '/home/bmes-endoscope-25/temp_ws/install/mprls_imu_node/share/mprls_imu_node/hook/cmake_prefix_path.sh'
[6.297s] Level 1:colcon.colcon_core.environment:checking '/home/bmes-endoscope-25/temp_ws/install/mprls_imu_node/lib'
[6.299s] Level 1:colcon.colcon_core.shell:create_environment_hook('mprls_imu_node', 'ld_library_path_lib')
[6.300s] INFO:colcon.colcon_core.shell:Creating environment descriptor '/home/bmes-endoscope-25/temp_ws/install/mprls_imu_node/share/mprls_imu_node/hook/ld_library_path_lib.dsv'
[6.303s] INFO:colcon.colcon_core.shell:Creating environment hook '/home/bmes-endoscope-25/temp_ws/install/mprls_imu_node/share/mprls_imu_node/hook/ld_library_path_lib.sh'
[6.305s] Level 1:colcon.colcon_core.environment:checking '/home/bmes-endoscope-25/temp_ws/install/mprls_imu_node/bin'
[6.305s] Level 1:colcon.colcon_core.environment:checking '/home/bmes-endoscope-25/temp_ws/install/mprls_imu_node/lib/pkgconfig/mprls_imu_node.pc'
[6.313s] Level 1:colcon.colcon_core.environment:checking '/home/bmes-endoscope-25/temp_ws/install/mprls_imu_node/lib/python3.12/site-packages'
[6.314s] Level 1:colcon.colcon_core.shell:create_environment_hook('mprls_imu_node', 'pythonpath')
[6.315s] INFO:colcon.colcon_core.shell:Creating environment descriptor '/home/bmes-endoscope-25/temp_ws/install/mprls_imu_node/share/mprls_imu_node/hook/pythonpath.dsv'
[6.317s] INFO:colcon.colcon_core.shell:Creating environment hook '/home/bmes-endoscope-25/temp_ws/install/mprls_imu_node/share/mprls_imu_node/hook/pythonpath.sh'
[6.319s] Level 1:colcon.colcon_core.environment:checking '/home/bmes-endoscope-25/temp_ws/install/mprls_imu_node/bin'
[6.320s] INFO:colcon.colcon_core.shell:Creating package descriptor '/home/bmes-endoscope-25/temp_ws/install/mprls_imu_node/share/mprls_imu_node/package.dsv'
[6.323s] INFO:colcon.colcon_core.shell:Creating package script '/home/bmes-endoscope-25/temp_ws/install/mprls_imu_node/share/mprls_imu_node/package.sh'
[6.326s] INFO:colcon.colcon_core.shell:Creating package script '/home/bmes-endoscope-25/temp_ws/install/mprls_imu_node/share/mprls_imu_node/package.bash'
[6.329s] INFO:colcon.colcon_core.shell:Creating package script '/home/bmes-endoscope-25/temp_ws/install/mprls_imu_node/share/mprls_imu_node/package.zsh'
[6.331s] Level 1:colcon.colcon_core.environment:create_file_with_runtime_dependencies(/home/bmes-endoscope-25/temp_ws/install/mprls_imu_node/share/colcon-core/packages/mprls_imu_node)
[6.337s] Level 1:colcon.colcon_core.environment:create_environment_scripts_only(mprls_imu_node)
[6.338s] Level 1:colcon.colcon_core.environment:checking '/home/bmes-endoscope-25/temp_ws/install/mprls_imu_node' for CMake module files
[6.343s] Level 1:colcon.colcon_core.environment:checking '/home/bmes-endoscope-25/temp_ws/install/mprls_imu_node' for CMake config files
[6.347s] Level 1:colcon.colcon_core.shell:create_environment_hook('mprls_imu_node', 'cmake_prefix_path')
[6.348s] INFO:colcon.colcon_core.shell:Creating environment descriptor '/home/bmes-endoscope-25/temp_ws/install/mprls_imu_node/share/mprls_imu_node/hook/cmake_prefix_path.dsv'
[6.351s] INFO:colcon.colcon_core.shell:Creating environment hook '/home/bmes-endoscope-25/temp_ws/install/mprls_imu_node/share/mprls_imu_node/hook/cmake_prefix_path.sh'
[6.354s] Level 1:colcon.colcon_core.environment:checking '/home/bmes-endoscope-25/temp_ws/install/mprls_imu_node/lib'
[6.355s] Level 1:colcon.colcon_core.shell:create_environment_hook('mprls_imu_node', 'ld_library_path_lib')
[6.356s] INFO:colcon.colcon_core.shell:Creating environment descriptor '/home/bmes-endoscope-25/temp_ws/install/mprls_imu_node/share/mprls_imu_node/hook/ld_library_path_lib.dsv'
[6.360s] INFO:colcon.colcon_core.shell:Creating environment hook '/home/bmes-endoscope-25/temp_ws/install/mprls_imu_node/share/mprls_imu_node/hook/ld_library_path_lib.sh'
[6.367s] Level 1:colcon.colcon_core.environment:checking '/home/bmes-endoscope-25/temp_ws/install/mprls_imu_node/bin'
[6.368s] Level 1:colcon.colcon_core.environment:checking '/home/bmes-endoscope-25/temp_ws/install/mprls_imu_node/lib/pkgconfig/mprls_imu_node.pc'
[6.369s] Level 1:colcon.colcon_core.environment:checking '/home/bmes-endoscope-25/temp_ws/install/mprls_imu_node/lib/python3.12/site-packages'
[6.370s] Level 1:colcon.colcon_core.shell:create_environment_hook('mprls_imu_node', 'pythonpath')
[6.372s] INFO:colcon.colcon_core.shell:Creating environment descriptor '/home/bmes-endoscope-25/temp_ws/install/mprls_imu_node/share/mprls_imu_node/hook/pythonpath.dsv'
[6.374s] INFO:colcon.colcon_core.shell:Creating environment hook '/home/bmes-endoscope-25/temp_ws/install/mprls_imu_node/share/mprls_imu_node/hook/pythonpath.sh'
[6.377s] Level 1:colcon.colcon_core.environment:checking '/home/bmes-endoscope-25/temp_ws/install/mprls_imu_node/bin'
[6.378s] INFO:colcon.colcon_core.shell:Creating package descriptor '/home/bmes-endoscope-25/temp_ws/install/mprls_imu_node/share/mprls_imu_node/package.dsv'
[6.380s] INFO:colcon.colcon_core.shell:Creating package script '/home/bmes-endoscope-25/temp_ws/install/mprls_imu_node/share/mprls_imu_node/package.sh'
[6.384s] INFO:colcon.colcon_core.shell:Creating package script '/home/bmes-endoscope-25/temp_ws/install/mprls_imu_node/share/mprls_imu_node/package.bash'
[6.386s] INFO:colcon.colcon_core.shell:Creating package script '/home/bmes-endoscope-25/temp_ws/install/mprls_imu_node/share/mprls_imu_node/package.zsh'
[6.388s] Level 1:colcon.colcon_core.environment:create_file_with_runtime_dependencies(/home/bmes-endoscope-25/temp_ws/install/mprls_imu_node/share/colcon-core/packages/mprls_imu_node)
[6.390s] DEBUG:colcon.colcon_parallel_executor.executor.parallel:closing loop
[6.391s] DEBUG:colcon.colcon_parallel_executor.executor.parallel:loop closed
[6.392s] DEBUG:colcon.colcon_parallel_executor.executor.parallel:run_until_complete finished with '0'
[6.392s] DEBUG:colcon.colcon_core.event_reactor:joining thread
[6.429s] INFO:colcon.colcon_core.plugin_system:Skipping extension 'colcon_notification.desktop_notification.terminal_notifier': Not used on non-Darwin systems
[6.430s] INFO:colcon.colcon_core.plugin_system:Skipping extension 'colcon_notification.desktop_notification.win32': Not used on non-Windows systems
[6.430s] INFO:colcon.colcon_notification.desktop_notification:Sending desktop notification using 'notify2'
[6.514s] DEBUG:colcon.colcon_core.event_reactor:joined thread
[6.515s] INFO:colcon.colcon_core.shell:Creating prefix script '/home/bmes-endoscope-25/temp_ws/install/local_setup.sh'
[6.518s] INFO:colcon.colcon_core.shell:Creating prefix util module '/home/bmes-endoscope-25/temp_ws/install/_local_setup_util_sh.py'
[6.524s] INFO:colcon.colcon_core.shell:Creating prefix chain script '/home/bmes-endoscope-25/temp_ws/install/setup.sh'
[6.529s] INFO:colcon.colcon_core.shell:Creating prefix script '/home/bmes-endoscope-25/temp_ws/install/local_setup.bash'
[6.533s] INFO:colcon.colcon_core.shell:Creating prefix chain script '/home/bmes-endoscope-25/temp_ws/install/setup.bash'
[6.539s] INFO:colcon.colcon_core.shell:Creating prefix script '/home/bmes-endoscope-25/temp_ws/install/local_setup.zsh'
[6.542s] INFO:colcon.colcon_core.shell:Creating prefix chain script '/home/bmes-endoscope-25/temp_ws/install/setup.zsh'
