[0.084s] Invoking command in '/home/bmes-endoscope-25/temp_ws/build/mprls_imu_node': CMAKE_PREFIX_PATH=${CMAKE_PREFIX_PATH}:/opt/ros/jazzy DEBUGINFOD_URLS=https://debuginfod.ubuntu.com /usr/bin/cmake --build /home/bmes-endoscope-25/temp_ws/build/mprls_imu_node -- -j4 -l4
[0.235s] -- Found ament_cmake: 2.5.3 (/opt/ros/jazzy/share/ament_cmake/cmake)
[1.390s] -- Found ament_lint_auto: 0.17.1 (/opt/ros/jazzy/share/ament_lint_auto/cmake)
[1.881s] -- Added test 'cppcheck' to perform static code analysis on C / C++ code
[1.882s] -- Configured cppcheck include dirs: /home/bmes-endoscope-25/temp_ws/src/mprls_imu_node/include
[1.882s] -- Configured cppcheck exclude dirs and/or files: 
[1.885s] -- Added test 'lint_cmake' to check CMake code style
[1.892s] -- Added test 'uncrustify' to check C / C++ code style
[1.892s] -- Configured uncrustify additional arguments: 
[1.894s] -- Added test 'xmllint' to check XML markup files
[1.898s] -- Configuring done (1.7s)
[1.936s] -- Generating done (0.0s)
[1.952s] -- Build files have been written to: /home/bmes-endoscope-25/temp_ws/build/mprls_imu_node
[2.154s] [100%] Built target test_tca
[2.209s] Invoked command in '/home/bmes-endoscope-25/temp_ws/build/mprls_imu_node' returned '0': CMAKE_PREFIX_PATH=${CMAKE_PREFIX_PATH}:/opt/ros/jazzy DEBUGINFOD_URLS=https://debuginfod.ubuntu.com /usr/bin/cmake --build /home/bmes-endoscope-25/temp_ws/build/mprls_imu_node -- -j4 -l4
[2.271s] Invoking command in '/home/bmes-endoscope-25/temp_ws/build/mprls_imu_node': CMAKE_PREFIX_PATH=${CMAKE_PREFIX_PATH}:/opt/ros/jazzy DEBUGINFOD_URLS=https://debuginfod.ubuntu.com /usr/bin/cmake --install /home/bmes-endoscope-25/temp_ws/build/mprls_imu_node
[2.312s] -- Install configuration: ""
[2.313s] -- Installing: /home/bmes-endoscope-25/temp_ws/install/mprls_imu_node/lib/mprls_imu_node/test_tca
[2.315s] -- Up-to-date: /home/bmes-endoscope-25/temp_ws/install/mprls_imu_node/share/ament_index/resource_index/package_run_dependencies/mprls_imu_node
[2.316s] -- Installing: /home/bmes-endoscope-25/temp_ws/install/mprls_imu_node/share/ament_index/resource_index/parent_prefix_path/mprls_imu_node
[2.317s] -- Up-to-date: /home/bmes-endoscope-25/temp_ws/install/mprls_imu_node/share/mprls_imu_node/environment/ament_prefix_path.sh
[2.318s] -- Up-to-date: /home/bmes-endoscope-25/temp_ws/install/mprls_imu_node/share/mprls_imu_node/environment/ament_prefix_path.dsv
[2.319s] -- Up-to-date: /home/bmes-endoscope-25/temp_ws/install/mprls_imu_node/share/mprls_imu_node/environment/path.sh
[2.319s] -- Up-to-date: /home/bmes-endoscope-25/temp_ws/install/mprls_imu_node/share/mprls_imu_node/environment/path.dsv
[2.320s] -- Up-to-date: /home/bmes-endoscope-25/temp_ws/install/mprls_imu_node/share/mprls_imu_node/local_setup.bash
[2.321s] -- Up-to-date: /home/bmes-endoscope-25/temp_ws/install/mprls_imu_node/share/mprls_imu_node/local_setup.sh
[2.321s] -- Up-to-date: /home/bmes-endoscope-25/temp_ws/install/mprls_imu_node/share/mprls_imu_node/local_setup.zsh
[2.322s] -- Up-to-date: /home/bmes-endoscope-25/temp_ws/install/mprls_imu_node/share/mprls_imu_node/local_setup.dsv
[2.322s] -- Installing: /home/bmes-endoscope-25/temp_ws/install/mprls_imu_node/share/mprls_imu_node/package.dsv
[2.323s] -- Up-to-date: /home/bmes-endoscope-25/temp_ws/install/mprls_imu_node/share/ament_index/resource_index/packages/mprls_imu_node
[2.324s] -- Up-to-date: /home/bmes-endoscope-25/temp_ws/install/mprls_imu_node/share/mprls_imu_node/cmake/mprls_imu_nodeConfig.cmake
[2.324s] -- Up-to-date: /home/bmes-endoscope-25/temp_ws/install/mprls_imu_node/share/mprls_imu_node/cmake/mprls_imu_nodeConfig-version.cmake
[2.325s] -- Up-to-date: /home/bmes-endoscope-25/temp_ws/install/mprls_imu_node/share/mprls_imu_node/package.xml
[2.338s] Invoked command in '/home/bmes-endoscope-25/temp_ws/build/mprls_imu_node' returned '0': CMAKE_PREFIX_PATH=${CMAKE_PREFIX_PATH}:/opt/ros/jazzy DEBUGINFOD_URLS=https://debuginfod.ubuntu.com /usr/bin/cmake --install /home/bmes-endoscope-25/temp_ws/build/mprls_imu_node
