[0.451s] DEBUG:colcon:Command line arguments: ['/usr/bin/colcon', 'build']
[0.451s] DEBUG:colcon:Parsed command line arguments: Namespace(log_base=None, log_level=None, verb_name='build', build_base='build', install_base='install', merge_install=False, symlink_install=False, test_result_base=None, continue_on_error=False, executor='parallel', parallel_workers=4, event_handlers=None, ignore_user_meta=False, metas=['./colcon.meta'], base_paths=['.'], packages_ignore=None, packages_ignore_regex=None, paths=None, packages_up_to=None, packages_up_to_regex=None, packages_above=None, packages_above_and_dependencies=None, packages_above_depth=None, packages_select_by_dep=None, packages_skip_by_dep=None, packages_skip_up_to=None, packages_select_build_failed=False, packages_skip_build_finished=False, packages_select_test_failures=False, packages_skip_test_passed=False, packages_select=None, packages_skip=None, packages_select_regex=None, packages_skip_regex=None, packages_start=None, packages_end=None, cmake_args=None, cmake_target=None, cmake_target_skip_unavailable=False, cmake_clean_cache=False, cmake_clean_first=False, cmake_force_configure=False, ament_cmake_args=None, catkin_cmake_args=None, catkin_skip_building_tests=False, verb_parser=<colcon_defaults.argument_parser.defaults.DefaultArgumentsDecorator object at 0xffffb35cb650>, verb_extension=<colcon_core.verb.build.BuildVerb object at 0xffffb34eb680>, main=<bound method BuildVerb.main of <colcon_core.verb.build.BuildVerb object at 0xffffb34eb680>>)
[0.625s] Level 1:colcon.colcon_core.package_discovery:discover_packages(colcon_meta) check parameters
[0.626s] Level 1:colcon.colcon_core.package_discovery:discover_packages(recursive) check parameters
[0.626s] Level 1:colcon.colcon_core.package_discovery:discover_packages(ignore) check parameters
[0.626s] Level 1:colcon.colcon_core.package_discovery:discover_packages(path) check parameters
[0.626s] Level 1:colcon.colcon_core.package_discovery:discover_packages(colcon_meta) discover
[0.626s] Level 1:colcon.colcon_core.package_discovery:discover_packages(recursive) discover
[0.627s] INFO:colcon.colcon_core.package_discovery:Crawling recursively for packages in '/home/bmes-endoscope-25/temp_ws'
[0.627s] Level 1:colcon.colcon_core.package_identification:_identify(.) by extensions ['ignore', 'ignore_ament_install']
[0.627s] Level 1:colcon.colcon_core.package_identification:_identify(.) by extension 'ignore'
[0.628s] Level 1:colcon.colcon_core.package_identification:_identify(.) by extension 'ignore_ament_install'
[0.628s] Level 1:colcon.colcon_core.package_identification:_identify(.) by extensions ['colcon_pkg']
[0.628s] Level 1:colcon.colcon_core.package_identification:_identify(.) by extension 'colcon_pkg'
[0.628s] Level 1:colcon.colcon_core.package_identification:_identify(.) by extensions ['colcon_meta']
[0.628s] Level 1:colcon.colcon_core.package_identification:_identify(.) by extension 'colcon_meta'
[0.628s] Level 1:colcon.colcon_core.package_identification:_identify(.) by extensions ['ros']
[0.628s] Level 1:colcon.colcon_core.package_identification:_identify(.) by extension 'ros'
[0.734s] Level 1:colcon.colcon_core.package_identification:_identify(.) by extensions ['cmake', 'python']
[0.734s] Level 1:colcon.colcon_core.package_identification:_identify(.) by extension 'cmake'
[0.734s] Level 1:colcon.colcon_core.package_identification:_identify(.) by extension 'python'
[0.735s] Level 1:colcon.colcon_core.package_identification:_identify(.) by extensions ['python_setup_py']
[0.735s] Level 1:colcon.colcon_core.package_identification:_identify(.) by extension 'python_setup_py'
[0.736s] Level 1:colcon.colcon_core.package_identification:_identify(build) by extensions ['ignore', 'ignore_ament_install']
[0.736s] Level 1:colcon.colcon_core.package_identification:_identify(build) by extension 'ignore'
[0.737s] Level 1:colcon.colcon_core.package_identification:_identify(build) ignored
[0.738s] Level 1:colcon.colcon_core.package_identification:_identify(install) by extensions ['ignore', 'ignore_ament_install']
[0.738s] Level 1:colcon.colcon_core.package_identification:_identify(install) by extension 'ignore'
[0.739s] Level 1:colcon.colcon_core.package_identification:_identify(install) ignored
[0.739s] Level 1:colcon.colcon_core.package_identification:_identify(log) by extensions ['ignore', 'ignore_ament_install']
[0.740s] Level 1:colcon.colcon_core.package_identification:_identify(log) by extension 'ignore'
[0.741s] Level 1:colcon.colcon_core.package_identification:_identify(log) ignored
[0.741s] Level 1:colcon.colcon_core.package_identification:_identify(src) by extensions ['ignore', 'ignore_ament_install']
[0.742s] Level 1:colcon.colcon_core.package_identification:_identify(src) by extension 'ignore'
[0.742s] Level 1:colcon.colcon_core.package_identification:_identify(src) by extension 'ignore_ament_install'
[0.743s] Level 1:colcon.colcon_core.package_identification:_identify(src) by extensions ['colcon_pkg']
[0.743s] Level 1:colcon.colcon_core.package_identification:_identify(src) by extension 'colcon_pkg'
[0.744s] Level 1:colcon.colcon_core.package_identification:_identify(src) by extensions ['colcon_meta']
[0.744s] Level 1:colcon.colcon_core.package_identification:_identify(src) by extension 'colcon_meta'
[0.744s] Level 1:colcon.colcon_core.package_identification:_identify(src) by extensions ['ros']
[0.744s] Level 1:colcon.colcon_core.package_identification:_identify(src) by extension 'ros'
[0.745s] Level 1:colcon.colcon_core.package_identification:_identify(src) by extensions ['cmake', 'python']
[0.745s] Level 1:colcon.colcon_core.package_identification:_identify(src) by extension 'cmake'
[0.746s] Level 1:colcon.colcon_core.package_identification:_identify(src) by extension 'python'
[0.746s] Level 1:colcon.colcon_core.package_identification:_identify(src) by extensions ['python_setup_py']
[0.747s] Level 1:colcon.colcon_core.package_identification:_identify(src) by extension 'python_setup_py'
[0.747s] Level 1:colcon.colcon_core.package_identification:_identify(src/mprls_imu_node) by extensions ['ignore', 'ignore_ament_install']
[0.748s] Level 1:colcon.colcon_core.package_identification:_identify(src/mprls_imu_node) by extension 'ignore'
[0.748s] Level 1:colcon.colcon_core.package_identification:_identify(src/mprls_imu_node) by extension 'ignore_ament_install'
[0.749s] Level 1:colcon.colcon_core.package_identification:_identify(src/mprls_imu_node) by extensions ['colcon_pkg']
[0.749s] Level 1:colcon.colcon_core.package_identification:_identify(src/mprls_imu_node) by extension 'colcon_pkg'
[0.750s] Level 1:colcon.colcon_core.package_identification:_identify(src/mprls_imu_node) by extensions ['colcon_meta']
[0.751s] Level 1:colcon.colcon_core.package_identification:_identify(src/mprls_imu_node) by extension 'colcon_meta'
[0.751s] Level 1:colcon.colcon_core.package_identification:_identify(src/mprls_imu_node) by extensions ['ros']
[0.752s] Level 1:colcon.colcon_core.package_identification:_identify(src/mprls_imu_node) by extension 'ros'
[0.766s] DEBUG:colcon.colcon_core.package_identification:Package 'src/mprls_imu_node' with type 'ros.ament_cmake' and name 'mprls_imu_node'
[0.766s] Level 1:colcon.colcon_core.package_discovery:discover_packages(recursive) using defaults
[0.766s] Level 1:colcon.colcon_core.package_discovery:discover_packages(ignore) discover
[0.766s] Level 1:colcon.colcon_core.package_discovery:discover_packages(ignore) using defaults
[0.766s] Level 1:colcon.colcon_core.package_discovery:discover_packages(path) discover
[0.767s] Level 1:colcon.colcon_core.package_discovery:discover_packages(path) using defaults
[0.900s] Level 5:colcon.colcon_core.verb:set package 'mprls_imu_node' build argument 'cmake_args' from command line to 'None'
[0.901s] Level 5:colcon.colcon_core.verb:set package 'mprls_imu_node' build argument 'cmake_target' from command line to 'None'
[0.901s] Level 5:colcon.colcon_core.verb:set package 'mprls_imu_node' build argument 'cmake_target_skip_unavailable' from command line to 'False'
[0.901s] Level 5:colcon.colcon_core.verb:set package 'mprls_imu_node' build argument 'cmake_clean_cache' from command line to 'False'
[0.901s] Level 5:colcon.colcon_core.verb:set package 'mprls_imu_node' build argument 'cmake_clean_first' from command line to 'False'
[0.901s] Level 5:colcon.colcon_core.verb:set package 'mprls_imu_node' build argument 'cmake_force_configure' from command line to 'False'
[0.902s] Level 5:colcon.colcon_core.verb:set package 'mprls_imu_node' build argument 'ament_cmake_args' from command line to 'None'
[0.902s] Level 5:colcon.colcon_core.verb:set package 'mprls_imu_node' build argument 'catkin_cmake_args' from command line to 'None'
[0.902s] Level 5:colcon.colcon_core.verb:set package 'mprls_imu_node' build argument 'catkin_skip_building_tests' from command line to 'False'
[0.902s] DEBUG:colcon.colcon_core.verb:Building package 'mprls_imu_node' with the following arguments: {'ament_cmake_args': None, 'build_base': '/home/bmes-endoscope-25/temp_ws/build/mprls_imu_node', 'catkin_cmake_args': None, 'catkin_skip_building_tests': False, 'cmake_args': None, 'cmake_clean_cache': False, 'cmake_clean_first': False, 'cmake_force_configure': False, 'cmake_target': None, 'cmake_target_skip_unavailable': False, 'install_base': '/home/bmes-endoscope-25/temp_ws/install/mprls_imu_node', 'merge_install': False, 'path': '/home/bmes-endoscope-25/temp_ws/src/mprls_imu_node', 'symlink_install': False, 'test_result_base': None}
[0.903s] INFO:colcon.colcon_core.executor:Executing jobs using 'parallel' executor
[0.907s] DEBUG:colcon.colcon_parallel_executor.executor.parallel:run_until_complete
[0.908s] INFO:colcon.colcon_ros.task.ament_cmake.build:Building ROS package in '/home/bmes-endoscope-25/temp_ws/src/mprls_imu_node' with build type 'ament_cmake'
[0.911s] INFO:colcon.colcon_cmake.task.cmake.build:Building CMake package in '/home/bmes-endoscope-25/temp_ws/src/mprls_imu_node'
[0.930s] INFO:colcon.colcon_core.plugin_system:Skipping extension 'colcon_core.shell.bat': Not used on non-Windows systems
[0.931s] DEBUG:colcon.colcon_core.shell:Skip shell extension 'dsv' for command environment
[1.010s] DEBUG:colcon.colcon_core.event_handler.log_command:Invoking command in '/home/bmes-endoscope-25/temp_ws/build/mprls_imu_node': CMAKE_PREFIX_PATH=${CMAKE_PREFIX_PATH}:/opt/ros/jazzy DEBUGINFOD_URLS=https://debuginfod.ubuntu.com /usr/bin/cmake --build /home/bmes-endoscope-25/temp_ws/build/mprls_imu_node -- -j4 -l4
[28.413s] DEBUG:colcon.colcon_core.event_handler.log_command:Invoked command in '/home/bmes-endoscope-25/temp_ws/build/mprls_imu_node' returned '0': CMAKE_PREFIX_PATH=${CMAKE_PREFIX_PATH}:/opt/ros/jazzy DEBUGINFOD_URLS=https://debuginfod.ubuntu.com /usr/bin/cmake --build /home/bmes-endoscope-25/temp_ws/build/mprls_imu_node -- -j4 -l4
[28.478s] DEBUG:colcon.colcon_core.event_handler.log_command:Invoking command in '/home/bmes-endoscope-25/temp_ws/build/mprls_imu_node': CMAKE_PREFIX_PATH=${CMAKE_PREFIX_PATH}:/opt/ros/jazzy DEBUGINFOD_URLS=https://debuginfod.ubuntu.com /usr/bin/cmake --install /home/bmes-endoscope-25/temp_ws/build/mprls_imu_node
[28.924s] Level 1:colcon.colcon_core.environment:create_environment_scripts_only(mprls_imu_node)
[28.929s] DEBUG:colcon.colcon_core.event_handler.log_command:Invoked command in '/home/bmes-endoscope-25/temp_ws/build/mprls_imu_node' returned '0': CMAKE_PREFIX_PATH=${CMAKE_PREFIX_PATH}:/opt/ros/jazzy DEBUGINFOD_URLS=https://debuginfod.ubuntu.com /usr/bin/cmake --install /home/bmes-endoscope-25/temp_ws/build/mprls_imu_node
[28.939s] Level 1:colcon.colcon_core.environment:checking '/home/bmes-endoscope-25/temp_ws/install/mprls_imu_node' for CMake module files
[28.944s] Level 1:colcon.colcon_core.environment:checking '/home/bmes-endoscope-25/temp_ws/install/mprls_imu_node' for CMake config files
[28.948s] Level 1:colcon.colcon_core.shell:create_environment_hook('mprls_imu_node', 'cmake_prefix_path')
[28.949s] INFO:colcon.colcon_core.shell:Creating environment descriptor '/home/bmes-endoscope-25/temp_ws/install/mprls_imu_node/share/mprls_imu_node/hook/cmake_prefix_path.dsv'
[28.953s] INFO:colcon.colcon_core.shell:Creating environment hook '/home/bmes-endoscope-25/temp_ws/install/mprls_imu_node/share/mprls_imu_node/hook/cmake_prefix_path.sh'
[28.958s] Level 1:colcon.colcon_core.environment:checking '/home/bmes-endoscope-25/temp_ws/install/mprls_imu_node/lib'
[28.959s] Level 1:colcon.colcon_core.shell:create_environment_hook('mprls_imu_node', 'ld_library_path_lib')
[28.961s] INFO:colcon.colcon_core.shell:Creating environment descriptor '/home/bmes-endoscope-25/temp_ws/install/mprls_imu_node/share/mprls_imu_node/hook/ld_library_path_lib.dsv'
[28.967s] INFO:colcon.colcon_core.shell:Creating environment hook '/home/bmes-endoscope-25/temp_ws/install/mprls_imu_node/share/mprls_imu_node/hook/ld_library_path_lib.sh'
[28.974s] Level 1:colcon.colcon_core.environment:checking '/home/bmes-endoscope-25/temp_ws/install/mprls_imu_node/bin'
[28.975s] Level 1:colcon.colcon_core.environment:checking '/home/bmes-endoscope-25/temp_ws/install/mprls_imu_node/lib/pkgconfig/mprls_imu_node.pc'
[28.998s] Level 1:colcon.colcon_core.environment:checking '/home/bmes-endoscope-25/temp_ws/install/mprls_imu_node/lib/python3.12/site-packages'
[29.001s] Level 1:colcon.colcon_core.shell:create_environment_hook('mprls_imu_node', 'pythonpath')
[29.004s] INFO:colcon.colcon_core.shell:Creating environment descriptor '/home/bmes-endoscope-25/temp_ws/install/mprls_imu_node/share/mprls_imu_node/hook/pythonpath.dsv'
[29.010s] INFO:colcon.colcon_core.shell:Creating environment hook '/home/bmes-endoscope-25/temp_ws/install/mprls_imu_node/share/mprls_imu_node/hook/pythonpath.sh'
[29.016s] Level 1:colcon.colcon_core.environment:checking '/home/bmes-endoscope-25/temp_ws/install/mprls_imu_node/bin'
[29.019s] INFO:colcon.colcon_core.shell:Creating package descriptor '/home/bmes-endoscope-25/temp_ws/install/mprls_imu_node/share/mprls_imu_node/package.dsv'
[29.025s] INFO:colcon.colcon_core.shell:Creating package script '/home/bmes-endoscope-25/temp_ws/install/mprls_imu_node/share/mprls_imu_node/package.sh'
[29.031s] INFO:colcon.colcon_core.shell:Creating package script '/home/bmes-endoscope-25/temp_ws/install/mprls_imu_node/share/mprls_imu_node/package.bash'
[29.042s] INFO:colcon.colcon_core.shell:Creating package script '/home/bmes-endoscope-25/temp_ws/install/mprls_imu_node/share/mprls_imu_node/package.zsh'
[29.047s] Level 1:colcon.colcon_core.environment:create_file_with_runtime_dependencies(/home/bmes-endoscope-25/temp_ws/install/mprls_imu_node/share/colcon-core/packages/mprls_imu_node)
[29.052s] Level 1:colcon.colcon_core.environment:create_environment_scripts_only(mprls_imu_node)
[29.052s] Level 1:colcon.colcon_core.environment:checking '/home/bmes-endoscope-25/temp_ws/install/mprls_imu_node' for CMake module files
[29.058s] Level 1:colcon.colcon_core.environment:checking '/home/bmes-endoscope-25/temp_ws/install/mprls_imu_node' for CMake config files
[29.063s] Level 1:colcon.colcon_core.shell:create_environment_hook('mprls_imu_node', 'cmake_prefix_path')
[29.064s] INFO:colcon.colcon_core.shell:Creating environment descriptor '/home/bmes-endoscope-25/temp_ws/install/mprls_imu_node/share/mprls_imu_node/hook/cmake_prefix_path.dsv'
[29.069s] INFO:colcon.colcon_core.shell:Creating environment hook '/home/bmes-endoscope-25/temp_ws/install/mprls_imu_node/share/mprls_imu_node/hook/cmake_prefix_path.sh'
[29.080s] Level 1:colcon.colcon_core.environment:checking '/home/bmes-endoscope-25/temp_ws/install/mprls_imu_node/lib'
[29.081s] Level 1:colcon.colcon_core.shell:create_environment_hook('mprls_imu_node', 'ld_library_path_lib')
[29.082s] INFO:colcon.colcon_core.shell:Creating environment descriptor '/home/bmes-endoscope-25/temp_ws/install/mprls_imu_node/share/mprls_imu_node/hook/ld_library_path_lib.dsv'
[29.086s] INFO:colcon.colcon_core.shell:Creating environment hook '/home/bmes-endoscope-25/temp_ws/install/mprls_imu_node/share/mprls_imu_node/hook/ld_library_path_lib.sh'
[29.091s] Level 1:colcon.colcon_core.environment:checking '/home/bmes-endoscope-25/temp_ws/install/mprls_imu_node/bin'
[29.092s] Level 1:colcon.colcon_core.environment:checking '/home/bmes-endoscope-25/temp_ws/install/mprls_imu_node/lib/pkgconfig/mprls_imu_node.pc'
[29.093s] Level 1:colcon.colcon_core.environment:checking '/home/bmes-endoscope-25/temp_ws/install/mprls_imu_node/lib/python3.12/site-packages'
[29.094s] Level 1:colcon.colcon_core.shell:create_environment_hook('mprls_imu_node', 'pythonpath')
[29.096s] INFO:colcon.colcon_core.shell:Creating environment descriptor '/home/bmes-endoscope-25/temp_ws/install/mprls_imu_node/share/mprls_imu_node/hook/pythonpath.dsv'
[29.106s] INFO:colcon.colcon_core.shell:Creating environment hook '/home/bmes-endoscope-25/temp_ws/install/mprls_imu_node/share/mprls_imu_node/hook/pythonpath.sh'
[29.112s] Level 1:colcon.colcon_core.environment:checking '/home/bmes-endoscope-25/temp_ws/install/mprls_imu_node/bin'
[29.114s] INFO:colcon.colcon_core.shell:Creating package descriptor '/home/bmes-endoscope-25/temp_ws/install/mprls_imu_node/share/mprls_imu_node/package.dsv'
[29.116s] INFO:colcon.colcon_core.shell:Creating package script '/home/bmes-endoscope-25/temp_ws/install/mprls_imu_node/share/mprls_imu_node/package.sh'
[29.119s] INFO:colcon.colcon_core.shell:Creating package script '/home/bmes-endoscope-25/temp_ws/install/mprls_imu_node/share/mprls_imu_node/package.bash'
[29.122s] INFO:colcon.colcon_core.shell:Creating package script '/home/bmes-endoscope-25/temp_ws/install/mprls_imu_node/share/mprls_imu_node/package.zsh'
[29.125s] Level 1:colcon.colcon_core.environment:create_file_with_runtime_dependencies(/home/bmes-endoscope-25/temp_ws/install/mprls_imu_node/share/colcon-core/packages/mprls_imu_node)
[29.127s] DEBUG:colcon.colcon_parallel_executor.executor.parallel:closing loop
[29.130s] DEBUG:colcon.colcon_parallel_executor.executor.parallel:loop closed
[29.130s] DEBUG:colcon.colcon_parallel_executor.executor.parallel:run_until_complete finished with '0'
[29.131s] DEBUG:colcon.colcon_core.event_reactor:joining thread
[29.171s] INFO:colcon.colcon_core.plugin_system:Skipping extension 'colcon_notification.desktop_notification.terminal_notifier': Not used on non-Darwin systems
[29.172s] INFO:colcon.colcon_core.plugin_system:Skipping extension 'colcon_notification.desktop_notification.win32': Not used on non-Windows systems
[29.172s] INFO:colcon.colcon_notification.desktop_notification:Sending desktop notification using 'notify2'
[29.253s] DEBUG:colcon.colcon_core.event_reactor:joined thread
[29.254s] INFO:colcon.colcon_core.shell:Creating prefix script '/home/bmes-endoscope-25/temp_ws/install/local_setup.sh'
[29.257s] INFO:colcon.colcon_core.shell:Creating prefix util module '/home/bmes-endoscope-25/temp_ws/install/_local_setup_util_sh.py'
[29.263s] INFO:colcon.colcon_core.shell:Creating prefix chain script '/home/bmes-endoscope-25/temp_ws/install/setup.sh'
[29.267s] INFO:colcon.colcon_core.shell:Creating prefix script '/home/bmes-endoscope-25/temp_ws/install/local_setup.bash'
[29.271s] INFO:colcon.colcon_core.shell:Creating prefix chain script '/home/bmes-endoscope-25/temp_ws/install/setup.bash'
[29.277s] INFO:colcon.colcon_core.shell:Creating prefix script '/home/bmes-endoscope-25/temp_ws/install/local_setup.zsh'
[29.281s] INFO:colcon.colcon_core.shell:Creating prefix chain script '/home/bmes-endoscope-25/temp_ws/install/setup.zsh'
