[0.076s] Invoking command in '/home/bmes-endoscope-25/temp_ws/build/mprls_imu_node': CMAKE_PREFIX_PATH=${CMAKE_PREFIX_PATH}:/opt/ros/jazzy DEBUGINFOD_URLS=https://debuginfod.ubuntu.com /usr/bin/cmake --build /home/bmes-endoscope-25/temp_ws/build/mprls_imu_node -- -j4 -l4
[0.233s] -- Found ament_cmake: 2.5.3 (/opt/ros/jazzy/share/ament_cmake/cmake)
[0.362s] -- Found Python3: /usr/bin/python3 (found version "3.12.3") found components: Interpreter 
[0.764s] -- Found rclcpp: 28.1.6 (/opt/ros/jazzy/share/rclcpp/cmake)
[0.939s] -- Found rosidl_generator_c: 4.6.5 (/opt/ros/jazzy/share/rosidl_generator_c/cmake)
[0.978s] -- Found rosidl_generator_cpp: 4.6.5 (/opt/ros/jazzy/share/rosidl_generator_cpp/cmake)
[1.032s] -- Using all available rosidl_typesupport_c: rosidl_typesupport_fastrtps_c;rosidl_typesupport_introspection_c
[1.088s] -- Using all available rosidl_typesupport_cpp: rosidl_typesupport_fastrtps_cpp;rosidl_typesupport_introspection_cpp
[1.340s] -- Found rmw_implementation_cmake: 7.3.1 (/opt/ros/jazzy/share/rmw_implementation_cmake/cmake)
[1.346s] -- Found rmw_fastrtps_cpp: 8.4.1 (/opt/ros/jazzy/share/rmw_fastrtps_cpp/cmake)
[1.645s] -- Using RMW implementation 'rmw_fastrtps_cpp' as default
[1.880s] -- Found std_msgs: 5.3.5 (/opt/ros/jazzy/share/std_msgs/cmake)
[1.938s] -- Found rosidl_default_generators: 1.6.0 (/opt/ros/jazzy/share/rosidl_default_generators/cmake)
[1.973s] -- Found rosidl_adapter: 4.6.5 (/opt/ros/jazzy/share/rosidl_adapter/cmake)
[3.146s] -- Found ament_cmake_ros: 0.12.0 (/opt/ros/jazzy/share/ament_cmake_ros/cmake)
[3.864s] -- Using all available rosidl_typesupport_c: rosidl_typesupport_fastrtps_c;rosidl_typesupport_introspection_c
[4.141s] -- Using all available rosidl_typesupport_cpp: rosidl_typesupport_fastrtps_cpp;rosidl_typesupport_introspection_cpp
[4.147s] -- Found python_cmake_module: 0.11.1 (/opt/ros/jazzy/share/python_cmake_module/cmake)
[5.484s] -- Found Python3: /usr/bin/python3 (found version "3.12.3") found components: Interpreter Development NumPy Development.Module Development.Embed 
[5.521s] [31mCMake Error at CMakeLists.txt:29 (set_target_properties):
[5.521s]   set_target_properties Can not find target to add properties to:
[5.521s]   test_mprls_node
[5.522s] 
[5.522s] [0m
[5.526s] [0mCMake Deprecation Warning at /opt/ros/jazzy/share/rosidl_cmake/cmake/rosidl_target_interfaces.cmake:32 (message):
[5.526s]   Use rosidl_get_typesupport_target() and target_link_libraries() instead of
[5.527s]   rosidl_target_interfaces().  i.e:
[5.527s] 
[5.527s]     rosidl_get_typesupport_target(cpp_typesupport_target "${PROJECT_NAME}" "rosidl_typesupport_cpp")
[5.528s]     target_link_libraries(${PROJECT_NAME}_node "${cpp_typesupport_target}")
[5.528s] 
[5.529s] Call Stack (most recent call first):
[5.529s]   CMakeLists.txt:56 (rosidl_target_interfaces)
[5.529s] 
[5.530s] [0m
[5.530s] -- Found ament_lint_auto: 0.17.1 (/opt/ros/jazzy/share/ament_lint_auto/cmake)
[5.584s] -- Added test 'cppcheck' to perform static code analysis on C / C++ code
[5.588s] -- Configured cppcheck include dirs: /home/bmes-endoscope-25/temp_ws/src/mprls_imu_node/include;$<BUILD_INTERFACE:/home/bmes-endoscope-25/temp_ws/src/mprls_imu_node/include>
[5.588s] -- Configured cppcheck exclude dirs and/or files: 
[5.592s] -- Added test 'lint_cmake' to check CMake code style
[5.602s] -- Added test 'uncrustify' to check C / C++ code style
[5.602s] -- Configured uncrustify additional arguments: 
[5.604s] -- Added test 'xmllint' to check XML markup files
[5.614s] -- Configuring incomplete, errors occurred!
[5.661s] gmake: *** [Makefile:968: cmake_check_build_system] Error 1
[5.670s] Invoked command in '/home/bmes-endoscope-25/temp_ws/build/mprls_imu_node' returned '2': CMAKE_PREFIX_PATH=${CMAKE_PREFIX_PATH}:/opt/ros/jazzy DEBUGINFOD_URLS=https://debuginfod.ubuntu.com /usr/bin/cmake --build /home/bmes-endoscope-25/temp_ws/build/mprls_imu_node -- -j4 -l4
