[0.084s] Invoking command in '/home/bmes-endoscope-25/temp_ws/build/mprls_imu_node': CMAKE_PREFIX_PATH=${CMAKE_PREFIX_PATH}:/opt/ros/jazzy DEBUGINFOD_URLS=https://debuginfod.ubuntu.com /usr/bin/cmake --build /home/bmes-endoscope-25/temp_ws/build/mprls_imu_node -- -j4 -l4
[0.229s] -- Found ament_cmake: 2.5.3 (/opt/ros/jazzy/share/ament_cmake/cmake)
[1.402s] -- Found rclcpp: 28.1.6 (/opt/ros/jazzy/share/rclcpp/cmake)
[1.810s] -- Found rosidl_generator_c: 4.6.5 (/opt/ros/jazzy/share/rosidl_generator_c/cmake)
[1.935s] -- Found rosidl_generator_cpp: 4.6.5 (/opt/ros/jazzy/share/rosidl_generator_cpp/cmake)
[2.082s] -- Using all available rosidl_typesupport_c: rosidl_typesupport_fastrtps_c;rosidl_typesupport_introspection_c
[2.239s] -- Using all available rosidl_typesupport_cpp: rosidl_typesupport_fastrtps_cpp;rosidl_typesupport_introspection_cpp
[2.813s] -- Found rmw_implementation_cmake: 7.3.1 (/opt/ros/jazzy/share/rmw_implementation_cmake/cmake)
[2.848s] -- Found rmw_fastrtps_cpp: 8.4.1 (/opt/ros/jazzy/share/rmw_fastrtps_cpp/cmake)
[3.481s] -- Found OpenSSL: /usr/lib/aarch64-linux-gnu/libcrypto.so (found version "3.0.13")  
[3.591s] -- Found FastRTPS: /opt/ros/jazzy/include (Required is at least version "2.13") 
[3.696s] -- Using RMW implementation 'rmw_fastrtps_cpp' as default
[4.194s] -- Found std_msgs: 5.3.5 (/opt/ros/jazzy/share/std_msgs/cmake)
[4.298s] -- Found rosidl_default_generators: 1.6.0 (/opt/ros/jazzy/share/rosidl_default_generators/cmake)
[4.448s] -- Found rosidl_adapter: 4.6.5 (/opt/ros/jazzy/share/rosidl_adapter/cmake)
[5.993s] [31mCMake Error at /opt/ros/jazzy/share/rosidl_cmake/cmake/rosidl_generate_interfaces.cmake:223 (message):
[5.994s]   Packages installing interfaces must include
[5.994s]   '<member_of_group>rosidl_interface_packages</member_of_group>' in their
[5.994s]   package.xml
[5.995s] Call Stack (most recent call first):
[5.995s]   CMakeLists.txt:16 (rosidl_generate_interfaces)
[5.996s] 
[5.996s] [0m
[5.996s] -- Configuring incomplete, errors occurred!
[6.031s] gmake: *** [Makefile:294: cmake_check_build_system] Error 1
[6.040s] Invoked command in '/home/bmes-endoscope-25/temp_ws/build/mprls_imu_node' returned '2': CMAKE_PREFIX_PATH=${CMAKE_PREFIX_PATH}:/opt/ros/jazzy DEBUGINFOD_URLS=https://debuginfod.ubuntu.com /usr/bin/cmake --build /home/bmes-endoscope-25/temp_ws/build/mprls_imu_node -- -j4 -l4
