-- Found ament_cmake: 2.5.3 (/opt/ros/jazzy/share/ament_cmake/cmake)
-- Found Python3: /usr/bin/python3 (found version "3.12.3") found components: Interpreter 
-- Found rclcpp: 28.1.6 (/opt/ros/jazzy/share/rclcpp/cmake)
-- Found rosidl_generator_c: 4.6.5 (/opt/ros/jazzy/share/rosidl_generator_c/cmake)
-- Found rosidl_generator_cpp: 4.6.5 (/opt/ros/jazzy/share/rosidl_generator_cpp/cmake)
-- Using all available rosidl_typesupport_c: rosidl_typesupport_fastrtps_c;rosidl_typesupport_introspection_c
-- Using all available rosidl_typesupport_cpp: rosidl_typesupport_fastrtps_cpp;rosidl_typesupport_introspection_cpp
-- Found rmw_implementation_cmake: 7.3.1 (/opt/ros/jazzy/share/rmw_implementation_cmake/cmake)
-- Found rmw_fastrtps_cpp: 8.4.1 (/opt/ros/jazzy/share/rmw_fastrtps_cpp/cmake)
-- Using RMW implementation 'rmw_fastrtps_cpp' as default
-- Found std_msgs: 5.3.5 (/opt/ros/jazzy/share/std_msgs/cmake)
-- Found rosidl_default_generators: 1.6.0 (/opt/ros/jazzy/share/rosidl_default_generators/cmake)
-- Found rosidl_adapter: 4.6.5 (/opt/ros/jazzy/share/rosidl_adapter/cmake)
-- Found ament_cmake_ros: 0.12.0 (/opt/ros/jazzy/share/ament_cmake_ros/cmake)
-- Using all available rosidl_typesupport_c: rosidl_typesupport_fastrtps_c;rosidl_typesupport_introspection_c
-- Using all available rosidl_typesupport_cpp: rosidl_typesupport_fastrtps_cpp;rosidl_typesupport_introspection_cpp
-- Found python_cmake_module: 0.11.1 (/opt/ros/jazzy/share/python_cmake_module/cmake)
-- Found Python3: /usr/bin/python3 (found version "3.12.3") found components: Interpreter Development NumPy Development.Module Development.Embed 
-- Configuring done (6.7s)
-- Generating done (0.3s)
-- Build files have been written to: /home/bmes-endoscope-25/temp_ws/build/mprls_imu_node
[  2%] Built target mprls_imu_node__rosidl_generator_type_description
[  4%] [32m[1mLinking CXX shared library libsensor_drivers.so[0m
[  4%] Built target ament_cmake_python_copy_mprls_imu_node
[ 17%] Built target mprls_imu_node__rosidl_generator_c
[ 19%] Built target mprls_imu_node__cpp
[ 26%] Built target mprls_imu_node__rosidl_typesupport_introspection_c
[ 34%] Built target mprls_imu_node__rosidl_typesupport_fastrtps_c
[ 41%] Built target mprls_imu_node__rosidl_typesupport_c
[ 48%] Built target mprls_imu_node__rosidl_typesupport_introspection_cpp
[ 56%] Built target mprls_imu_node__rosidl_typesupport_cpp
[ 63%] Built target mprls_imu_node__rosidl_typesupport_fastrtps_cpp
[ 63%] Built target mprls_imu_node
[ 68%] Built target sensor_drivers
[ 70%] Built target mprls_imu_node__py
[ 73%] [32mBuilding CXX object CMakeFiles/test_tca.dir/src/test_TCA.cpp.o[0m
[ 78%] Built target mprls_imu_node__rosidl_generator_py
[ 80%] [32m[1mLinking CXX executable test_mprls_node[0m
[ 85%] Built target mprls_imu_node_s__rosidl_typesupport_fastrtps_c
[ 90%] Built target mprls_imu_node_s__rosidl_typesupport_introspection_c
[ 95%] Built target mprls_imu_node_s__rosidl_typesupport_c
running egg_info
writing mprls_imu_node.egg-info/PKG-INFO
writing dependency_links to mprls_imu_node.egg-info/dependency_links.txt
writing top-level names to mprls_imu_node.egg-info/top_level.txt
[ 97%] Built target test_mprls_node
reading manifest file 'mprls_imu_node.egg-info/SOURCES.txt'
writing manifest file 'mprls_imu_node.egg-info/SOURCES.txt'
[ 97%] Built target ament_cmake_python_build_mprls_imu_node_egg
[100%] [32m[1mLinking CXX executable test_tca[0m
[100%] Built target test_tca
-- Install configuration: ""
-- Up-to-date: /home/bmes-endoscope-25/temp_ws/install/mprls_imu_node/share/ament_index/resource_index/rosidl_interfaces/mprls_imu_node
-- Up-to-date: /home/bmes-endoscope-25/temp_ws/install/mprls_imu_node/share/mprls_imu_node/msg/MPRLSPressures.json
-- Up-to-date: /home/bmes-endoscope-25/temp_ws/install/mprls_imu_node/include/mprls_imu_node/mprls_imu_node
-- Up-to-date: /home/bmes-endoscope-25/temp_ws/install/mprls_imu_node/include/mprls_imu_node/mprls_imu_node/msg
-- Up-to-date: /home/bmes-endoscope-25/temp_ws/install/mprls_imu_node/include/mprls_imu_node/mprls_imu_node/msg/mprls_pressures.h
-- Up-to-date: /home/bmes-endoscope-25/temp_ws/install/mprls_imu_node/include/mprls_imu_node/mprls_imu_node/msg/detail
-- Up-to-date: /home/bmes-endoscope-25/temp_ws/install/mprls_imu_node/include/mprls_imu_node/mprls_imu_node/msg/detail/mprls_pressures__struct.h
-- Installing: /home/bmes-endoscope-25/temp_ws/install/mprls_imu_node/include/mprls_imu_node/mprls_imu_node/msg/detail/mprls_pressures__type_support.c
-- Up-to-date: /home/bmes-endoscope-25/temp_ws/install/mprls_imu_node/include/mprls_imu_node/mprls_imu_node/msg/detail/mprls_pressures__functions.c
-- Up-to-date: /home/bmes-endoscope-25/temp_ws/install/mprls_imu_node/include/mprls_imu_node/mprls_imu_node/msg/detail/mprls_pressures__functions.h
-- Up-to-date: /home/bmes-endoscope-25/temp_ws/install/mprls_imu_node/include/mprls_imu_node/mprls_imu_node/msg/detail/mprls_pressures__description.c
-- Up-to-date: /home/bmes-endoscope-25/temp_ws/install/mprls_imu_node/include/mprls_imu_node/mprls_imu_node/msg/detail/mprls_pressures__type_support.h
-- Up-to-date: /home/bmes-endoscope-25/temp_ws/install/mprls_imu_node/include/mprls_imu_node/mprls_imu_node/msg/rosidl_generator_c__visibility_control.h
-- Up-to-date: /home/bmes-endoscope-25/temp_ws/install/mprls_imu_node/share/mprls_imu_node/environment/library_path.sh
-- Up-to-date: /home/bmes-endoscope-25/temp_ws/install/mprls_imu_node/share/mprls_imu_node/environment/library_path.dsv
-- Up-to-date: /home/bmes-endoscope-25/temp_ws/install/mprls_imu_node/lib/libmprls_imu_node__rosidl_generator_c.so
-- Up-to-date: /home/bmes-endoscope-25/temp_ws/install/mprls_imu_node/include/mprls_imu_node/mprls_imu_node
-- Up-to-date: /home/bmes-endoscope-25/temp_ws/install/mprls_imu_node/include/mprls_imu_node/mprls_imu_node/msg
-- Up-to-date: /home/bmes-endoscope-25/temp_ws/install/mprls_imu_node/include/mprls_imu_node/mprls_imu_node/msg/rosidl_typesupport_fastrtps_c__visibility_control.h
-- Up-to-date: /home/bmes-endoscope-25/temp_ws/install/mprls_imu_node/include/mprls_imu_node/mprls_imu_node/msg/detail
-- Up-to-date: /home/bmes-endoscope-25/temp_ws/install/mprls_imu_node/include/mprls_imu_node/mprls_imu_node/msg/detail/mprls_pressures__rosidl_typesupport_fastrtps_c.h
-- Up-to-date: /home/bmes-endoscope-25/temp_ws/install/mprls_imu_node/lib/libmprls_imu_node__rosidl_typesupport_fastrtps_c.so
-- Up-to-date: /home/bmes-endoscope-25/temp_ws/install/mprls_imu_node/include/mprls_imu_node/mprls_imu_node
-- Up-to-date: /home/bmes-endoscope-25/temp_ws/install/mprls_imu_node/include/mprls_imu_node/mprls_imu_node/msg
-- Up-to-date: /home/bmes-endoscope-25/temp_ws/install/mprls_imu_node/include/mprls_imu_node/mprls_imu_node/msg/rosidl_generator_cpp__visibility_control.hpp
-- Up-to-date: /home/bmes-endoscope-25/temp_ws/install/mprls_imu_node/include/mprls_imu_node/mprls_imu_node/msg/detail
-- Up-to-date: /home/bmes-endoscope-25/temp_ws/install/mprls_imu_node/include/mprls_imu_node/mprls_imu_node/msg/detail/mprls_pressures__struct.hpp
-- Up-to-date: /home/bmes-endoscope-25/temp_ws/install/mprls_imu_node/include/mprls_imu_node/mprls_imu_node/msg/detail/mprls_pressures__type_support.hpp
-- Up-to-date: /home/bmes-endoscope-25/temp_ws/install/mprls_imu_node/include/mprls_imu_node/mprls_imu_node/msg/detail/mprls_pressures__builder.hpp
-- Up-to-date: /home/bmes-endoscope-25/temp_ws/install/mprls_imu_node/include/mprls_imu_node/mprls_imu_node/msg/detail/mprls_pressures__traits.hpp
-- Up-to-date: /home/bmes-endoscope-25/temp_ws/install/mprls_imu_node/include/mprls_imu_node/mprls_imu_node/msg/mprls_pressures.hpp
-- Up-to-date: /home/bmes-endoscope-25/temp_ws/install/mprls_imu_node/include/mprls_imu_node/mprls_imu_node
-- Up-to-date: /home/bmes-endoscope-25/temp_ws/install/mprls_imu_node/include/mprls_imu_node/mprls_imu_node/msg
-- Up-to-date: /home/bmes-endoscope-25/temp_ws/install/mprls_imu_node/include/mprls_imu_node/mprls_imu_node/msg/rosidl_typesupport_fastrtps_cpp__visibility_control.h
-- Up-to-date: /home/bmes-endoscope-25/temp_ws/install/mprls_imu_node/include/mprls_imu_node/mprls_imu_node/msg/detail
-- Up-to-date: /home/bmes-endoscope-25/temp_ws/install/mprls_imu_node/include/mprls_imu_node/mprls_imu_node/msg/detail/dds_fastrtps
-- Up-to-date: /home/bmes-endoscope-25/temp_ws/install/mprls_imu_node/include/mprls_imu_node/mprls_imu_node/msg/detail/mprls_pressures__rosidl_typesupport_fastrtps_cpp.hpp
-- Up-to-date: /home/bmes-endoscope-25/temp_ws/install/mprls_imu_node/lib/libmprls_imu_node__rosidl_typesupport_fastrtps_cpp.so
-- Up-to-date: /home/bmes-endoscope-25/temp_ws/install/mprls_imu_node/include/mprls_imu_node/mprls_imu_node
-- Up-to-date: /home/bmes-endoscope-25/temp_ws/install/mprls_imu_node/include/mprls_imu_node/mprls_imu_node/msg
-- Up-to-date: /home/bmes-endoscope-25/temp_ws/install/mprls_imu_node/include/mprls_imu_node/mprls_imu_node/msg/rosidl_typesupport_introspection_c__visibility_control.h
-- Up-to-date: /home/bmes-endoscope-25/temp_ws/install/mprls_imu_node/include/mprls_imu_node/mprls_imu_node/msg/detail
-- Installing: /home/bmes-endoscope-25/temp_ws/install/mprls_imu_node/include/mprls_imu_node/mprls_imu_node/msg/detail/mprls_pressures__type_support.c
-- Up-to-date: /home/bmes-endoscope-25/temp_ws/install/mprls_imu_node/include/mprls_imu_node/mprls_imu_node/msg/detail/mprls_pressures__rosidl_typesupport_introspection_c.h
-- Up-to-date: /home/bmes-endoscope-25/temp_ws/install/mprls_imu_node/lib/libmprls_imu_node__rosidl_typesupport_introspection_c.so
-- Up-to-date: /home/bmes-endoscope-25/temp_ws/install/mprls_imu_node/lib/libmprls_imu_node__rosidl_typesupport_c.so
-- Up-to-date: /home/bmes-endoscope-25/temp_ws/install/mprls_imu_node/include/mprls_imu_node/mprls_imu_node
-- Up-to-date: /home/bmes-endoscope-25/temp_ws/install/mprls_imu_node/include/mprls_imu_node/mprls_imu_node/msg
-- Up-to-date: /home/bmes-endoscope-25/temp_ws/install/mprls_imu_node/include/mprls_imu_node/mprls_imu_node/msg/detail
-- Up-to-date: /home/bmes-endoscope-25/temp_ws/install/mprls_imu_node/include/mprls_imu_node/mprls_imu_node/msg/detail/mprls_pressures__type_support.cpp
-- Up-to-date: /home/bmes-endoscope-25/temp_ws/install/mprls_imu_node/include/mprls_imu_node/mprls_imu_node/msg/detail/mprls_pressures__rosidl_typesupport_introspection_cpp.hpp
-- Up-to-date: /home/bmes-endoscope-25/temp_ws/install/mprls_imu_node/lib/libmprls_imu_node__rosidl_typesupport_introspection_cpp.so
-- Up-to-date: /home/bmes-endoscope-25/temp_ws/install/mprls_imu_node/lib/libmprls_imu_node__rosidl_typesupport_cpp.so
-- Up-to-date: /home/bmes-endoscope-25/temp_ws/install/mprls_imu_node/share/mprls_imu_node/environment/pythonpath.sh
-- Up-to-date: /home/bmes-endoscope-25/temp_ws/install/mprls_imu_node/share/mprls_imu_node/environment/pythonpath.dsv
-- Up-to-date: /home/bmes-endoscope-25/temp_ws/install/mprls_imu_node/lib/python3.12/site-packages/mprls_imu_node-0.0.0-py3.12.egg-info
-- Installing: /home/bmes-endoscope-25/temp_ws/install/mprls_imu_node/lib/python3.12/site-packages/mprls_imu_node-0.0.0-py3.12.egg-info/SOURCES.txt
-- Installing: /home/bmes-endoscope-25/temp_ws/install/mprls_imu_node/lib/python3.12/site-packages/mprls_imu_node-0.0.0-py3.12.egg-info/top_level.txt
-- Installing: /home/bmes-endoscope-25/temp_ws/install/mprls_imu_node/lib/python3.12/site-packages/mprls_imu_node-0.0.0-py3.12.egg-info/PKG-INFO
-- Installing: /home/bmes-endoscope-25/temp_ws/install/mprls_imu_node/lib/python3.12/site-packages/mprls_imu_node-0.0.0-py3.12.egg-info/dependency_links.txt
-- Up-to-date: /home/bmes-endoscope-25/temp_ws/install/mprls_imu_node/lib/python3.12/site-packages/mprls_imu_node
-- Installing: /home/bmes-endoscope-25/temp_ws/install/mprls_imu_node/lib/python3.12/site-packages/mprls_imu_node/__init__.py
-- Up-to-date: /home/bmes-endoscope-25/temp_ws/install/mprls_imu_node/lib/python3.12/site-packages/mprls_imu_node/msg
-- Up-to-date: /home/bmes-endoscope-25/temp_ws/install/mprls_imu_node/lib/python3.12/site-packages/mprls_imu_node/msg/__init__.py
-- Up-to-date: /home/bmes-endoscope-25/temp_ws/install/mprls_imu_node/lib/python3.12/site-packages/mprls_imu_node/msg/_mprls_pressures.py
-- Up-to-date: /home/bmes-endoscope-25/temp_ws/install/mprls_imu_node/lib/python3.12/site-packages/mprls_imu_node/msg/_mprls_pressures_s.c
-- Up-to-date: /home/bmes-endoscope-25/temp_ws/install/mprls_imu_node/lib/python3.12/site-packages/mprls_imu_node/_mprls_imu_node_s.ep.rosidl_typesupport_introspection_c.c
-- Up-to-date: /home/bmes-endoscope-25/temp_ws/install/mprls_imu_node/lib/python3.12/site-packages/mprls_imu_node/mprls_imu_node_s__rosidl_typesupport_fastrtps_c.so
-- Up-to-date: /home/bmes-endoscope-25/temp_ws/install/mprls_imu_node/lib/python3.12/site-packages/mprls_imu_node/mprls_imu_node_s__rosidl_typesupport_introspection_c.so
-- Up-to-date: /home/bmes-endoscope-25/temp_ws/install/mprls_imu_node/lib/python3.12/site-packages/mprls_imu_node/_mprls_imu_node_s.ep.rosidl_typesupport_fastrtps_c.c
-- Up-to-date: /home/bmes-endoscope-25/temp_ws/install/mprls_imu_node/lib/python3.12/site-packages/mprls_imu_node/_mprls_imu_node_s.ep.rosidl_typesupport_c.c
-- Up-to-date: /home/bmes-endoscope-25/temp_ws/install/mprls_imu_node/lib/python3.12/site-packages/mprls_imu_node/mprls_imu_node_s__rosidl_typesupport_c.so
Listing '/home/bmes-endoscope-25/temp_ws/install/mprls_imu_node/lib/python3.12/site-packages/mprls_imu_node'...
Compiling '/home/bmes-endoscope-25/temp_ws/install/mprls_imu_node/lib/python3.12/site-packages/mprls_imu_node/__init__.py'...
Listing '/home/bmes-endoscope-25/temp_ws/install/mprls_imu_node/lib/python3.12/site-packages/mprls_imu_node/msg'...
-- Up-to-date: /home/bmes-endoscope-25/temp_ws/install/mprls_imu_node/lib/python3.12/site-packages/mprls_imu_node/mprls_imu_node_s__rosidl_typesupport_fastrtps_c.so
-- Up-to-date: /home/bmes-endoscope-25/temp_ws/install/mprls_imu_node/lib/python3.12/site-packages/mprls_imu_node/mprls_imu_node_s__rosidl_typesupport_introspection_c.so
-- Up-to-date: /home/bmes-endoscope-25/temp_ws/install/mprls_imu_node/lib/python3.12/site-packages/mprls_imu_node/mprls_imu_node_s__rosidl_typesupport_c.so
-- Up-to-date: /home/bmes-endoscope-25/temp_ws/install/mprls_imu_node/lib/libmprls_imu_node__rosidl_generator_py.so
-- Up-to-date: /home/bmes-endoscope-25/temp_ws/install/mprls_imu_node/share/mprls_imu_node/msg/MPRLSPressures.idl
-- Up-to-date: /home/bmes-endoscope-25/temp_ws/install/mprls_imu_node/share/mprls_imu_node/msg/MPRLSPressures.msg
-- Installing: /home/bmes-endoscope-25/temp_ws/install/mprls_imu_node/lib/mprls_imu_node/libsensor_drivers.so
-- Set non-toolchain portion of runtime path of "/home/bmes-endoscope-25/temp_ws/install/mprls_imu_node/lib/mprls_imu_node/libsensor_drivers.so" to ""
-- Installing: /home/bmes-endoscope-25/temp_ws/install/mprls_imu_node/lib/mprls_imu_node/test_tca
-- Installing: /home/bmes-endoscope-25/temp_ws/install/mprls_imu_node/lib/mprls_imu_node/test_mprls_node
-- Up-to-date: /home/bmes-endoscope-25/temp_ws/install/mprls_imu_node/include
-- Up-to-date: /home/bmes-endoscope-25/temp_ws/install/mprls_imu_node/include/mprls_imu_node
-- Up-to-date: /home/bmes-endoscope-25/temp_ws/install/mprls_imu_node/include/mprls_imu_node/Adafruit_MPRLS.hpp
-- Up-to-date: /home/bmes-endoscope-25/temp_ws/install/mprls_imu_node/include/mprls_imu_node/TCA9548A.hpp
-- Up-to-date: /home/bmes-endoscope-25/temp_ws/install/mprls_imu_node/share/mprls_imu_node/msg
-- Up-to-date: /home/bmes-endoscope-25/temp_ws/install/mprls_imu_node/share/mprls_imu_node/msg/MPRLSPressures.msg
-- Up-to-date: /home/bmes-endoscope-25/temp_ws/install/mprls_imu_node/share/ament_index/resource_index/package_run_dependencies/mprls_imu_node
-- Up-to-date: /home/bmes-endoscope-25/temp_ws/install/mprls_imu_node/share/ament_index/resource_index/parent_prefix_path/mprls_imu_node
-- Up-to-date: /home/bmes-endoscope-25/temp_ws/install/mprls_imu_node/share/mprls_imu_node/environment/ament_prefix_path.sh
-- Up-to-date: /home/bmes-endoscope-25/temp_ws/install/mprls_imu_node/share/mprls_imu_node/environment/ament_prefix_path.dsv
-- Up-to-date: /home/bmes-endoscope-25/temp_ws/install/mprls_imu_node/share/mprls_imu_node/environment/path.sh
-- Up-to-date: /home/bmes-endoscope-25/temp_ws/install/mprls_imu_node/share/mprls_imu_node/environment/path.dsv
-- Up-to-date: /home/bmes-endoscope-25/temp_ws/install/mprls_imu_node/share/mprls_imu_node/local_setup.bash
-- Up-to-date: /home/bmes-endoscope-25/temp_ws/install/mprls_imu_node/share/mprls_imu_node/local_setup.sh
-- Up-to-date: /home/bmes-endoscope-25/temp_ws/install/mprls_imu_node/share/mprls_imu_node/local_setup.zsh
-- Up-to-date: /home/bmes-endoscope-25/temp_ws/install/mprls_imu_node/share/mprls_imu_node/local_setup.dsv
-- Installing: /home/bmes-endoscope-25/temp_ws/install/mprls_imu_node/share/mprls_imu_node/package.dsv
-- Up-to-date: /home/bmes-endoscope-25/temp_ws/install/mprls_imu_node/share/ament_index/resource_index/packages/mprls_imu_node
-- Up-to-date: /home/bmes-endoscope-25/temp_ws/install/mprls_imu_node/share/mprls_imu_node/cmake/export_mprls_imu_node__rosidl_generator_cExport.cmake
-- Up-to-date: /home/bmes-endoscope-25/temp_ws/install/mprls_imu_node/share/mprls_imu_node/cmake/export_mprls_imu_node__rosidl_generator_cExport-noconfig.cmake
-- Up-to-date: /home/bmes-endoscope-25/temp_ws/install/mprls_imu_node/share/mprls_imu_node/cmake/export_mprls_imu_node__rosidl_typesupport_fastrtps_cExport.cmake
-- Up-to-date: /home/bmes-endoscope-25/temp_ws/install/mprls_imu_node/share/mprls_imu_node/cmake/export_mprls_imu_node__rosidl_typesupport_fastrtps_cExport-noconfig.cmake
-- Up-to-date: /home/bmes-endoscope-25/temp_ws/install/mprls_imu_node/share/mprls_imu_node/cmake/export_mprls_imu_node__rosidl_generator_cppExport.cmake
-- Up-to-date: /home/bmes-endoscope-25/temp_ws/install/mprls_imu_node/share/mprls_imu_node/cmake/export_mprls_imu_node__rosidl_typesupport_fastrtps_cppExport.cmake
-- Up-to-date: /home/bmes-endoscope-25/temp_ws/install/mprls_imu_node/share/mprls_imu_node/cmake/export_mprls_imu_node__rosidl_typesupport_fastrtps_cppExport-noconfig.cmake
-- Up-to-date: /home/bmes-endoscope-25/temp_ws/install/mprls_imu_node/share/mprls_imu_node/cmake/mprls_imu_node__rosidl_typesupport_introspection_cExport.cmake
-- Up-to-date: /home/bmes-endoscope-25/temp_ws/install/mprls_imu_node/share/mprls_imu_node/cmake/mprls_imu_node__rosidl_typesupport_introspection_cExport-noconfig.cmake
-- Up-to-date: /home/bmes-endoscope-25/temp_ws/install/mprls_imu_node/share/mprls_imu_node/cmake/mprls_imu_node__rosidl_typesupport_cExport.cmake
-- Up-to-date: /home/bmes-endoscope-25/temp_ws/install/mprls_imu_node/share/mprls_imu_node/cmake/mprls_imu_node__rosidl_typesupport_cExport-noconfig.cmake
-- Up-to-date: /home/bmes-endoscope-25/temp_ws/install/mprls_imu_node/share/mprls_imu_node/cmake/mprls_imu_node__rosidl_typesupport_introspection_cppExport.cmake
-- Up-to-date: /home/bmes-endoscope-25/temp_ws/install/mprls_imu_node/share/mprls_imu_node/cmake/mprls_imu_node__rosidl_typesupport_introspection_cppExport-noconfig.cmake
-- Up-to-date: /home/bmes-endoscope-25/temp_ws/install/mprls_imu_node/share/mprls_imu_node/cmake/mprls_imu_node__rosidl_typesupport_cppExport.cmake
-- Up-to-date: /home/bmes-endoscope-25/temp_ws/install/mprls_imu_node/share/mprls_imu_node/cmake/mprls_imu_node__rosidl_typesupport_cppExport-noconfig.cmake
-- Up-to-date: /home/bmes-endoscope-25/temp_ws/install/mprls_imu_node/share/mprls_imu_node/cmake/export_mprls_imu_node__rosidl_generator_pyExport.cmake
-- Up-to-date: /home/bmes-endoscope-25/temp_ws/install/mprls_imu_node/share/mprls_imu_node/cmake/export_mprls_imu_node__rosidl_generator_pyExport-noconfig.cmake
-- Up-to-date: /home/bmes-endoscope-25/temp_ws/install/mprls_imu_node/share/mprls_imu_node/cmake/rosidl_cmake-extras.cmake
-- Up-to-date: /home/bmes-endoscope-25/temp_ws/install/mprls_imu_node/share/mprls_imu_node/cmake/ament_cmake_export_include_directories-extras.cmake
-- Up-to-date: /home/bmes-endoscope-25/temp_ws/install/mprls_imu_node/share/mprls_imu_node/cmake/ament_cmake_export_libraries-extras.cmake
-- Up-to-date: /home/bmes-endoscope-25/temp_ws/install/mprls_imu_node/share/mprls_imu_node/cmake/ament_cmake_export_targets-extras.cmake
-- Up-to-date: /home/bmes-endoscope-25/temp_ws/install/mprls_imu_node/share/mprls_imu_node/cmake/rosidl_cmake_export_typesupport_targets-extras.cmake
-- Up-to-date: /home/bmes-endoscope-25/temp_ws/install/mprls_imu_node/share/mprls_imu_node/cmake/ament_cmake_export_dependencies-extras.cmake
-- Up-to-date: /home/bmes-endoscope-25/temp_ws/install/mprls_imu_node/share/mprls_imu_node/cmake/rosidl_cmake_export_typesupport_libraries-extras.cmake
-- Up-to-date: /home/bmes-endoscope-25/temp_ws/install/mprls_imu_node/share/mprls_imu_node/cmake/mprls_imu_nodeConfig.cmake
-- Up-to-date: /home/bmes-endoscope-25/temp_ws/install/mprls_imu_node/share/mprls_imu_node/cmake/mprls_imu_nodeConfig-version.cmake
-- Up-to-date: /home/bmes-endoscope-25/temp_ws/install/mprls_imu_node/share/mprls_imu_node/package.xml
