[0.102s] Invoking command in '/home/bmes-endoscope-25/temp_ws/build/mprls_imu_node': CMAKE_PREFIX_PATH=${CMAKE_PREFIX_PATH}:/opt/ros/jazzy DEBUGINFOD_URLS=https://debuginfod.ubuntu.com /usr/bin/cmake --build /home/bmes-endoscope-25/temp_ws/build/mprls_imu_node -- -j4 -l4
[0.793s] -- Found ament_cmake: 2.5.3 (/opt/ros/jazzy/share/ament_cmake/cmake)
[0.942s] -- Found Python3: /usr/bin/python3 (found version "3.12.3") found components: Interpreter 
[1.397s] -- Found rclcpp: 28.1.6 (/opt/ros/jazzy/share/rclcpp/cmake)
[1.634s] -- Found rosidl_generator_c: 4.6.5 (/opt/ros/jazzy/share/rosidl_generator_c/cmake)
[1.685s] -- Found rosidl_generator_cpp: 4.6.5 (/opt/ros/jazzy/share/rosidl_generator_cpp/cmake)
[1.763s] -- Using all available rosidl_typesupport_c: rosidl_typesupport_fastrtps_c;rosidl_typesupport_introspection_c
[1.845s] -- Using all available rosidl_typesupport_cpp: rosidl_typesupport_fastrtps_cpp;rosidl_typesupport_introspection_cpp
[2.180s] -- Found rmw_implementation_cmake: 7.3.1 (/opt/ros/jazzy/share/rmw_implementation_cmake/cmake)
[2.190s] -- Found rmw_fastrtps_cpp: 8.4.1 (/opt/ros/jazzy/share/rmw_fastrtps_cpp/cmake)
[2.557s] -- Using RMW implementation 'rmw_fastrtps_cpp' as default
[2.878s] -- Found std_msgs: 5.3.5 (/opt/ros/jazzy/share/std_msgs/cmake)
[2.957s] -- Found rosidl_default_generators: 1.6.0 (/opt/ros/jazzy/share/rosidl_default_generators/cmake)
[3.004s] -- Found rosidl_adapter: 4.6.5 (/opt/ros/jazzy/share/rosidl_adapter/cmake)
[4.220s] -- Found ament_cmake_ros: 0.12.0 (/opt/ros/jazzy/share/ament_cmake_ros/cmake)
[4.980s] -- Using all available rosidl_typesupport_c: rosidl_typesupport_fastrtps_c;rosidl_typesupport_introspection_c
[5.268s] -- Using all available rosidl_typesupport_cpp: rosidl_typesupport_fastrtps_cpp;rosidl_typesupport_introspection_cpp
[5.278s] -- Found python_cmake_module: 0.11.1 (/opt/ros/jazzy/share/python_cmake_module/cmake)
[7.185s] -- Found Python3: /usr/bin/python3 (found version "3.12.3") found components: Interpreter Development NumPy Development.Module Development.Embed 
[7.237s] [0mCMake Deprecation Warning at /opt/ros/jazzy/share/rosidl_cmake/cmake/rosidl_target_interfaces.cmake:32 (message):
[7.237s]   Use rosidl_get_typesupport_target() and target_link_libraries() instead of
[7.238s]   rosidl_target_interfaces().  i.e:
[7.238s] 
[7.238s]     rosidl_get_typesupport_target(cpp_typesupport_target "${PROJECT_NAME}" "rosidl_typesupport_cpp")
[7.239s]     target_link_libraries(${PROJECT_NAME}_node "${cpp_typesupport_target}")
[7.239s] 
[7.239s] Call Stack (most recent call first):
[7.240s]   CMakeLists.txt:63 (rosidl_target_interfaces)
[7.240s] 
[7.241s] [0m
[7.298s] -- Configuring done (6.7s)
[7.714s] -- Generating done (0.3s)
[7.803s] -- Build files have been written to: /home/bmes-endoscope-25/temp_ws/build/mprls_imu_node
[8.041s] [  2%] Built target mprls_imu_node__rosidl_generator_type_description
[8.119s] [  4%] [32m[1mLinking CXX shared library libsensor_drivers.so[0m
[8.120s] [  4%] Built target ament_cmake_python_copy_mprls_imu_node
[8.221s] [ 17%] Built target mprls_imu_node__rosidl_generator_c
[8.234s] [ 19%] Built target mprls_imu_node__cpp
[8.413s] [ 26%] Built target mprls_imu_node__rosidl_typesupport_introspection_c
[8.423s] [ 34%] Built target mprls_imu_node__rosidl_typesupport_fastrtps_c
[8.624s] [ 41%] Built target mprls_imu_node__rosidl_typesupport_c
[8.656s] [ 48%] Built target mprls_imu_node__rosidl_typesupport_introspection_cpp
[8.805s] [ 56%] Built target mprls_imu_node__rosidl_typesupport_cpp
[8.845s] [ 63%] Built target mprls_imu_node__rosidl_typesupport_fastrtps_cpp
[9.003s] [ 63%] Built target mprls_imu_node
[9.130s] [ 68%] Built target sensor_drivers
[9.156s] [ 70%] Built target mprls_imu_node__py
[9.318s] [ 73%] [32mBuilding CXX object CMakeFiles/test_tca.dir/src/test_TCA.cpp.o[0m
[9.345s] [ 78%] Built target mprls_imu_node__rosidl_generator_py
[9.402s] [ 80%] [32m[1mLinking CXX executable test_mprls_node[0m
[9.527s] [ 85%] Built target mprls_imu_node_s__rosidl_typesupport_fastrtps_c
[9.721s] [ 90%] Built target mprls_imu_node_s__rosidl_typesupport_introspection_c
[9.943s] [ 95%] Built target mprls_imu_node_s__rosidl_typesupport_c
[10.149s] running egg_info
[10.345s] writing mprls_imu_node.egg-info/PKG-INFO
[10.348s] writing dependency_links to mprls_imu_node.egg-info/dependency_links.txt
[10.349s] writing top-level names to mprls_imu_node.egg-info/top_level.txt
[10.907s] [ 97%] Built target test_mprls_node
[10.933s] reading manifest file 'mprls_imu_node.egg-info/SOURCES.txt'
[10.938s] writing manifest file 'mprls_imu_node.egg-info/SOURCES.txt'
[11.141s] [ 97%] Built target ament_cmake_python_build_mprls_imu_node_egg
[12.951s] [100%] [32m[1mLinking CXX executable test_tca[0m
[13.447s] [100%] Built target test_tca
[13.514s] Invoked command in '/home/bmes-endoscope-25/temp_ws/build/mprls_imu_node' returned '0': CMAKE_PREFIX_PATH=${CMAKE_PREFIX_PATH}:/opt/ros/jazzy DEBUGINFOD_URLS=https://debuginfod.ubuntu.com /usr/bin/cmake --build /home/bmes-endoscope-25/temp_ws/build/mprls_imu_node -- -j4 -l4
[13.573s] Invoking command in '/home/bmes-endoscope-25/temp_ws/build/mprls_imu_node': CMAKE_PREFIX_PATH=${CMAKE_PREFIX_PATH}:/opt/ros/jazzy DEBUGINFOD_URLS=https://debuginfod.ubuntu.com /usr/bin/cmake --install /home/bmes-endoscope-25/temp_ws/build/mprls_imu_node
[13.616s] -- Install configuration: ""
[13.620s] -- Up-to-date: /home/bmes-endoscope-25/temp_ws/install/mprls_imu_node/share/ament_index/resource_index/rosidl_interfaces/mprls_imu_node
[13.621s] -- Up-to-date: /home/bmes-endoscope-25/temp_ws/install/mprls_imu_node/share/mprls_imu_node/msg/MPRLSPressures.json
[13.622s] -- Up-to-date: /home/bmes-endoscope-25/temp_ws/install/mprls_imu_node/include/mprls_imu_node/mprls_imu_node
[13.623s] -- Up-to-date: /home/bmes-endoscope-25/temp_ws/install/mprls_imu_node/include/mprls_imu_node/mprls_imu_node/msg
[13.625s] -- Up-to-date: /home/bmes-endoscope-25/temp_ws/install/mprls_imu_node/include/mprls_imu_node/mprls_imu_node/msg/mprls_pressures.h
[13.626s] -- Up-to-date: /home/bmes-endoscope-25/temp_ws/install/mprls_imu_node/include/mprls_imu_node/mprls_imu_node/msg/detail
[13.627s] -- Up-to-date: /home/bmes-endoscope-25/temp_ws/install/mprls_imu_node/include/mprls_imu_node/mprls_imu_node/msg/detail/mprls_pressures__struct.h
[13.627s] -- Installing: /home/bmes-endoscope-25/temp_ws/install/mprls_imu_node/include/mprls_imu_node/mprls_imu_node/msg/detail/mprls_pressures__type_support.c
[13.633s] -- Up-to-date: /home/bmes-endoscope-25/temp_ws/install/mprls_imu_node/include/mprls_imu_node/mprls_imu_node/msg/detail/mprls_pressures__functions.c
[13.635s] -- Up-to-date: /home/bmes-endoscope-25/temp_ws/install/mprls_imu_node/include/mprls_imu_node/mprls_imu_node/msg/detail/mprls_pressures__functions.h
[13.636s] -- Up-to-date: /home/bmes-endoscope-25/temp_ws/install/mprls_imu_node/include/mprls_imu_node/mprls_imu_node/msg/detail/mprls_pressures__description.c
[13.637s] -- Up-to-date: /home/bmes-endoscope-25/temp_ws/install/mprls_imu_node/include/mprls_imu_node/mprls_imu_node/msg/detail/mprls_pressures__type_support.h
[13.638s] -- Up-to-date: /home/bmes-endoscope-25/temp_ws/install/mprls_imu_node/include/mprls_imu_node/mprls_imu_node/msg/rosidl_generator_c__visibility_control.h
[13.638s] -- Up-to-date: /home/bmes-endoscope-25/temp_ws/install/mprls_imu_node/share/mprls_imu_node/environment/library_path.sh
[13.639s] -- Up-to-date: /home/bmes-endoscope-25/temp_ws/install/mprls_imu_node/share/mprls_imu_node/environment/library_path.dsv
[13.641s] -- Up-to-date: /home/bmes-endoscope-25/temp_ws/install/mprls_imu_node/lib/libmprls_imu_node__rosidl_generator_c.so
[13.642s] -- Up-to-date: /home/bmes-endoscope-25/temp_ws/install/mprls_imu_node/include/mprls_imu_node/mprls_imu_node
[13.643s] -- Up-to-date: /home/bmes-endoscope-25/temp_ws/install/mprls_imu_node/include/mprls_imu_node/mprls_imu_node/msg
[13.644s] -- Up-to-date: /home/bmes-endoscope-25/temp_ws/install/mprls_imu_node/include/mprls_imu_node/mprls_imu_node/msg/rosidl_typesupport_fastrtps_c__visibility_control.h
[13.644s] -- Up-to-date: /home/bmes-endoscope-25/temp_ws/install/mprls_imu_node/include/mprls_imu_node/mprls_imu_node/msg/detail
[13.645s] -- Up-to-date: /home/bmes-endoscope-25/temp_ws/install/mprls_imu_node/include/mprls_imu_node/mprls_imu_node/msg/detail/mprls_pressures__rosidl_typesupport_fastrtps_c.h
[13.648s] -- Up-to-date: /home/bmes-endoscope-25/temp_ws/install/mprls_imu_node/lib/libmprls_imu_node__rosidl_typesupport_fastrtps_c.so
[13.649s] -- Up-to-date: /home/bmes-endoscope-25/temp_ws/install/mprls_imu_node/include/mprls_imu_node/mprls_imu_node
[13.650s] -- Up-to-date: /home/bmes-endoscope-25/temp_ws/install/mprls_imu_node/include/mprls_imu_node/mprls_imu_node/msg
[13.651s] -- Up-to-date: /home/bmes-endoscope-25/temp_ws/install/mprls_imu_node/include/mprls_imu_node/mprls_imu_node/msg/rosidl_generator_cpp__visibility_control.hpp
[13.652s] -- Up-to-date: /home/bmes-endoscope-25/temp_ws/install/mprls_imu_node/include/mprls_imu_node/mprls_imu_node/msg/detail
[13.652s] -- Up-to-date: /home/bmes-endoscope-25/temp_ws/install/mprls_imu_node/include/mprls_imu_node/mprls_imu_node/msg/detail/mprls_pressures__struct.hpp
[13.652s] -- Up-to-date: /home/bmes-endoscope-25/temp_ws/install/mprls_imu_node/include/mprls_imu_node/mprls_imu_node/msg/detail/mprls_pressures__type_support.hpp
[13.653s] -- Up-to-date: /home/bmes-endoscope-25/temp_ws/install/mprls_imu_node/include/mprls_imu_node/mprls_imu_node/msg/detail/mprls_pressures__builder.hpp
[13.654s] -- Up-to-date: /home/bmes-endoscope-25/temp_ws/install/mprls_imu_node/include/mprls_imu_node/mprls_imu_node/msg/detail/mprls_pressures__traits.hpp
[13.654s] -- Up-to-date: /home/bmes-endoscope-25/temp_ws/install/mprls_imu_node/include/mprls_imu_node/mprls_imu_node/msg/mprls_pressures.hpp
[13.655s] -- Up-to-date: /home/bmes-endoscope-25/temp_ws/install/mprls_imu_node/include/mprls_imu_node/mprls_imu_node
[13.655s] -- Up-to-date: /home/bmes-endoscope-25/temp_ws/install/mprls_imu_node/include/mprls_imu_node/mprls_imu_node/msg
[13.656s] -- Up-to-date: /home/bmes-endoscope-25/temp_ws/install/mprls_imu_node/include/mprls_imu_node/mprls_imu_node/msg/rosidl_typesupport_fastrtps_cpp__visibility_control.h
[13.656s] -- Up-to-date: /home/bmes-endoscope-25/temp_ws/install/mprls_imu_node/include/mprls_imu_node/mprls_imu_node/msg/detail
[13.656s] -- Up-to-date: /home/bmes-endoscope-25/temp_ws/install/mprls_imu_node/include/mprls_imu_node/mprls_imu_node/msg/detail/dds_fastrtps
[13.657s] -- Up-to-date: /home/bmes-endoscope-25/temp_ws/install/mprls_imu_node/include/mprls_imu_node/mprls_imu_node/msg/detail/mprls_pressures__rosidl_typesupport_fastrtps_cpp.hpp
[13.658s] -- Up-to-date: /home/bmes-endoscope-25/temp_ws/install/mprls_imu_node/lib/libmprls_imu_node__rosidl_typesupport_fastrtps_cpp.so
[13.660s] -- Up-to-date: /home/bmes-endoscope-25/temp_ws/install/mprls_imu_node/include/mprls_imu_node/mprls_imu_node
[13.660s] -- Up-to-date: /home/bmes-endoscope-25/temp_ws/install/mprls_imu_node/include/mprls_imu_node/mprls_imu_node/msg
[13.661s] -- Up-to-date: /home/bmes-endoscope-25/temp_ws/install/mprls_imu_node/include/mprls_imu_node/mprls_imu_node/msg/rosidl_typesupport_introspection_c__visibility_control.h
[13.661s] -- Up-to-date: /home/bmes-endoscope-25/temp_ws/install/mprls_imu_node/include/mprls_imu_node/mprls_imu_node/msg/detail
[13.662s] -- Installing: /home/bmes-endoscope-25/temp_ws/install/mprls_imu_node/include/mprls_imu_node/mprls_imu_node/msg/detail/mprls_pressures__type_support.c
[13.663s] -- Up-to-date: /home/bmes-endoscope-25/temp_ws/install/mprls_imu_node/include/mprls_imu_node/mprls_imu_node/msg/detail/mprls_pressures__rosidl_typesupport_introspection_c.h
[13.666s] -- Up-to-date: /home/bmes-endoscope-25/temp_ws/install/mprls_imu_node/lib/libmprls_imu_node__rosidl_typesupport_introspection_c.so
[13.670s] -- Up-to-date: /home/bmes-endoscope-25/temp_ws/install/mprls_imu_node/lib/libmprls_imu_node__rosidl_typesupport_c.so
[13.672s] -- Up-to-date: /home/bmes-endoscope-25/temp_ws/install/mprls_imu_node/include/mprls_imu_node/mprls_imu_node
[13.672s] -- Up-to-date: /home/bmes-endoscope-25/temp_ws/install/mprls_imu_node/include/mprls_imu_node/mprls_imu_node/msg
[13.673s] -- Up-to-date: /home/bmes-endoscope-25/temp_ws/install/mprls_imu_node/include/mprls_imu_node/mprls_imu_node/msg/detail
[13.673s] -- Up-to-date: /home/bmes-endoscope-25/temp_ws/install/mprls_imu_node/include/mprls_imu_node/mprls_imu_node/msg/detail/mprls_pressures__type_support.cpp
[13.674s] -- Up-to-date: /home/bmes-endoscope-25/temp_ws/install/mprls_imu_node/include/mprls_imu_node/mprls_imu_node/msg/detail/mprls_pressures__rosidl_typesupport_introspection_cpp.hpp
[13.677s] -- Up-to-date: /home/bmes-endoscope-25/temp_ws/install/mprls_imu_node/lib/libmprls_imu_node__rosidl_typesupport_introspection_cpp.so
[13.681s] -- Up-to-date: /home/bmes-endoscope-25/temp_ws/install/mprls_imu_node/lib/libmprls_imu_node__rosidl_typesupport_cpp.so
[13.682s] -- Up-to-date: /home/bmes-endoscope-25/temp_ws/install/mprls_imu_node/share/mprls_imu_node/environment/pythonpath.sh
[13.683s] -- Up-to-date: /home/bmes-endoscope-25/temp_ws/install/mprls_imu_node/share/mprls_imu_node/environment/pythonpath.dsv
[13.683s] -- Up-to-date: /home/bmes-endoscope-25/temp_ws/install/mprls_imu_node/lib/python3.12/site-packages/mprls_imu_node-0.0.0-py3.12.egg-info
[13.684s] -- Installing: /home/bmes-endoscope-25/temp_ws/install/mprls_imu_node/lib/python3.12/site-packages/mprls_imu_node-0.0.0-py3.12.egg-info/SOURCES.txt
[13.685s] -- Installing: /home/bmes-endoscope-25/temp_ws/install/mprls_imu_node/lib/python3.12/site-packages/mprls_imu_node-0.0.0-py3.12.egg-info/top_level.txt
[13.686s] -- Installing: /home/bmes-endoscope-25/temp_ws/install/mprls_imu_node/lib/python3.12/site-packages/mprls_imu_node-0.0.0-py3.12.egg-info/PKG-INFO
[13.687s] -- Installing: /home/bmes-endoscope-25/temp_ws/install/mprls_imu_node/lib/python3.12/site-packages/mprls_imu_node-0.0.0-py3.12.egg-info/dependency_links.txt
[13.689s] -- Up-to-date: /home/bmes-endoscope-25/temp_ws/install/mprls_imu_node/lib/python3.12/site-packages/mprls_imu_node
[13.690s] -- Installing: /home/bmes-endoscope-25/temp_ws/install/mprls_imu_node/lib/python3.12/site-packages/mprls_imu_node/__init__.py
[13.691s] -- Up-to-date: /home/bmes-endoscope-25/temp_ws/install/mprls_imu_node/lib/python3.12/site-packages/mprls_imu_node/msg
[13.692s] -- Up-to-date: /home/bmes-endoscope-25/temp_ws/install/mprls_imu_node/lib/python3.12/site-packages/mprls_imu_node/msg/__init__.py
[13.693s] -- Up-to-date: /home/bmes-endoscope-25/temp_ws/install/mprls_imu_node/lib/python3.12/site-packages/mprls_imu_node/msg/_mprls_pressures.py
[13.693s] -- Up-to-date: /home/bmes-endoscope-25/temp_ws/install/mprls_imu_node/lib/python3.12/site-packages/mprls_imu_node/msg/_mprls_pressures_s.c
[13.694s] -- Up-to-date: /home/bmes-endoscope-25/temp_ws/install/mprls_imu_node/lib/python3.12/site-packages/mprls_imu_node/_mprls_imu_node_s.ep.rosidl_typesupport_introspection_c.c
[13.694s] -- Up-to-date: /home/bmes-endoscope-25/temp_ws/install/mprls_imu_node/lib/python3.12/site-packages/mprls_imu_node/mprls_imu_node_s__rosidl_typesupport_fastrtps_c.so
[13.694s] -- Up-to-date: /home/bmes-endoscope-25/temp_ws/install/mprls_imu_node/lib/python3.12/site-packages/mprls_imu_node/mprls_imu_node_s__rosidl_typesupport_introspection_c.so
[13.695s] -- Up-to-date: /home/bmes-endoscope-25/temp_ws/install/mprls_imu_node/lib/python3.12/site-packages/mprls_imu_node/_mprls_imu_node_s.ep.rosidl_typesupport_fastrtps_c.c
[13.695s] -- Up-to-date: /home/bmes-endoscope-25/temp_ws/install/mprls_imu_node/lib/python3.12/site-packages/mprls_imu_node/_mprls_imu_node_s.ep.rosidl_typesupport_c.c
[13.696s] -- Up-to-date: /home/bmes-endoscope-25/temp_ws/install/mprls_imu_node/lib/python3.12/site-packages/mprls_imu_node/mprls_imu_node_s__rosidl_typesupport_c.so
[13.887s] Listing '/home/bmes-endoscope-25/temp_ws/install/mprls_imu_node/lib/python3.12/site-packages/mprls_imu_node'...
[13.888s] Compiling '/home/bmes-endoscope-25/temp_ws/install/mprls_imu_node/lib/python3.12/site-packages/mprls_imu_node/__init__.py'...
[13.889s] Listing '/home/bmes-endoscope-25/temp_ws/install/mprls_imu_node/lib/python3.12/site-packages/mprls_imu_node/msg'...
[13.922s] -- Up-to-date: /home/bmes-endoscope-25/temp_ws/install/mprls_imu_node/lib/python3.12/site-packages/mprls_imu_node/mprls_imu_node_s__rosidl_typesupport_fastrtps_c.so
[13.926s] -- Up-to-date: /home/bmes-endoscope-25/temp_ws/install/mprls_imu_node/lib/python3.12/site-packages/mprls_imu_node/mprls_imu_node_s__rosidl_typesupport_introspection_c.so
[13.935s] -- Up-to-date: /home/bmes-endoscope-25/temp_ws/install/mprls_imu_node/lib/python3.12/site-packages/mprls_imu_node/mprls_imu_node_s__rosidl_typesupport_c.so
[13.941s] -- Up-to-date: /home/bmes-endoscope-25/temp_ws/install/mprls_imu_node/lib/libmprls_imu_node__rosidl_generator_py.so
[13.943s] -- Up-to-date: /home/bmes-endoscope-25/temp_ws/install/mprls_imu_node/share/mprls_imu_node/msg/MPRLSPressures.idl
[13.944s] -- Up-to-date: /home/bmes-endoscope-25/temp_ws/install/mprls_imu_node/share/mprls_imu_node/msg/MPRLSPressures.msg
[13.948s] -- Installing: /home/bmes-endoscope-25/temp_ws/install/mprls_imu_node/lib/mprls_imu_node/libsensor_drivers.so
[13.951s] -- Set non-toolchain portion of runtime path of "/home/bmes-endoscope-25/temp_ws/install/mprls_imu_node/lib/mprls_imu_node/libsensor_drivers.so" to ""
[13.952s] -- Installing: /home/bmes-endoscope-25/temp_ws/install/mprls_imu_node/lib/mprls_imu_node/test_tca
[13.954s] -- Installing: /home/bmes-endoscope-25/temp_ws/install/mprls_imu_node/lib/mprls_imu_node/test_mprls_node
[13.964s] -- Up-to-date: /home/bmes-endoscope-25/temp_ws/install/mprls_imu_node/include
[13.965s] -- Up-to-date: /home/bmes-endoscope-25/temp_ws/install/mprls_imu_node/include/mprls_imu_node
[13.965s] -- Up-to-date: /home/bmes-endoscope-25/temp_ws/install/mprls_imu_node/include/mprls_imu_node/Adafruit_MPRLS.hpp
[13.966s] -- Up-to-date: /home/bmes-endoscope-25/temp_ws/install/mprls_imu_node/include/mprls_imu_node/TCA9548A.hpp
[13.966s] -- Up-to-date: /home/bmes-endoscope-25/temp_ws/install/mprls_imu_node/share/mprls_imu_node/msg
[13.967s] -- Up-to-date: /home/bmes-endoscope-25/temp_ws/install/mprls_imu_node/share/mprls_imu_node/msg/MPRLSPressures.msg
[13.967s] -- Up-to-date: /home/bmes-endoscope-25/temp_ws/install/mprls_imu_node/share/ament_index/resource_index/package_run_dependencies/mprls_imu_node
[13.968s] -- Up-to-date: /home/bmes-endoscope-25/temp_ws/install/mprls_imu_node/share/ament_index/resource_index/parent_prefix_path/mprls_imu_node
[13.969s] -- Up-to-date: /home/bmes-endoscope-25/temp_ws/install/mprls_imu_node/share/mprls_imu_node/environment/ament_prefix_path.sh
[13.970s] -- Up-to-date: /home/bmes-endoscope-25/temp_ws/install/mprls_imu_node/share/mprls_imu_node/environment/ament_prefix_path.dsv
[13.970s] -- Up-to-date: /home/bmes-endoscope-25/temp_ws/install/mprls_imu_node/share/mprls_imu_node/environment/path.sh
[13.970s] -- Up-to-date: /home/bmes-endoscope-25/temp_ws/install/mprls_imu_node/share/mprls_imu_node/environment/path.dsv
[13.971s] -- Up-to-date: /home/bmes-endoscope-25/temp_ws/install/mprls_imu_node/share/mprls_imu_node/local_setup.bash
[13.972s] -- Up-to-date: /home/bmes-endoscope-25/temp_ws/install/mprls_imu_node/share/mprls_imu_node/local_setup.sh
[13.972s] -- Up-to-date: /home/bmes-endoscope-25/temp_ws/install/mprls_imu_node/share/mprls_imu_node/local_setup.zsh
[13.972s] -- Up-to-date: /home/bmes-endoscope-25/temp_ws/install/mprls_imu_node/share/mprls_imu_node/local_setup.dsv
[13.973s] -- Installing: /home/bmes-endoscope-25/temp_ws/install/mprls_imu_node/share/mprls_imu_node/package.dsv
[13.974s] -- Up-to-date: /home/bmes-endoscope-25/temp_ws/install/mprls_imu_node/share/ament_index/resource_index/packages/mprls_imu_node
[13.976s] -- Up-to-date: /home/bmes-endoscope-25/temp_ws/install/mprls_imu_node/share/mprls_imu_node/cmake/export_mprls_imu_node__rosidl_generator_cExport.cmake
[13.977s] -- Up-to-date: /home/bmes-endoscope-25/temp_ws/install/mprls_imu_node/share/mprls_imu_node/cmake/export_mprls_imu_node__rosidl_generator_cExport-noconfig.cmake
[13.978s] -- Up-to-date: /home/bmes-endoscope-25/temp_ws/install/mprls_imu_node/share/mprls_imu_node/cmake/export_mprls_imu_node__rosidl_typesupport_fastrtps_cExport.cmake
[13.979s] -- Up-to-date: /home/bmes-endoscope-25/temp_ws/install/mprls_imu_node/share/mprls_imu_node/cmake/export_mprls_imu_node__rosidl_typesupport_fastrtps_cExport-noconfig.cmake
[13.981s] -- Up-to-date: /home/bmes-endoscope-25/temp_ws/install/mprls_imu_node/share/mprls_imu_node/cmake/export_mprls_imu_node__rosidl_generator_cppExport.cmake
[13.982s] -- Up-to-date: /home/bmes-endoscope-25/temp_ws/install/mprls_imu_node/share/mprls_imu_node/cmake/export_mprls_imu_node__rosidl_typesupport_fastrtps_cppExport.cmake
[13.983s] -- Up-to-date: /home/bmes-endoscope-25/temp_ws/install/mprls_imu_node/share/mprls_imu_node/cmake/export_mprls_imu_node__rosidl_typesupport_fastrtps_cppExport-noconfig.cmake
[13.984s] -- Up-to-date: /home/bmes-endoscope-25/temp_ws/install/mprls_imu_node/share/mprls_imu_node/cmake/mprls_imu_node__rosidl_typesupport_introspection_cExport.cmake
[13.985s] -- Up-to-date: /home/bmes-endoscope-25/temp_ws/install/mprls_imu_node/share/mprls_imu_node/cmake/mprls_imu_node__rosidl_typesupport_introspection_cExport-noconfig.cmake
[13.987s] -- Up-to-date: /home/bmes-endoscope-25/temp_ws/install/mprls_imu_node/share/mprls_imu_node/cmake/mprls_imu_node__rosidl_typesupport_cExport.cmake
[13.987s] -- Up-to-date: /home/bmes-endoscope-25/temp_ws/install/mprls_imu_node/share/mprls_imu_node/cmake/mprls_imu_node__rosidl_typesupport_cExport-noconfig.cmake
[13.989s] -- Up-to-date: /home/bmes-endoscope-25/temp_ws/install/mprls_imu_node/share/mprls_imu_node/cmake/mprls_imu_node__rosidl_typesupport_introspection_cppExport.cmake
[13.989s] -- Up-to-date: /home/bmes-endoscope-25/temp_ws/install/mprls_imu_node/share/mprls_imu_node/cmake/mprls_imu_node__rosidl_typesupport_introspection_cppExport-noconfig.cmake
[13.991s] -- Up-to-date: /home/bmes-endoscope-25/temp_ws/install/mprls_imu_node/share/mprls_imu_node/cmake/mprls_imu_node__rosidl_typesupport_cppExport.cmake
[13.991s] -- Up-to-date: /home/bmes-endoscope-25/temp_ws/install/mprls_imu_node/share/mprls_imu_node/cmake/mprls_imu_node__rosidl_typesupport_cppExport-noconfig.cmake
[13.993s] -- Up-to-date: /home/bmes-endoscope-25/temp_ws/install/mprls_imu_node/share/mprls_imu_node/cmake/export_mprls_imu_node__rosidl_generator_pyExport.cmake
[13.993s] -- Up-to-date: /home/bmes-endoscope-25/temp_ws/install/mprls_imu_node/share/mprls_imu_node/cmake/export_mprls_imu_node__rosidl_generator_pyExport-noconfig.cmake
[13.994s] -- Up-to-date: /home/bmes-endoscope-25/temp_ws/install/mprls_imu_node/share/mprls_imu_node/cmake/rosidl_cmake-extras.cmake
[13.995s] -- Up-to-date: /home/bmes-endoscope-25/temp_ws/install/mprls_imu_node/share/mprls_imu_node/cmake/ament_cmake_export_include_directories-extras.cmake
[13.995s] -- Up-to-date: /home/bmes-endoscope-25/temp_ws/install/mprls_imu_node/share/mprls_imu_node/cmake/ament_cmake_export_libraries-extras.cmake
[13.996s] -- Up-to-date: /home/bmes-endoscope-25/temp_ws/install/mprls_imu_node/share/mprls_imu_node/cmake/ament_cmake_export_targets-extras.cmake
[13.996s] -- Up-to-date: /home/bmes-endoscope-25/temp_ws/install/mprls_imu_node/share/mprls_imu_node/cmake/rosidl_cmake_export_typesupport_targets-extras.cmake
[13.997s] -- Up-to-date: /home/bmes-endoscope-25/temp_ws/install/mprls_imu_node/share/mprls_imu_node/cmake/ament_cmake_export_dependencies-extras.cmake
[13.997s] -- Up-to-date: /home/bmes-endoscope-25/temp_ws/install/mprls_imu_node/share/mprls_imu_node/cmake/rosidl_cmake_export_typesupport_libraries-extras.cmake
[13.998s] -- Up-to-date: /home/bmes-endoscope-25/temp_ws/install/mprls_imu_node/share/mprls_imu_node/cmake/mprls_imu_nodeConfig.cmake
[13.999s] -- Up-to-date: /home/bmes-endoscope-25/temp_ws/install/mprls_imu_node/share/mprls_imu_node/cmake/mprls_imu_nodeConfig-version.cmake
[13.999s] -- Up-to-date: /home/bmes-endoscope-25/temp_ws/install/mprls_imu_node/share/mprls_imu_node/package.xml
[14.008s] Invoked command in '/home/bmes-endoscope-25/temp_ws/build/mprls_imu_node' returned '0': CMAKE_PREFIX_PATH=${CMAKE_PREFIX_PATH}:/opt/ros/jazzy DEBUGINFOD_URLS=https://debuginfod.ubuntu.com /usr/bin/cmake --install /home/bmes-endoscope-25/temp_ws/build/mprls_imu_node
