[0.095s] Invoking command in '/home/bmes-endoscope-25/temp_ws/endoscope-control/build/mprls_imu_node': CMAKE_PREFIX_PATH=${CMAKE_PREFIX_PATH}:/opt/ros/jazzy DEBUGINFOD_URLS=https://debuginfod.ubuntu.com /usr/bin/cmake --build /home/bmes-endoscope-25/temp_ws/endoscope-control/build/mprls_imu_node -- -j4 -l4
[0.466s] [  2%] Built target mprls_imu_node__rosidl_generator_type_description
[0.502s] [  4%] [32mBuilding CXX object CMakeFiles/sensor_drivers.dir/src/Adafruit_MPRLS.cpp.o[0m
[0.534s] [  4%] Built target ament_cmake_python_copy_mprls_imu_node
[0.623s] [  7%] Built target mprls_imu_node__cpp
[0.665s] [ 19%] Built target mprls_imu_node__rosidl_generator_c
[0.870s] [ 26%] Built target mprls_imu_node__rosidl_typesupport_cpp
[0.890s] [ 34%] Built target mprls_imu_node__rosidl_typesupport_fastrtps_c
[1.196s] [ 41%] Built target mprls_imu_node__rosidl_typesupport_fastrtps_cpp
[1.212s] [ 48%] Built target mprls_imu_node__rosidl_typesupport_introspection_c
[1.390s] [ 56%] Built target mprls_imu_node__rosidl_typesupport_c
[1.471s] [ 63%] Built target mprls_imu_node__rosidl_typesupport_introspection_cpp
[1.641s] [ 63%] Built target mprls_imu_node
[1.821s] [ 65%] Built target mprls_imu_node__py
[2.025s] [ 70%] Built target mprls_imu_node__rosidl_generator_py
[2.242s] [ 75%] Built target mprls_imu_node_s__rosidl_typesupport_fastrtps_c
[2.358s] [ 80%] Built target mprls_imu_node_s__rosidl_typesupport_introspection_c
[2.458s] [ 85%] Built target mprls_imu_node_s__rosidl_typesupport_c
[2.804s] running egg_info
[3.003s] writing mprls_imu_node.egg-info/PKG-INFO
[3.005s] writing dependency_links to mprls_imu_node.egg-info/dependency_links.txt
[3.008s] writing top-level names to mprls_imu_node.egg-info/top_level.txt
[3.519s] reading manifest file 'mprls_imu_node.egg-info/SOURCES.txt'
[3.523s] writing manifest file 'mprls_imu_node.egg-info/SOURCES.txt'
[3.730s] [ 87%] [32m[1mLinking CXX shared library libsensor_drivers.so[0m
[3.751s] [ 87%] Built target ament_cmake_python_build_mprls_imu_node_egg
[4.275s] [ 90%] Built target sensor_drivers
[4.434s] [ 92%] [32m[1mLinking CXX executable test_tca[0m
[4.476s] [ 95%] [32mBuilding CXX object CMakeFiles/test_mprls_node.dir/src/test_mprls_publisher.cpp.o[0m
[4.992s] [ 97%] Built target test_tca
[28.389s] [100%] [32m[1mLinking CXX executable test_mprls_node[0m
[29.599s] [100%] Built target test_mprls_node
[29.680s] Invoked command in '/home/bmes-endoscope-25/temp_ws/endoscope-control/build/mprls_imu_node' returned '0': CMAKE_PREFIX_PATH=${CMAKE_PREFIX_PATH}:/opt/ros/jazzy DEBUGINFOD_URLS=https://debuginfod.ubuntu.com /usr/bin/cmake --build /home/bmes-endoscope-25/temp_ws/endoscope-control/build/mprls_imu_node -- -j4 -l4
[29.732s] Invoking command in '/home/bmes-endoscope-25/temp_ws/endoscope-control/build/mprls_imu_node': CMAKE_PREFIX_PATH=${CMAKE_PREFIX_PATH}:/opt/ros/jazzy DEBUGINFOD_URLS=https://debuginfod.ubuntu.com /usr/bin/cmake --install /home/bmes-endoscope-25/temp_ws/endoscope-control/build/mprls_imu_node
[29.793s] -- Install configuration: ""
[29.794s] -- Up-to-date: /home/bmes-endoscope-25/temp_ws/endoscope-control/install/mprls_imu_node/share/ament_index/resource_index/rosidl_interfaces/mprls_imu_node
[29.794s] -- Up-to-date: /home/bmes-endoscope-25/temp_ws/endoscope-control/install/mprls_imu_node/share/mprls_imu_node/msg/MPRLSPressures.json
[29.795s] -- Up-to-date: /home/bmes-endoscope-25/temp_ws/endoscope-control/install/mprls_imu_node/include/mprls_imu_node/mprls_imu_node
[29.796s] -- Up-to-date: /home/bmes-endoscope-25/temp_ws/endoscope-control/install/mprls_imu_node/include/mprls_imu_node/mprls_imu_node/msg
[29.796s] -- Up-to-date: /home/bmes-endoscope-25/temp_ws/endoscope-control/install/mprls_imu_node/include/mprls_imu_node/mprls_imu_node/msg/mprls_pressures.h
[29.797s] -- Up-to-date: /home/bmes-endoscope-25/temp_ws/endoscope-control/install/mprls_imu_node/include/mprls_imu_node/mprls_imu_node/msg/detail
[29.797s] -- Up-to-date: /home/bmes-endoscope-25/temp_ws/endoscope-control/install/mprls_imu_node/include/mprls_imu_node/mprls_imu_node/msg/detail/mprls_pressures__struct.h
[29.797s] -- Installing: /home/bmes-endoscope-25/temp_ws/endoscope-control/install/mprls_imu_node/include/mprls_imu_node/mprls_imu_node/msg/detail/mprls_pressures__type_support.c
[29.798s] -- Up-to-date: /home/bmes-endoscope-25/temp_ws/endoscope-control/install/mprls_imu_node/include/mprls_imu_node/mprls_imu_node/msg/detail/mprls_pressures__functions.c
[29.798s] -- Up-to-date: /home/bmes-endoscope-25/temp_ws/endoscope-control/install/mprls_imu_node/include/mprls_imu_node/mprls_imu_node/msg/detail/mprls_pressures__functions.h
[29.799s] -- Up-to-date: /home/bmes-endoscope-25/temp_ws/endoscope-control/install/mprls_imu_node/include/mprls_imu_node/mprls_imu_node/msg/detail/mprls_pressures__description.c
[29.799s] -- Up-to-date: /home/bmes-endoscope-25/temp_ws/endoscope-control/install/mprls_imu_node/include/mprls_imu_node/mprls_imu_node/msg/detail/mprls_pressures__type_support.h
[29.800s] -- Up-to-date: /home/bmes-endoscope-25/temp_ws/endoscope-control/install/mprls_imu_node/include/mprls_imu_node/mprls_imu_node/msg/rosidl_generator_c__visibility_control.h
[29.800s] -- Up-to-date: /home/bmes-endoscope-25/temp_ws/endoscope-control/install/mprls_imu_node/share/mprls_imu_node/environment/library_path.sh
[29.801s] -- Up-to-date: /home/bmes-endoscope-25/temp_ws/endoscope-control/install/mprls_imu_node/share/mprls_imu_node/environment/library_path.dsv
[29.802s] -- Up-to-date: /home/bmes-endoscope-25/temp_ws/endoscope-control/install/mprls_imu_node/lib/libmprls_imu_node__rosidl_generator_c.so
[29.803s] -- Up-to-date: /home/bmes-endoscope-25/temp_ws/endoscope-control/install/mprls_imu_node/include/mprls_imu_node/mprls_imu_node
[29.803s] -- Up-to-date: /home/bmes-endoscope-25/temp_ws/endoscope-control/install/mprls_imu_node/include/mprls_imu_node/mprls_imu_node/msg
[29.804s] -- Up-to-date: /home/bmes-endoscope-25/temp_ws/endoscope-control/install/mprls_imu_node/include/mprls_imu_node/mprls_imu_node/msg/rosidl_typesupport_fastrtps_c__visibility_control.h
[29.804s] -- Up-to-date: /home/bmes-endoscope-25/temp_ws/endoscope-control/install/mprls_imu_node/include/mprls_imu_node/mprls_imu_node/msg/detail
[29.805s] -- Up-to-date: /home/bmes-endoscope-25/temp_ws/endoscope-control/install/mprls_imu_node/include/mprls_imu_node/mprls_imu_node/msg/detail/mprls_pressures__rosidl_typesupport_fastrtps_c.h
[29.806s] -- Up-to-date: /home/bmes-endoscope-25/temp_ws/endoscope-control/install/mprls_imu_node/lib/libmprls_imu_node__rosidl_typesupport_fastrtps_c.so
[29.807s] -- Up-to-date: /home/bmes-endoscope-25/temp_ws/endoscope-control/install/mprls_imu_node/include/mprls_imu_node/mprls_imu_node
[29.807s] -- Up-to-date: /home/bmes-endoscope-25/temp_ws/endoscope-control/install/mprls_imu_node/include/mprls_imu_node/mprls_imu_node/msg
[29.808s] -- Up-to-date: /home/bmes-endoscope-25/temp_ws/endoscope-control/install/mprls_imu_node/include/mprls_imu_node/mprls_imu_node/msg/rosidl_generator_cpp__visibility_control.hpp
[29.808s] -- Up-to-date: /home/bmes-endoscope-25/temp_ws/endoscope-control/install/mprls_imu_node/include/mprls_imu_node/mprls_imu_node/msg/detail
[29.809s] -- Up-to-date: /home/bmes-endoscope-25/temp_ws/endoscope-control/install/mprls_imu_node/include/mprls_imu_node/mprls_imu_node/msg/detail/mprls_pressures__struct.hpp
[29.809s] -- Up-to-date: /home/bmes-endoscope-25/temp_ws/endoscope-control/install/mprls_imu_node/include/mprls_imu_node/mprls_imu_node/msg/detail/mprls_pressures__type_support.hpp
[29.809s] -- Up-to-date: /home/bmes-endoscope-25/temp_ws/endoscope-control/install/mprls_imu_node/include/mprls_imu_node/mprls_imu_node/msg/detail/mprls_pressures__builder.hpp
[29.810s] -- Up-to-date: /home/bmes-endoscope-25/temp_ws/endoscope-control/install/mprls_imu_node/include/mprls_imu_node/mprls_imu_node/msg/detail/mprls_pressures__traits.hpp
[29.810s] -- Up-to-date: /home/bmes-endoscope-25/temp_ws/endoscope-control/install/mprls_imu_node/include/mprls_imu_node/mprls_imu_node/msg/mprls_pressures.hpp
[29.811s] -- Up-to-date: /home/bmes-endoscope-25/temp_ws/endoscope-control/install/mprls_imu_node/include/mprls_imu_node/mprls_imu_node
[29.811s] -- Up-to-date: /home/bmes-endoscope-25/temp_ws/endoscope-control/install/mprls_imu_node/include/mprls_imu_node/mprls_imu_node/msg
[29.812s] -- Up-to-date: /home/bmes-endoscope-25/temp_ws/endoscope-control/install/mprls_imu_node/include/mprls_imu_node/mprls_imu_node/msg/rosidl_typesupport_fastrtps_cpp__visibility_control.h
[29.812s] -- Up-to-date: /home/bmes-endoscope-25/temp_ws/endoscope-control/install/mprls_imu_node/include/mprls_imu_node/mprls_imu_node/msg/detail
[29.812s] -- Up-to-date: /home/bmes-endoscope-25/temp_ws/endoscope-control/install/mprls_imu_node/include/mprls_imu_node/mprls_imu_node/msg/detail/dds_fastrtps
[29.813s] -- Up-to-date: /home/bmes-endoscope-25/temp_ws/endoscope-control/install/mprls_imu_node/include/mprls_imu_node/mprls_imu_node/msg/detail/mprls_pressures__rosidl_typesupport_fastrtps_cpp.hpp
[29.813s] -- Up-to-date: /home/bmes-endoscope-25/temp_ws/endoscope-control/install/mprls_imu_node/lib/libmprls_imu_node__rosidl_typesupport_fastrtps_cpp.so
[29.814s] -- Up-to-date: /home/bmes-endoscope-25/temp_ws/endoscope-control/install/mprls_imu_node/include/mprls_imu_node/mprls_imu_node
[29.815s] -- Up-to-date: /home/bmes-endoscope-25/temp_ws/endoscope-control/install/mprls_imu_node/include/mprls_imu_node/mprls_imu_node/msg
[29.815s] -- Up-to-date: /home/bmes-endoscope-25/temp_ws/endoscope-control/install/mprls_imu_node/include/mprls_imu_node/mprls_imu_node/msg/rosidl_typesupport_introspection_c__visibility_control.h
[29.816s] -- Up-to-date: /home/bmes-endoscope-25/temp_ws/endoscope-control/install/mprls_imu_node/include/mprls_imu_node/mprls_imu_node/msg/detail
[29.816s] -- Installing: /home/bmes-endoscope-25/temp_ws/endoscope-control/install/mprls_imu_node/include/mprls_imu_node/mprls_imu_node/msg/detail/mprls_pressures__type_support.c
[29.817s] -- Up-to-date: /home/bmes-endoscope-25/temp_ws/endoscope-control/install/mprls_imu_node/include/mprls_imu_node/mprls_imu_node/msg/detail/mprls_pressures__rosidl_typesupport_introspection_c.h
[29.818s] -- Up-to-date: /home/bmes-endoscope-25/temp_ws/endoscope-control/install/mprls_imu_node/lib/libmprls_imu_node__rosidl_typesupport_introspection_c.so
[29.820s] -- Up-to-date: /home/bmes-endoscope-25/temp_ws/endoscope-control/install/mprls_imu_node/lib/libmprls_imu_node__rosidl_typesupport_c.so
[29.821s] -- Up-to-date: /home/bmes-endoscope-25/temp_ws/endoscope-control/install/mprls_imu_node/include/mprls_imu_node/mprls_imu_node
[29.822s] -- Up-to-date: /home/bmes-endoscope-25/temp_ws/endoscope-control/install/mprls_imu_node/include/mprls_imu_node/mprls_imu_node/msg
[29.822s] -- Up-to-date: /home/bmes-endoscope-25/temp_ws/endoscope-control/install/mprls_imu_node/include/mprls_imu_node/mprls_imu_node/msg/detail
[29.823s] -- Up-to-date: /home/bmes-endoscope-25/temp_ws/endoscope-control/install/mprls_imu_node/include/mprls_imu_node/mprls_imu_node/msg/detail/mprls_pressures__type_support.cpp
[29.823s] -- Up-to-date: /home/bmes-endoscope-25/temp_ws/endoscope-control/install/mprls_imu_node/include/mprls_imu_node/mprls_imu_node/msg/detail/mprls_pressures__rosidl_typesupport_introspection_cpp.hpp
[29.824s] -- Up-to-date: /home/bmes-endoscope-25/temp_ws/endoscope-control/install/mprls_imu_node/lib/libmprls_imu_node__rosidl_typesupport_introspection_cpp.so
[29.826s] -- Up-to-date: /home/bmes-endoscope-25/temp_ws/endoscope-control/install/mprls_imu_node/lib/libmprls_imu_node__rosidl_typesupport_cpp.so
[29.827s] -- Up-to-date: /home/bmes-endoscope-25/temp_ws/endoscope-control/install/mprls_imu_node/share/mprls_imu_node/environment/pythonpath.sh
[29.827s] -- Up-to-date: /home/bmes-endoscope-25/temp_ws/endoscope-control/install/mprls_imu_node/share/mprls_imu_node/environment/pythonpath.dsv
[29.828s] -- Up-to-date: /home/bmes-endoscope-25/temp_ws/endoscope-control/install/mprls_imu_node/lib/python3.12/site-packages/mprls_imu_node-0.0.0-py3.12.egg-info
[29.828s] -- Installing: /home/bmes-endoscope-25/temp_ws/endoscope-control/install/mprls_imu_node/lib/python3.12/site-packages/mprls_imu_node-0.0.0-py3.12.egg-info/SOURCES.txt
[29.829s] -- Installing: /home/bmes-endoscope-25/temp_ws/endoscope-control/install/mprls_imu_node/lib/python3.12/site-packages/mprls_imu_node-0.0.0-py3.12.egg-info/top_level.txt
[29.831s] -- Installing: /home/bmes-endoscope-25/temp_ws/endoscope-control/install/mprls_imu_node/lib/python3.12/site-packages/mprls_imu_node-0.0.0-py3.12.egg-info/PKG-INFO
[29.832s] -- Installing: /home/bmes-endoscope-25/temp_ws/endoscope-control/install/mprls_imu_node/lib/python3.12/site-packages/mprls_imu_node-0.0.0-py3.12.egg-info/dependency_links.txt
[29.833s] -- Up-to-date: /home/bmes-endoscope-25/temp_ws/endoscope-control/install/mprls_imu_node/lib/python3.12/site-packages/mprls_imu_node
[29.834s] -- Up-to-date: /home/bmes-endoscope-25/temp_ws/endoscope-control/install/mprls_imu_node/lib/python3.12/site-packages/mprls_imu_node/__init__.py
[29.834s] -- Up-to-date: /home/bmes-endoscope-25/temp_ws/endoscope-control/install/mprls_imu_node/lib/python3.12/site-packages/mprls_imu_node/msg
[29.835s] -- Up-to-date: /home/bmes-endoscope-25/temp_ws/endoscope-control/install/mprls_imu_node/lib/python3.12/site-packages/mprls_imu_node/msg/__init__.py
[29.835s] -- Up-to-date: /home/bmes-endoscope-25/temp_ws/endoscope-control/install/mprls_imu_node/lib/python3.12/site-packages/mprls_imu_node/msg/_mprls_pressures.py
[29.835s] -- Up-to-date: /home/bmes-endoscope-25/temp_ws/endoscope-control/install/mprls_imu_node/lib/python3.12/site-packages/mprls_imu_node/msg/_mprls_pressures_s.c
[29.836s] -- Up-to-date: /home/bmes-endoscope-25/temp_ws/endoscope-control/install/mprls_imu_node/lib/python3.12/site-packages/mprls_imu_node/_mprls_imu_node_s.ep.rosidl_typesupport_introspection_c.c
[29.836s] -- Up-to-date: /home/bmes-endoscope-25/temp_ws/endoscope-control/install/mprls_imu_node/lib/python3.12/site-packages/mprls_imu_node/mprls_imu_node_s__rosidl_typesupport_fastrtps_c.so
[29.837s] -- Up-to-date: /home/bmes-endoscope-25/temp_ws/endoscope-control/install/mprls_imu_node/lib/python3.12/site-packages/mprls_imu_node/mprls_imu_node_s__rosidl_typesupport_introspection_c.so
[29.837s] -- Up-to-date: /home/bmes-endoscope-25/temp_ws/endoscope-control/install/mprls_imu_node/lib/python3.12/site-packages/mprls_imu_node/_mprls_imu_node_s.ep.rosidl_typesupport_fastrtps_c.c
[29.838s] -- Up-to-date: /home/bmes-endoscope-25/temp_ws/endoscope-control/install/mprls_imu_node/lib/python3.12/site-packages/mprls_imu_node/_mprls_imu_node_s.ep.rosidl_typesupport_c.c
[29.838s] -- Up-to-date: /home/bmes-endoscope-25/temp_ws/endoscope-control/install/mprls_imu_node/lib/python3.12/site-packages/mprls_imu_node/mprls_imu_node_s__rosidl_typesupport_c.so
[30.058s] Listing '/home/bmes-endoscope-25/temp_ws/endoscope-control/install/mprls_imu_node/lib/python3.12/site-packages/mprls_imu_node'...
[30.061s] Listing '/home/bmes-endoscope-25/temp_ws/endoscope-control/install/mprls_imu_node/lib/python3.12/site-packages/mprls_imu_node/msg'...
[30.115s] -- Up-to-date: /home/bmes-endoscope-25/temp_ws/endoscope-control/install/mprls_imu_node/lib/python3.12/site-packages/mprls_imu_node/mprls_imu_node_s__rosidl_typesupport_fastrtps_c.so
[30.117s] -- Up-to-date: /home/bmes-endoscope-25/temp_ws/endoscope-control/install/mprls_imu_node/lib/python3.12/site-packages/mprls_imu_node/mprls_imu_node_s__rosidl_typesupport_introspection_c.so
[30.119s] -- Up-to-date: /home/bmes-endoscope-25/temp_ws/endoscope-control/install/mprls_imu_node/lib/python3.12/site-packages/mprls_imu_node/mprls_imu_node_s__rosidl_typesupport_c.so
[30.122s] -- Up-to-date: /home/bmes-endoscope-25/temp_ws/endoscope-control/install/mprls_imu_node/lib/libmprls_imu_node__rosidl_generator_py.so
[30.123s] -- Up-to-date: /home/bmes-endoscope-25/temp_ws/endoscope-control/install/mprls_imu_node/share/mprls_imu_node/msg/MPRLSPressures.idl
[30.124s] -- Up-to-date: /home/bmes-endoscope-25/temp_ws/endoscope-control/install/mprls_imu_node/share/mprls_imu_node/msg/MPRLSPressures.msg
[30.125s] -- Installing: /home/bmes-endoscope-25/temp_ws/endoscope-control/install/mprls_imu_node/lib/mprls_imu_node/libsensor_drivers.so
[30.129s] -- Set non-toolchain portion of runtime path of "/home/bmes-endoscope-25/temp_ws/endoscope-control/install/mprls_imu_node/lib/mprls_imu_node/libsensor_drivers.so" to ""
[30.130s] -- Installing: /home/bmes-endoscope-25/temp_ws/endoscope-control/install/mprls_imu_node/lib/mprls_imu_node/test_tca
[30.132s] -- Installing: /home/bmes-endoscope-25/temp_ws/endoscope-control/install/mprls_imu_node/lib/mprls_imu_node/test_mprls_node
[30.142s] -- Up-to-date: /home/bmes-endoscope-25/temp_ws/endoscope-control/install/mprls_imu_node/include
[30.142s] -- Up-to-date: /home/bmes-endoscope-25/temp_ws/endoscope-control/install/mprls_imu_node/include/mprls_imu_node
[30.143s] -- Installing: /home/bmes-endoscope-25/temp_ws/endoscope-control/install/mprls_imu_node/include/mprls_imu_node/Adafruit_MPRLS.hpp
[30.143s] -- Up-to-date: /home/bmes-endoscope-25/temp_ws/endoscope-control/install/mprls_imu_node/include/mprls_imu_node/TCA9548A.hpp
[30.145s] -- Up-to-date: /home/bmes-endoscope-25/temp_ws/endoscope-control/install/mprls_imu_node/share/mprls_imu_node/msg
[30.145s] -- Up-to-date: /home/bmes-endoscope-25/temp_ws/endoscope-control/install/mprls_imu_node/share/mprls_imu_node/msg/MPRLSPressures.msg
[30.146s] -- Up-to-date: /home/bmes-endoscope-25/temp_ws/endoscope-control/install/mprls_imu_node/share/ament_index/resource_index/package_run_dependencies/mprls_imu_node
[30.147s] -- Up-to-date: /home/bmes-endoscope-25/temp_ws/endoscope-control/install/mprls_imu_node/share/ament_index/resource_index/parent_prefix_path/mprls_imu_node
[30.147s] -- Up-to-date: /home/bmes-endoscope-25/temp_ws/endoscope-control/install/mprls_imu_node/share/mprls_imu_node/environment/ament_prefix_path.sh
[30.148s] -- Up-to-date: /home/bmes-endoscope-25/temp_ws/endoscope-control/install/mprls_imu_node/share/mprls_imu_node/environment/ament_prefix_path.dsv
[30.149s] -- Up-to-date: /home/bmes-endoscope-25/temp_ws/endoscope-control/install/mprls_imu_node/share/mprls_imu_node/environment/path.sh
[30.149s] -- Up-to-date: /home/bmes-endoscope-25/temp_ws/endoscope-control/install/mprls_imu_node/share/mprls_imu_node/environment/path.dsv
[30.150s] -- Up-to-date: /home/bmes-endoscope-25/temp_ws/endoscope-control/install/mprls_imu_node/share/mprls_imu_node/local_setup.bash
[30.150s] -- Up-to-date: /home/bmes-endoscope-25/temp_ws/endoscope-control/install/mprls_imu_node/share/mprls_imu_node/local_setup.sh
[30.151s] -- Up-to-date: /home/bmes-endoscope-25/temp_ws/endoscope-control/install/mprls_imu_node/share/mprls_imu_node/local_setup.zsh
[30.151s] -- Up-to-date: /home/bmes-endoscope-25/temp_ws/endoscope-control/install/mprls_imu_node/share/mprls_imu_node/local_setup.dsv
[30.152s] -- Installing: /home/bmes-endoscope-25/temp_ws/endoscope-control/install/mprls_imu_node/share/mprls_imu_node/package.dsv
[30.152s] -- Up-to-date: /home/bmes-endoscope-25/temp_ws/endoscope-control/install/mprls_imu_node/share/ament_index/resource_index/packages/mprls_imu_node
[30.153s] -- Up-to-date: /home/bmes-endoscope-25/temp_ws/endoscope-control/install/mprls_imu_node/share/mprls_imu_node/cmake/export_mprls_imu_node__rosidl_generator_cExport.cmake
[30.154s] -- Up-to-date: /home/bmes-endoscope-25/temp_ws/endoscope-control/install/mprls_imu_node/share/mprls_imu_node/cmake/export_mprls_imu_node__rosidl_generator_cExport-noconfig.cmake
[30.155s] -- Up-to-date: /home/bmes-endoscope-25/temp_ws/endoscope-control/install/mprls_imu_node/share/mprls_imu_node/cmake/export_mprls_imu_node__rosidl_typesupport_fastrtps_cExport.cmake
[30.156s] -- Up-to-date: /home/bmes-endoscope-25/temp_ws/endoscope-control/install/mprls_imu_node/share/mprls_imu_node/cmake/export_mprls_imu_node__rosidl_typesupport_fastrtps_cExport-noconfig.cmake
[30.157s] -- Up-to-date: /home/bmes-endoscope-25/temp_ws/endoscope-control/install/mprls_imu_node/share/mprls_imu_node/cmake/export_mprls_imu_node__rosidl_generator_cppExport.cmake
[30.158s] -- Up-to-date: /home/bmes-endoscope-25/temp_ws/endoscope-control/install/mprls_imu_node/share/mprls_imu_node/cmake/export_mprls_imu_node__rosidl_typesupport_fastrtps_cppExport.cmake
[30.158s] -- Up-to-date: /home/bmes-endoscope-25/temp_ws/endoscope-control/install/mprls_imu_node/share/mprls_imu_node/cmake/export_mprls_imu_node__rosidl_typesupport_fastrtps_cppExport-noconfig.cmake
[30.160s] -- Up-to-date: /home/bmes-endoscope-25/temp_ws/endoscope-control/install/mprls_imu_node/share/mprls_imu_node/cmake/mprls_imu_node__rosidl_typesupport_introspection_cExport.cmake
[30.160s] -- Up-to-date: /home/bmes-endoscope-25/temp_ws/endoscope-control/install/mprls_imu_node/share/mprls_imu_node/cmake/mprls_imu_node__rosidl_typesupport_introspection_cExport-noconfig.cmake
[30.162s] -- Up-to-date: /home/bmes-endoscope-25/temp_ws/endoscope-control/install/mprls_imu_node/share/mprls_imu_node/cmake/mprls_imu_node__rosidl_typesupport_cExport.cmake
[30.162s] -- Up-to-date: /home/bmes-endoscope-25/temp_ws/endoscope-control/install/mprls_imu_node/share/mprls_imu_node/cmake/mprls_imu_node__rosidl_typesupport_cExport-noconfig.cmake
[30.166s] -- Up-to-date: /home/bmes-endoscope-25/temp_ws/endoscope-control/install/mprls_imu_node/share/mprls_imu_node/cmake/mprls_imu_node__rosidl_typesupport_introspection_cppExport.cmake
[30.170s] -- Up-to-date: /home/bmes-endoscope-25/temp_ws/endoscope-control/install/mprls_imu_node/share/mprls_imu_node/cmake/mprls_imu_node__rosidl_typesupport_introspection_cppExport-noconfig.cmake
[30.173s] -- Up-to-date: /home/bmes-endoscope-25/temp_ws/endoscope-control/install/mprls_imu_node/share/mprls_imu_node/cmake/mprls_imu_node__rosidl_typesupport_cppExport.cmake
[30.175s] -- Up-to-date: /home/bmes-endoscope-25/temp_ws/endoscope-control/install/mprls_imu_node/share/mprls_imu_node/cmake/mprls_imu_node__rosidl_typesupport_cppExport-noconfig.cmake
[30.178s] -- Up-to-date: /home/bmes-endoscope-25/temp_ws/endoscope-control/install/mprls_imu_node/share/mprls_imu_node/cmake/export_mprls_imu_node__rosidl_generator_pyExport.cmake
[30.181s] -- Up-to-date: /home/bmes-endoscope-25/temp_ws/endoscope-control/install/mprls_imu_node/share/mprls_imu_node/cmake/export_mprls_imu_node__rosidl_generator_pyExport-noconfig.cmake
[30.185s] -- Up-to-date: /home/bmes-endoscope-25/temp_ws/endoscope-control/install/mprls_imu_node/share/mprls_imu_node/cmake/rosidl_cmake-extras.cmake
[30.186s] -- Up-to-date: /home/bmes-endoscope-25/temp_ws/endoscope-control/install/mprls_imu_node/share/mprls_imu_node/cmake/ament_cmake_export_include_directories-extras.cmake
[30.188s] -- Up-to-date: /home/bmes-endoscope-25/temp_ws/endoscope-control/install/mprls_imu_node/share/mprls_imu_node/cmake/ament_cmake_export_libraries-extras.cmake
[30.189s] -- Up-to-date: /home/bmes-endoscope-25/temp_ws/endoscope-control/install/mprls_imu_node/share/mprls_imu_node/cmake/ament_cmake_export_targets-extras.cmake
[30.191s] -- Up-to-date: /home/bmes-endoscope-25/temp_ws/endoscope-control/install/mprls_imu_node/share/mprls_imu_node/cmake/rosidl_cmake_export_typesupport_targets-extras.cmake
[30.192s] -- Up-to-date: /home/bmes-endoscope-25/temp_ws/endoscope-control/install/mprls_imu_node/share/mprls_imu_node/cmake/ament_cmake_export_dependencies-extras.cmake
[30.193s] -- Up-to-date: /home/bmes-endoscope-25/temp_ws/endoscope-control/install/mprls_imu_node/share/mprls_imu_node/cmake/rosidl_cmake_export_typesupport_libraries-extras.cmake
[30.193s] -- Up-to-date: /home/bmes-endoscope-25/temp_ws/endoscope-control/install/mprls_imu_node/share/mprls_imu_node/cmake/mprls_imu_nodeConfig.cmake
[30.194s] -- Up-to-date: /home/bmes-endoscope-25/temp_ws/endoscope-control/install/mprls_imu_node/share/mprls_imu_node/cmake/mprls_imu_nodeConfig-version.cmake
[30.194s] -- Up-to-date: /home/bmes-endoscope-25/temp_ws/endoscope-control/install/mprls_imu_node/share/mprls_imu_node/package.xml
[30.198s] Invoked command in '/home/bmes-endoscope-25/temp_ws/endoscope-control/build/mprls_imu_node' returned '0': CMAKE_PREFIX_PATH=${CMAKE_PREFIX_PATH}:/opt/ros/jazzy DEBUGINFOD_URLS=https://debuginfod.ubuntu.com /usr/bin/cmake --install /home/bmes-endoscope-25/temp_ws/endoscope-control/build/mprls_imu_node
